****************************************
Report : timing
	-path_type full
	-delay_type max
	-slack_lesser_than 0.00
	-max_paths 20
	-sort_by slack
Design : FIFO
Version: L-2016.06-SP3-1
Date   : Wed Feb  1 13:03:02 2023
****************************************

No paths with slack less than 0.00.

1
****************************************
Report : timing
	-path_type full
	-delay_type max
	-slack_lesser_than 0.00
	-max_paths 20
	-sort_by slack
Design : FIFO
Version: L-2016.06-SP3-1
Date   : Wed Feb  1 13:03:02 2023
****************************************

No paths with slack less than 0.00.

1
****************************************
Report : timing
	-path_type full
	-delay_type max
	-slack_lesser_than 0.00
	-max_paths 20
	-sort_by slack
Design : FIFO
Version: L-2016.06-SP3-1
Date   : Wed Feb  1 13:03:02 2023
****************************************

No paths with slack less than 0.00.

1
****************************************
Report : timing
	-path_type full
	-delay_type max
	-slack_lesser_than 0.00
	-max_paths 20
	-sort_by slack
Design : FIFO
Version: L-2016.06-SP3-1
Date   : Wed Feb  1 13:03:02 2023
****************************************

No paths with slack less than 0.00.

1
****************************************
Report : timing
	-path_type full
	-delay_type max
	-max_paths 1
	-sort_by slack
Design : FIFO
Version: L-2016.06-SP3-1
Date   : Wed Feb  1 13:03:02 2023
****************************************


  Startpoint: F_EmptyN_reg
               (rising edge-triggered flip-flop clocked by ideal_clock1)
  Endpoint: fcounter_reg[31]
               (rising edge-triggered flip-flop clocked by ideal_clock1)
  Path Group: ideal_clock1
  Path Type: max

  Point                                    Incr       Path
  ---------------------------------------------------------------
  clock ideal_clock1 (rise edge)           0.00       0.00
  clock network delay (ideal)              0.00       0.00
  F_EmptyN_reg/CLK (DFFARX1_RVT)           0.00       0.00 r
  F_EmptyN_reg/Q (DFFARX1_RVT)             0.16       0.16 f
  U264/Y (NAND2X0_RVT)                     0.25       0.41 r
  U175/Y (NAND3X0_RVT)                     0.13       0.54 f
  U153/Y (INVX1_RVT)                       0.27       0.82 r
  U206/Y (AO222X1_RVT)                     4.27       5.09 r
  fcounter_reg[31]/D (DFFARX1_RVT)         0.01       5.11 r
  data arrival time                                   5.11

  clock ideal_clock1 (rise edge)          15.20      15.20
  clock network delay (ideal)              0.00      15.20
  clock reconvergence pessimism            0.00      15.20
  clock uncertainty                       -0.10      15.10
  fcounter_reg[31]/CLK (DFFARX1_RVT)                 15.10 r
  library setup time                      -0.07      15.03
  data required time                                 15.03
  ---------------------------------------------------------------
  data required time                                 15.03
  data arrival time                                  -5.11
  ---------------------------------------------------------------
  slack (MET)                                         9.93


1
****************************************
Report : timing
	-path_type full
	-delay_type min
	-max_paths 1
	-sort_by slack
Design : FIFO
Version: L-2016.06-SP3-1
Date   : Wed Feb  1 13:03:02 2023
****************************************


  Startpoint: rd_ptr_reg[25]
               (rising edge-triggered flip-flop clocked by ideal_clock1)
  Endpoint: rd_ptr_reg[25]
               (rising edge-triggered flip-flop clocked by ideal_clock1)
  Path Group: ideal_clock1
  Path Type: min

  Point                                    Incr       Path
  ---------------------------------------------------------------
  clock ideal_clock1 (rise edge)           0.00       0.00
  clock network delay (ideal)              0.00       0.00
  rd_ptr_reg[25]/CLK (DFFARX1_RVT)         0.00       0.00 r
  rd_ptr_reg[25]/Q (DFFARX1_RVT)           0.15       0.15 f
  U241/Y (AO22X1_RVT)                      0.07       0.23 f
  rd_ptr_reg[25]/D (DFFARX1_RVT)           0.01       0.24 f
  data arrival time                                   0.24

  clock ideal_clock1 (rise edge)           0.00       0.00
  clock network delay (ideal)              0.00       0.00
  clock reconvergence pessimism            0.00       0.00
  clock uncertainty                        0.10       0.10
  rd_ptr_reg[25]/CLK (DFFARX1_RVT)                    0.10 r
  library hold time                       -0.01       0.09
  data required time                                  0.09
  ---------------------------------------------------------------
  data required time                                  0.09
  data arrival time                                  -0.24
  ---------------------------------------------------------------
  slack (MET)                                         0.15


1
