****************************************
Report : timing
	-path_type full
	-delay_type max
	-max_paths 1
	-sort_by slack
Design : FIFO
Version: L-2016.06-SP3-1
Date   : Wed Feb  1 13:03:02 2023
****************************************


  Startpoint: RstN (input port clocked by ideal_clock1)
  Endpoint: F_FirstN_reg
               (recovery check against rising-edge clock ideal_clock1)
  Path Group: **async_default**
  Path Type: max

  Point                                    Incr       Path
  ---------------------------------------------------------------
  clock ideal_clock1 (rise edge)           0.00       0.00
  clock network delay (ideal)              0.00       0.00
  input external delay                     0.10       0.10 r
  RstN (in)                                0.00       0.10 r
  U303/Y (INVX1_RVT)                       5.20       5.30 f
  U174/Y (INVX1_RVT)                       1.41       6.71 r
  F_FirstN_reg/SETB (DFFASX1_RVT)          8.33      15.05 r
  data arrival time                                  15.05

  clock ideal_clock1 (rise edge)          15.20      15.20
  clock network delay (ideal)              0.00      15.20
  clock reconvergence pessimism            0.00      15.20
  clock uncertainty                       -0.10      15.10
  F_FirstN_reg/CLK (DFFASX1_RVT)                     15.10 r
  library recovery time                   -0.00      15.10
  data required time                                 15.10
  ---------------------------------------------------------------
  data required time                                 15.10
  data arrival time                                 -15.05
  ---------------------------------------------------------------
  slack (MET)                                         0.05


1
