 
****************************************
  Report : Chip Summary
  Design : FIFO
  Version: Q-2019.12
  Date   : Wed Mar  8 10:30:04 2023
****************************************
Std cell utilization: 59.21%  (11821/(19965-0))
(Non-fixed + Fixed)
Std cell utilization: 59.21%  (11821/(19965-0))
(Non-fixed only)
Chip area:            19965    sites, bbox (10.00 10.00 101.96 65.18) um
Std cell area:        11821    sites, (non-fixed:11821  fixed:0)
                      779      cells, (non-fixed:779    fixed:0)
Macro cell area:      0        sites
                      0        cells
Placement blockages:  0        sites, (excluding fixed std cells)
                      0        sites, (include fixed std cells & chimney area)
                      0        sites, (complete p/g net blockages)
Routing blockages:    0        sites, (partial p/g net blockages)
                      0        sites, (routing blockages and signal pre-route)
Lib cell count:       29 
Avg. std cell width:  1.82 um 
Site array:           unit     (width: 0.152 um, height: 1.672 um, rows: 33)
Physical DB scale:    1000 db_unit = 1 um 

 
****************************************
  Report : pnet options
  Design : FIFO
  Version: Q-2019.12
  Date   : Wed Mar  8 10:30:04 2023
****************************************


--------------------------------------------------------------------
Layer      Blockage   Min_width   Min_height   Via_additive     Density
--------------------------------------------------------------------
M1         none          ---         ---       via additive      ---
M2         none          ---         ---       via additive      ---
M3         none          ---         ---       via additive      ---
M4         none          ---         ---       via additive      ---
M5         none          ---         ---       via additive      ---
M6         none          ---         ---       via additive      ---
M7         none          ---         ---       via additive      ---
M8         none          ---         ---       via additive      ---
M9         none          ---         ---       via additive      ---
MRDL       none          ---         ---       via additive      ---

**********************************
      Sub-Region Utilization      
**********************************
Number of regions with placement utilization 0 - 0.125 is 0 (0.00%)
Number of regions with placement utilization 0.125 - 0.25 is 0 (0.00%)
Number of regions with placement utilization 0.25 - 0.375 is 0 (0.00%)
Number of regions with placement utilization 0.375 - 0.5 is 2 (2.60%)
Number of regions with placement utilization 0.5 - 0.625 is 56 (72.73%)
Number of regions with placement utilization 0.625 - 0.75 is 19 (24.68%)
Number of regions with placement utilization 0.75 - 0.875 is 0 (0.00%)
Number of regions with placement utilization 0.875 - 1 is 0 (0.00%)
1
