 
****************************************
Report : timing
        -path full
        -delay min
        -max_paths 20
Design : FIFO
Version: Q-2019.12
Date   : Wed Mar  8 10:30:04 2023
****************************************

 * Some/all delay information is back-annotated.

Operating Conditions: ss0p95v25c   Library: saed32rvt_ss0p95v25c

  Startpoint: FClrN (input port clocked by ideal_clock1)
  Endpoint: F_FirstN_reg
            (rising edge-triggered flip-flop clocked by ideal_clock1)
  Path Group: ideal_clock1
  Path Type: min

  Point                                    Incr       Path
  -----------------------------------------------------------
  clock ideal_clock1 (rise edge)           0.00       0.00
  clock network delay (ideal)              0.00       0.00
  input external delay                     0.10       0.10 r
  FClrN (in)                               0.00       0.10 r
  U294/Y (NAND2X0_RVT)                     0.03 *     0.13 f
  F_FirstN_reg/D (DFFASX1_RVT)             0.00 *     0.13 f
  data arrival time                                   0.13

  clock ideal_clock1 (rise edge)           0.00       0.00
  clock network delay (ideal)              0.00       0.00
  clock uncertainty                        0.10       0.10
  F_FirstN_reg/CLK (DFFASX1_RVT)           0.00       0.10 r
  library hold time                       -0.02       0.08
  data required time                                  0.08
  -----------------------------------------------------------
  data required time                                  0.08
  data arrival time                                  -0.13
  -----------------------------------------------------------
  slack (MET)                                         0.05


  Startpoint: FOutN (input port clocked by ideal_clock1)
  Endpoint: F_FullN_reg
            (rising edge-triggered flip-flop clocked by ideal_clock1)
  Path Group: ideal_clock1
  Path Type: min

  Point                                    Incr       Path
  -----------------------------------------------------------
  clock ideal_clock1 (rise edge)           0.00       0.00
  clock network delay (ideal)              0.00       0.00
  input external delay                     0.10       0.10 f
  FOutN (in)                               0.00       0.10 f
  U292/Y (NAND3X0_RVT)                     0.02 *     0.12 r
  F_FullN_reg/D (DFFASX1_RVT)              0.00 *     0.12 r
  data arrival time                                   0.12

  clock ideal_clock1 (rise edge)           0.00       0.00
  clock network delay (ideal)              0.00       0.00
  clock uncertainty                        0.10       0.10
  F_FullN_reg/CLK (DFFASX1_RVT)            0.00       0.10 r
  library hold time                       -0.03       0.07
  data required time                                  0.07
  -----------------------------------------------------------
  data required time                                  0.07
  data arrival time                                  -0.12
  -----------------------------------------------------------
  slack (MET)                                         0.06


  Startpoint: FClrN (input port clocked by ideal_clock1)
  Endpoint: F_EmptyN_reg
            (rising edge-triggered flip-flop clocked by ideal_clock1)
  Path Group: ideal_clock1
  Path Type: min

  Point                                    Incr       Path
  -----------------------------------------------------------
  clock ideal_clock1 (rise edge)           0.00       0.00
  clock network delay (ideal)              0.00       0.00
  input external delay                     0.10       0.10 f
  FClrN (in)                               0.00       0.10 f
  U289/Y (AO22X1_RVT)                      0.04 *     0.14 f
  F_EmptyN_reg/D (DFFARX1_RVT)             0.00 *     0.14 f
  data arrival time                                   0.14

  clock ideal_clock1 (rise edge)           0.00       0.00
  clock network delay (ideal)              0.00       0.00
  clock uncertainty                        0.10       0.10
  F_EmptyN_reg/CLK (DFFARX1_RVT)           0.00       0.10 r
  library hold time                       -0.02       0.08
  data required time                                  0.08
  -----------------------------------------------------------
  data required time                                  0.08
  data arrival time                                  -0.14
  -----------------------------------------------------------
  slack (MET)                                         0.06


  Startpoint: Data_In[5] (input port clocked by ideal_clock1)
  Endpoint: memblk/FIFO_reg[2][5]
            (rising edge-triggered flip-flop clocked by ideal_clock1)
  Path Group: ideal_clock1
  Path Type: min

  Point                                    Incr       Path
  -----------------------------------------------------------
  clock ideal_clock1 (rise edge)           0.00       0.00
  clock network delay (ideal)              0.00       0.00
  input external delay                     0.10       0.10 f
  Data_In[5] (in)                          0.00       0.10 f
  memblk/data_in[5] (FIFO_MEM_BLK)         0.00       0.10 f
  memblk/U158/Y (AO22X1_RVT)               0.06 *     0.16 f
  memblk/FIFO_reg[2][5]/D (DFFX1_RVT)      0.00 *     0.16 f
  data arrival time                                   0.16

  clock ideal_clock1 (rise edge)           0.00       0.00
  clock network delay (ideal)              0.00       0.00
  clock uncertainty                        0.10       0.10
  memblk/FIFO_reg[2][5]/CLK (DFFX1_RVT)
                                           0.00       0.10 r
  library hold time                       -0.01       0.09
  data required time                                  0.09
  -----------------------------------------------------------
  data required time                                  0.09
  data arrival time                                  -0.16
  -----------------------------------------------------------
  slack (MET)                                         0.07


  Startpoint: Data_In[9] (input port clocked by ideal_clock1)
  Endpoint: memblk/FIFO_reg[2][9]
            (rising edge-triggered flip-flop clocked by ideal_clock1)
  Path Group: ideal_clock1
  Path Type: min

  Point                                    Incr       Path
  -----------------------------------------------------------
  clock ideal_clock1 (rise edge)           0.00       0.00
  clock network delay (ideal)              0.00       0.00
  input external delay                     0.10       0.10 f
  Data_In[9] (in)                          0.00       0.10 f
  memblk/data_in[9] (FIFO_MEM_BLK)         0.00       0.10 f
  memblk/U60/Y (AO22X1_RVT)                0.06 *     0.16 f
  memblk/FIFO_reg[2][9]/D (DFFX1_RVT)      0.00 *     0.16 f
  data arrival time                                   0.16

  clock ideal_clock1 (rise edge)           0.00       0.00
  clock network delay (ideal)              0.00       0.00
  clock uncertainty                        0.10       0.10
  memblk/FIFO_reg[2][9]/CLK (DFFX1_RVT)
                                           0.00       0.10 r
  library hold time                       -0.01       0.09
  data required time                                  0.09
  -----------------------------------------------------------
  data required time                                  0.09
  data arrival time                                  -0.16
  -----------------------------------------------------------
  slack (MET)                                         0.07


  Startpoint: Data_In[1] (input port clocked by ideal_clock1)
  Endpoint: memblk/FIFO_reg[3][1]
            (rising edge-triggered flip-flop clocked by ideal_clock1)
  Path Group: ideal_clock1
  Path Type: min

  Point                                    Incr       Path
  -----------------------------------------------------------
  clock ideal_clock1 (rise edge)           0.00       0.00
  clock network delay (ideal)              0.00       0.00
  input external delay                     0.10       0.10 f
  Data_In[1] (in)                          0.00       0.10 f
  memblk/data_in[1] (FIFO_MEM_BLK)         0.00       0.10 f
  memblk/U36/Y (AO22X1_RVT)                0.06 *     0.16 f
  memblk/FIFO_reg[3][1]/D (DFFX1_RVT)      0.00 *     0.16 f
  data arrival time                                   0.16

  clock ideal_clock1 (rise edge)           0.00       0.00
  clock network delay (ideal)              0.00       0.00
  clock uncertainty                        0.10       0.10
  memblk/FIFO_reg[3][1]/CLK (DFFX1_RVT)
                                           0.00       0.10 r
  library hold time                       -0.01       0.09
  data required time                                  0.09
  -----------------------------------------------------------
  data required time                                  0.09
  data arrival time                                  -0.16
  -----------------------------------------------------------
  slack (MET)                                         0.07


  Startpoint: Data_In[6] (input port clocked by ideal_clock1)
  Endpoint: memblk/FIFO_reg[2][6]
            (rising edge-triggered flip-flop clocked by ideal_clock1)
  Path Group: ideal_clock1
  Path Type: min

  Point                                    Incr       Path
  -----------------------------------------------------------
  clock ideal_clock1 (rise edge)           0.00       0.00
  clock network delay (ideal)              0.00       0.00
  input external delay                     0.10       0.10 f
  Data_In[6] (in)                          0.00       0.10 f
  memblk/data_in[6] (FIFO_MEM_BLK)         0.00       0.10 f
  memblk/U159/Y (AO22X1_RVT)               0.06 *     0.16 f
  memblk/FIFO_reg[2][6]/D (DFFX1_RVT)      0.00 *     0.16 f
  data arrival time                                   0.16

  clock ideal_clock1 (rise edge)           0.00       0.00
  clock network delay (ideal)              0.00       0.00
  clock uncertainty                        0.10       0.10
  memblk/FIFO_reg[2][6]/CLK (DFFX1_RVT)
                                           0.00       0.10 r
  library hold time                       -0.01       0.09
  data required time                                  0.09
  -----------------------------------------------------------
  data required time                                  0.09
  data arrival time                                  -0.16
  -----------------------------------------------------------
  slack (MET)                                         0.07


  Startpoint: Data_In[11]
              (input port clocked by ideal_clock1)
  Endpoint: memblk/FIFO_reg[3][11]
            (rising edge-triggered flip-flop clocked by ideal_clock1)
  Path Group: ideal_clock1
  Path Type: min

  Point                                                   Incr       Path
  --------------------------------------------------------------------------
  clock ideal_clock1 (rise edge)                          0.00       0.00
  clock network delay (ideal)                             0.00       0.00
  input external delay                                    0.10       0.10 f
  Data_In[11] (in)                                        0.00       0.10 f
  memblk/data_in[11] (FIFO_MEM_BLK)                       0.00       0.10 f
  memblk/U46/Y (AO22X1_RVT)                               0.06 *     0.16 f
  memblk/FIFO_reg[3][11]/D (DFFX1_RVT)                    0.00 *     0.16 f
  data arrival time                                                  0.16

  clock ideal_clock1 (rise edge)                          0.00       0.00
  clock network delay (ideal)                             0.00       0.00
  clock uncertainty                                       0.10       0.10
  memblk/FIFO_reg[3][11]/CLK (DFFX1_RVT)                  0.00       0.10 r
  library hold time                                      -0.01       0.09
  data required time                                                 0.09
  --------------------------------------------------------------------------
  data required time                                                 0.09
  data arrival time                                                 -0.16
  --------------------------------------------------------------------------
  slack (MET)                                                        0.07


  Startpoint: Data_In[25]
              (input port clocked by ideal_clock1)
  Endpoint: memblk/FIFO_reg[3][25]
            (rising edge-triggered flip-flop clocked by ideal_clock1)
  Path Group: ideal_clock1
  Path Type: min

  Point                                                   Incr       Path
  --------------------------------------------------------------------------
  clock ideal_clock1 (rise edge)                          0.00       0.00
  clock network delay (ideal)                             0.00       0.00
  input external delay                                    0.10       0.10 f
  Data_In[25] (in)                                        0.00       0.10 f
  memblk/data_in[25] (FIFO_MEM_BLK)                       0.00       0.10 f
  memblk/U149/Y (AO22X1_RVT)                              0.06 *     0.16 f
  memblk/FIFO_reg[3][25]/D (DFFX1_RVT)                    0.00 *     0.16 f
  data arrival time                                                  0.16

  clock ideal_clock1 (rise edge)                          0.00       0.00
  clock network delay (ideal)                             0.00       0.00
  clock uncertainty                                       0.10       0.10
  memblk/FIFO_reg[3][25]/CLK (DFFX1_RVT)                  0.00       0.10 r
  library hold time                                      -0.01       0.09
  data required time                                                 0.09
  --------------------------------------------------------------------------
  data required time                                                 0.09
  data arrival time                                                 -0.16
  --------------------------------------------------------------------------
  slack (MET)                                                        0.07


  Startpoint: Data_In[9] (input port clocked by ideal_clock1)
  Endpoint: memblk/FIFO_reg[3][9]
            (rising edge-triggered flip-flop clocked by ideal_clock1)
  Path Group: ideal_clock1
  Path Type: min

  Point                                    Incr       Path
  -----------------------------------------------------------
  clock ideal_clock1 (rise edge)           0.00       0.00
  clock network delay (ideal)              0.00       0.00
  input external delay                     0.10       0.10 f
  Data_In[9] (in)                          0.00       0.10 f
  memblk/data_in[9] (FIFO_MEM_BLK)         0.00       0.10 f
  memblk/U44/Y (AO22X1_RVT)                0.06 *     0.16 f
  memblk/FIFO_reg[3][9]/D (DFFX1_RVT)      0.00 *     0.16 f
  data arrival time                                   0.16

  clock ideal_clock1 (rise edge)           0.00       0.00
  clock network delay (ideal)              0.00       0.00
  clock uncertainty                        0.10       0.10
  memblk/FIFO_reg[3][9]/CLK (DFFX1_RVT)
                                           0.00       0.10 r
  library hold time                       -0.01       0.09
  data required time                                  0.09
  -----------------------------------------------------------
  data required time                                  0.09
  data arrival time                                  -0.16
  -----------------------------------------------------------
  slack (MET)                                         0.07


  Startpoint: Data_In[3] (input port clocked by ideal_clock1)
  Endpoint: memblk/FIFO_reg[1][3]
            (rising edge-triggered flip-flop clocked by ideal_clock1)
  Path Group: ideal_clock1
  Path Type: min

  Point                                    Incr       Path
  -----------------------------------------------------------
  clock ideal_clock1 (rise edge)           0.00       0.00
  clock network delay (ideal)              0.00       0.00
  input external delay                     0.10       0.10 f
  Data_In[3] (in)                          0.00       0.10 f
  memblk/data_in[3] (FIFO_MEM_BLK)         0.00       0.10 f
  memblk/U164/Y (AO22X1_RVT)               0.06 *     0.16 f
  memblk/FIFO_reg[1][3]/D (DFFX1_RVT)      0.00 *     0.16 f
  data arrival time                                   0.16

  clock ideal_clock1 (rise edge)           0.00       0.00
  clock network delay (ideal)              0.00       0.00
  clock uncertainty                        0.10       0.10
  memblk/FIFO_reg[1][3]/CLK (DFFX1_RVT)
                                           0.00       0.10 r
  library hold time                       -0.01       0.09
  data required time                                  0.09
  -----------------------------------------------------------
  data required time                                  0.09
  data arrival time                                  -0.16
  -----------------------------------------------------------
  slack (MET)                                         0.07


  Startpoint: Data_In[2] (input port clocked by ideal_clock1)
  Endpoint: memblk/FIFO_reg[2][2]
            (rising edge-triggered flip-flop clocked by ideal_clock1)
  Path Group: ideal_clock1
  Path Type: min

  Point                                    Incr       Path
  -----------------------------------------------------------
  clock ideal_clock1 (rise edge)           0.00       0.00
  clock network delay (ideal)              0.00       0.00
  input external delay                     0.10       0.10 f
  Data_In[2] (in)                          0.00       0.10 f
  memblk/data_in[2] (FIFO_MEM_BLK)         0.00       0.10 f
  memblk/U155/Y (AO22X1_RVT)               0.06 *     0.16 f
  memblk/FIFO_reg[2][2]/D (DFFX1_RVT)      0.00 *     0.16 f
  data arrival time                                   0.16

  clock ideal_clock1 (rise edge)           0.00       0.00
  clock network delay (ideal)              0.00       0.00
  clock uncertainty                        0.10       0.10
  memblk/FIFO_reg[2][2]/CLK (DFFX1_RVT)
                                           0.00       0.10 r
  library hold time                       -0.01       0.09
  data required time                                  0.09
  -----------------------------------------------------------
  data required time                                  0.09
  data arrival time                                  -0.16
  -----------------------------------------------------------
  slack (MET)                                         0.07


  Startpoint: Data_In[2] (input port clocked by ideal_clock1)
  Endpoint: memblk/FIFO_reg[0][2]
            (rising edge-triggered flip-flop clocked by ideal_clock1)
  Path Group: ideal_clock1
  Path Type: min

  Point                                    Incr       Path
  -----------------------------------------------------------
  clock ideal_clock1 (rise edge)           0.00       0.00
  clock network delay (ideal)              0.00       0.00
  input external delay                     0.10       0.10 f
  Data_In[2] (in)                          0.00       0.10 f
  memblk/data_in[2] (FIFO_MEM_BLK)         0.00       0.10 f
  memblk/U171/Y (AO22X1_RVT)               0.06 *     0.16 f
  memblk/FIFO_reg[0][2]/D (DFFX1_RVT)      0.00 *     0.16 f
  data arrival time                                   0.16

  clock ideal_clock1 (rise edge)           0.00       0.00
  clock network delay (ideal)              0.00       0.00
  clock uncertainty                        0.10       0.10
  memblk/FIFO_reg[0][2]/CLK (DFFX1_RVT)
                                           0.00       0.10 r
  library hold time                       -0.01       0.09
  data required time                                  0.09
  -----------------------------------------------------------
  data required time                                  0.09
  data arrival time                                  -0.16
  -----------------------------------------------------------
  slack (MET)                                         0.07


  Startpoint: Data_In[8] (input port clocked by ideal_clock1)
  Endpoint: memblk/FIFO_reg[3][8]
            (rising edge-triggered flip-flop clocked by ideal_clock1)
  Path Group: ideal_clock1
  Path Type: min

  Point                                    Incr       Path
  -----------------------------------------------------------
  clock ideal_clock1 (rise edge)           0.00       0.00
  clock network delay (ideal)              0.00       0.00
  input external delay                     0.10       0.10 f
  Data_In[8] (in)                          0.00       0.10 f
  memblk/data_in[8] (FIFO_MEM_BLK)         0.00       0.10 f
  memblk/U43/Y (AO22X1_RVT)                0.06 *     0.16 f
  memblk/FIFO_reg[3][8]/D (DFFX1_RVT)      0.00 *     0.16 f
  data arrival time                                   0.16

  clock ideal_clock1 (rise edge)           0.00       0.00
  clock network delay (ideal)              0.00       0.00
  clock uncertainty                        0.10       0.10
  memblk/FIFO_reg[3][8]/CLK (DFFX1_RVT)
                                           0.00       0.10 r
  library hold time                       -0.01       0.09
  data required time                                  0.09
  -----------------------------------------------------------
  data required time                                  0.09
  data arrival time                                  -0.16
  -----------------------------------------------------------
  slack (MET)                                         0.07


  Startpoint: Data_In[28]
              (input port clocked by ideal_clock1)
  Endpoint: memblk/FIFO_reg[2][28]
            (rising edge-triggered flip-flop clocked by ideal_clock1)
  Path Group: ideal_clock1
  Path Type: min

  Point                                                   Incr       Path
  --------------------------------------------------------------------------
  clock ideal_clock1 (rise edge)                          0.00       0.00
  clock network delay (ideal)                             0.00       0.00
  input external delay                                    0.10       0.10 f
  Data_In[28] (in)                                        0.00       0.10 f
  memblk/data_in[28] (FIFO_MEM_BLK)                       0.00       0.10 f
  memblk/U79/Y (AO22X1_RVT)                               0.06 *     0.16 f
  memblk/FIFO_reg[2][28]/D (DFFX1_RVT)                    0.00 *     0.16 f
  data arrival time                                                  0.16

  clock ideal_clock1 (rise edge)                          0.00       0.00
  clock network delay (ideal)                             0.00       0.00
  clock uncertainty                                       0.10       0.10
  memblk/FIFO_reg[2][28]/CLK (DFFX1_RVT)                  0.00       0.10 r
  library hold time                                      -0.01       0.09
  data required time                                                 0.09
  --------------------------------------------------------------------------
  data required time                                                 0.09
  data arrival time                                                 -0.16
  --------------------------------------------------------------------------
  slack (MET)                                                        0.07


  Startpoint: Data_In[3] (input port clocked by ideal_clock1)
  Endpoint: memblk/FIFO_reg[2][3]
            (rising edge-triggered flip-flop clocked by ideal_clock1)
  Path Group: ideal_clock1
  Path Type: min

  Point                                    Incr       Path
  -----------------------------------------------------------
  clock ideal_clock1 (rise edge)           0.00       0.00
  clock network delay (ideal)              0.00       0.00
  input external delay                     0.10       0.10 f
  Data_In[3] (in)                          0.00       0.10 f
  memblk/data_in[3] (FIFO_MEM_BLK)         0.00       0.10 f
  memblk/U156/Y (AO22X1_RVT)               0.06 *     0.16 f
  memblk/FIFO_reg[2][3]/D (DFFX1_RVT)      0.00 *     0.16 f
  data arrival time                                   0.16

  clock ideal_clock1 (rise edge)           0.00       0.00
  clock network delay (ideal)              0.00       0.00
  clock uncertainty                        0.10       0.10
  memblk/FIFO_reg[2][3]/CLK (DFFX1_RVT)
                                           0.00       0.10 r
  library hold time                       -0.01       0.09
  data required time                                  0.09
  -----------------------------------------------------------
  data required time                                  0.09
  data arrival time                                  -0.16
  -----------------------------------------------------------
  slack (MET)                                         0.07


  Startpoint: Data_In[26]
              (input port clocked by ideal_clock1)
  Endpoint: memblk/FIFO_reg[1][26]
            (rising edge-triggered flip-flop clocked by ideal_clock1)
  Path Group: ideal_clock1
  Path Type: min

  Point                                                   Incr       Path
  --------------------------------------------------------------------------
  clock ideal_clock1 (rise edge)                          0.00       0.00
  clock network delay (ideal)                             0.00       0.00
  input external delay                                    0.10       0.10 f
  Data_In[26] (in)                                        0.00       0.10 f
  memblk/data_in[26] (FIFO_MEM_BLK)                       0.00       0.10 f
  memblk/U106/Y (AO22X1_RVT)                              0.06 *     0.16 f
  memblk/FIFO_reg[1][26]/D (DFFX1_RVT)                    0.00 *     0.16 f
  data arrival time                                                  0.16

  clock ideal_clock1 (rise edge)                          0.00       0.00
  clock network delay (ideal)                             0.00       0.00
  clock uncertainty                                       0.10       0.10
  memblk/FIFO_reg[1][26]/CLK (DFFX1_RVT)                  0.00       0.10 r
  library hold time                                      -0.01       0.09
  data required time                                                 0.09
  --------------------------------------------------------------------------
  data required time                                                 0.09
  data arrival time                                                 -0.16
  --------------------------------------------------------------------------
  slack (MET)                                                        0.08


  Startpoint: Data_In[22]
              (input port clocked by ideal_clock1)
  Endpoint: memblk/FIFO_reg[3][22]
            (rising edge-triggered flip-flop clocked by ideal_clock1)
  Path Group: ideal_clock1
  Path Type: min

  Point                                                   Incr       Path
  --------------------------------------------------------------------------
  clock ideal_clock1 (rise edge)                          0.00       0.00
  clock network delay (ideal)                             0.00       0.00
  input external delay                                    0.10       0.10 f
  Data_In[22] (in)                                        0.00       0.10 f
  memblk/data_in[22] (FIFO_MEM_BLK)                       0.00       0.10 f
  memblk/U146/Y (AO22X1_RVT)                              0.06 *     0.16 f
  memblk/FIFO_reg[3][22]/D (DFFX1_RVT)                    0.00 *     0.16 f
  data arrival time                                                  0.16

  clock ideal_clock1 (rise edge)                          0.00       0.00
  clock network delay (ideal)                             0.00       0.00
  clock uncertainty                                       0.10       0.10
  memblk/FIFO_reg[3][22]/CLK (DFFX1_RVT)                  0.00       0.10 r
  library hold time                                      -0.01       0.09
  data required time                                                 0.09
  --------------------------------------------------------------------------
  data required time                                                 0.09
  data arrival time                                                 -0.16
  --------------------------------------------------------------------------
  slack (MET)                                                        0.08


  Startpoint: Data_In[3] (input port clocked by ideal_clock1)
  Endpoint: memblk/FIFO_reg[3][3]
            (rising edge-triggered flip-flop clocked by ideal_clock1)
  Path Group: ideal_clock1
  Path Type: min

  Point                                    Incr       Path
  -----------------------------------------------------------
  clock ideal_clock1 (rise edge)           0.00       0.00
  clock network delay (ideal)              0.00       0.00
  input external delay                     0.10       0.10 f
  Data_In[3] (in)                          0.00       0.10 f
  memblk/data_in[3] (FIFO_MEM_BLK)         0.00       0.10 f
  memblk/U38/Y (AO22X1_RVT)                0.06 *     0.16 f
  memblk/FIFO_reg[3][3]/D (DFFX1_RVT)      0.00 *     0.16 f
  data arrival time                                   0.16

  clock ideal_clock1 (rise edge)           0.00       0.00
  clock network delay (ideal)              0.00       0.00
  clock uncertainty                        0.10       0.10
  memblk/FIFO_reg[3][3]/CLK (DFFX1_RVT)
                                           0.00       0.10 r
  library hold time                       -0.01       0.09
  data required time                                  0.09
  -----------------------------------------------------------
  data required time                                  0.09
  data arrival time                                  -0.16
  -----------------------------------------------------------
  slack (MET)                                         0.08


  Startpoint: Data_In[4] (input port clocked by ideal_clock1)
  Endpoint: memblk/FIFO_reg[3][4]
            (rising edge-triggered flip-flop clocked by ideal_clock1)
  Path Group: ideal_clock1
  Path Type: min

  Point                                    Incr       Path
  -----------------------------------------------------------
  clock ideal_clock1 (rise edge)           0.00       0.00
  clock network delay (ideal)              0.00       0.00
  input external delay                     0.10       0.10 f
  Data_In[4] (in)                          0.00       0.10 f
  memblk/data_in[4] (FIFO_MEM_BLK)         0.00       0.10 f
  memblk/U39/Y (AO22X1_RVT)                0.06 *     0.16 f
  memblk/FIFO_reg[3][4]/D (DFFX1_RVT)      0.00 *     0.16 f
  data arrival time                                   0.16

  clock ideal_clock1 (rise edge)           0.00       0.00
  clock network delay (ideal)              0.00       0.00
  clock uncertainty                        0.10       0.10
  memblk/FIFO_reg[3][4]/CLK (DFFX1_RVT)
                                           0.00       0.10 r
  library hold time                       -0.01       0.09
  data required time                                  0.09
  -----------------------------------------------------------
  data required time                                  0.09
  data arrival time                                  -0.16
  -----------------------------------------------------------
  slack (MET)                                         0.08


1
