Information: T1    CPU:     14 s ( 0.00 hr) ELAPSE:     22 s ( 0.01 hr) MEM-PEAK:   451 Mb   Wed Mar  8 09:40:05 2023  (PSYN-508)

The options for place_opt_feasibility:
----------------------------------------------------------------
FEAS:  Stage                                : None
FEAS:  Skip Step                            : None
FEAS:  Congestion removal                   : No
FEAS:  Area recovery                        : No
FEAS:  Optimize dft                         : No
FEAS:  Optimize power                       : No
FEAS:  Clock Tree Synthesis                 : No (not supported)
FEAS:  SPG - Use Synopsys Physical Guide    : No (not supported)
----------------------------------------------------------------

Settings of some common used Tcl variables for place_opt_feasibility:
---------------------------------------------------------------------
---------------------------------------------------------------------
Information: T2    CPU:     14 s ( 0.00 hr) ELAPSE:     22 s ( 0.01 hr) MEM-PEAK:   451 Mb   Wed Mar  8 09:40:05 2023  (PSYN-508)

  Loading design 'FIFO'




Information: Library Manufacturing Grid(GridResolution) : 1
Information: Time Unit from Milkyway design library: 'ns' 
Information: Design Library and main library timing units are matched - 1.000 ns. 
Information: Resistance Unit from Milkyway design library: 'kohm' 
Warning: Mismatch in the main library and the Milkyway library resistance units. In the main library it is 1000.000 kohm and in the Milkyway design library it is 1.000 kohm. Check and correct the resistance units in the .tf and .db files. (PSYN-476)
Information: Capacitance Unit from Milkyway design library: 'ff' 
Information: Design Library and main library capacitance units are matched - 0.001 pf. 
****************************************************************
Information: TLUPlus based RC computation is enabled. (RCEX-141)
****************************************************************
Information: The distance unit in Capacitance and Resistance is 1 micron. (RCEX-007)
Information: The RC model used is TLU+. (RCEX-015)
Information: Library Derived Cap for layer M1 : 0.16 0.14 (RCEX-011)
Information: Library Derived Res for layer M1 : 2e-06 2e-06 (RCEX-011)
Information: Library Derived Cap for layer M2 : 0.17 0.15 (RCEX-011)
Information: Library Derived Res for layer M2 : 1.8e-06 1.8e-06 (RCEX-011)
Information: Library Derived Cap for layer M3 : 0.11 0.096 (RCEX-011)
Information: Library Derived Res for layer M3 : 1.8e-06 1.8e-06 (RCEX-011)
Information: Library Derived Cap for layer M4 : 0.11 0.096 (RCEX-011)
Information: Library Derived Res for layer M4 : 1.8e-06 1.8e-06 (RCEX-011)
Information: Library Derived Cap for layer M5 : 0.094 0.079 (RCEX-011)
Information: Library Derived Res for layer M5 : 1.8e-06 1.8e-06 (RCEX-011)
Information: Library Derived Cap for layer M6 : 0.094 0.079 (RCEX-011)
Information: Library Derived Res for layer M6 : 1.8e-06 1.8e-06 (RCEX-011)
Information: Library Derived Cap for layer M7 : 0.092 0.076 (RCEX-011)
Information: Library Derived Res for layer M7 : 1.8e-06 1.8e-06 (RCEX-011)
Information: Library Derived Cap for layer M8 : 0.092 0.076 (RCEX-011)
Information: Library Derived Res for layer M8 : 1.8e-06 1.8e-06 (RCEX-011)
Information: Library Derived Cap for layer M9 : 0.11 0.088 (RCEX-011)
Information: Library Derived Res for layer M9 : 1.7e-06 1.7e-06 (RCEX-011)
Information: Library Derived Cap for layer MRDL : 0.11 0.11 (RCEX-011)
Information: Library Derived Res for layer MRDL : 1.8e-07 1.8e-07 (RCEX-011)
Information: Library Derived Horizontal Cap : 0.11 0.096 (RCEX-011)
Information: Library Derived Horizontal Res : 1.8e-06 1.8e-06 (RCEX-011)
Information: Library Derived Vertical Cap : 0.11 0.1 (RCEX-011)
Information: Library Derived Vertical Res : 1.5e-06 1.5e-06 (RCEX-011)
Information: Using derived R and C coefficients. (RCEX-008)
Information: Using region-based R and C coefficients. (RCEX-013)
Information: Library Derived Via Res : 4.6e-07 4.6e-07 (RCEX-011)
Information: T3    CPU:     14 s ( 0.00 hr) ELAPSE:     23 s ( 0.01 hr) MEM-PEAK:   453 Mb   Wed Mar  8 09:40:06 2023  (PSYN-508)
Information: T4    CPU:     14 s ( 0.00 hr) ELAPSE:     23 s ( 0.01 hr) MEM-PEAK:   453 Mb   Wed Mar  8 09:40:06 2023  (PSYN-508)
displacement_analysis_options enabled
displacement_analysis_options output file is feas_cell_history.3.
Info: autolink activated.

********************************************************************
Information: Short Summary for Design : FIFO
********************************************************************
Number of Std cells in design :                    827
Number of Inv/Buf cells in design :                102
Number of Macro cells in design :                    0
Number of Physical Only cells in design :         7954
Number of dont_touch cells in design :               0    0 % of Std
Number of size_only cells in design :                0    0 % of Std
Number of fixed_placement cells in design :          0    0 % of Std
Number of dont_use Std cells in design :             0    0 % of Std
Number of Always On cells in design :                0
Number of Buffers Avail in libraries :              33
Number of Buffers with dont_use :                    9
Number of Inverters Avail in libraries :            45
Number of Inverters with dont_use :                  9
Number of Hierarchical cells in design :             5
Number of ILMs in design :                           0
Number of Nets in design :                        1344
Number of Ideal Nets in design :                     0    0 of them Clocks
Number of Nets with dont_touch in design :           0
Number of Tristate Nets in design :                 12
Number of Tie Nets in design :                       0
Number of Nets with NDR in design :                  0
Number of Master Clocks in design :                  1
Number of Generated Clocks in design :               0
Number of Path Groups in design :                    2
Number of Active Scenarios in design :         Single Scenario
Number of Scan Chains in design :                    0
Number of Voltage Areas in design :                  0
Number of Bounds in design :                         0
Number of Routing Layers in design :                10    0 of them Ignored
Design Dimensions (microns) :                 Width: 111.960 Height: 75.176
********************************************************************

 For more details you can run "check_physical_design -design_statistics"
Information: T5    CPU:     15 s ( 0.00 hr) ELAPSE:     23 s ( 0.01 hr) MEM-PEAK:   454 Mb   Wed Mar  8 09:40:06 2023  (PSYN-508)

 Beginning Coarse Placement
  --------------------------

Information: Running stand-alone coarse placer in a separate process using temp directory '/tmp'. (PSYN-605)
Warning: Scan DEF information is required. (PSYN-1099)
...33%...67%...100% done.

  Coarse Placement Complete
  --------------------------

Information: T6    CPU:     15 s ( 0.00 hr) ELAPSE:     25 s ( 0.01 hr) MEM-PEAK:   456 Mb   Wed Mar  8 09:40:08 2023  (PSYN-508)

 Beginning Buffering Optimizations
 ---------------------------------

 Estimating Design ...... 
Information: T7    CPU:     15 s ( 0.00 hr) ELAPSE:     25 s ( 0.01 hr) MEM-PEAK:   456 Mb   Wed Mar  8 09:40:08 2023  (PSYN-508)
Information: T8    CPU:     15 s ( 0.00 hr) ELAPSE:     25 s ( 0.01 hr) MEM-PEAK:   456 Mb   Wed Mar  8 09:40:08 2023  (PSYN-508)
 Done

 Updating Timing ........ 
 Done

 Collecting Buffer Trees ... Found 17

 Processing Buffer Trees ... 

    [2]  10% ...
    [4]  20% ...
    [6]  30% ...
    [8]  40% ...
    [10]  50% ...
    [12]  60% ...
    [14]  70% ...
    [16]  80% ...
    [17] 100% Done ...


Information: Automatic high-fanout synthesis deletes 61 cells. (HFS-802)
Information: Automatic high-fanout synthesis adds 29 new cells. (PSYN-864)


Information: Analyzing channel congestion ... 
Information: Channel congestion analysis detected 0 channels, edges and corners

Information: T9    CPU:     16 s ( 0.00 hr) ELAPSE:     26 s ( 0.01 hr) MEM-PEAK:   459 Mb   Wed Mar  8 09:40:09 2023  (PSYN-508)
Information: T10   CPU:     16 s ( 0.00 hr) ELAPSE:     26 s ( 0.01 hr) MEM-PEAK:   459 Mb   Wed Mar  8 09:40:09 2023  (PSYN-508)
Info: autolink activated.

********************************************************************
Information: Short Summary for Design : FIFO
********************************************************************
Number of Std cells in design :                    795
Number of Inv/Buf cells in design :                 70
Number of Macro cells in design :                    0
Number of Physical Only cells in design :         7954
Number of dont_touch cells in design :               0    0 % of Std
Number of size_only cells in design :                0    0 % of Std
Number of fixed_placement cells in design :          0    0 % of Std
Number of dont_use Std cells in design :             0    0 % of Std
Number of Always On cells in design :                0
Number of Buffers Avail in libraries :              33
Number of Buffers with dont_use :                    9
Number of Inverters Avail in libraries :            45
Number of Inverters with dont_use :                  9
Number of Hierarchical cells in design :             5
Number of ILMs in design :                           0
Number of Nets in design :                        1312
Number of Ideal Nets in design :                     0    0 of them Clocks
Number of Nets with dont_touch in design :           0
Number of Tristate Nets in design :                 12
Number of Tie Nets in design :                       0
Number of Nets with NDR in design :                  0
Number of Master Clocks in design :                  1
Number of Generated Clocks in design :               0
Number of Path Groups in design :                    2
Number of Active Scenarios in design :         Single Scenario
Number of Scan Chains in design :                    0
Number of Voltage Areas in design :                  0
Number of Bounds in design :                         0
Number of Routing Layers in design :                10    0 of them Ignored
Design Dimensions (microns) :                 Width: 111.960 Height: 75.176
********************************************************************

 For more details you can run "check_physical_design -design_statistics"
Information: T11   CPU:     16 s ( 0.00 hr) ELAPSE:     26 s ( 0.01 hr) MEM-PEAK:   459 Mb   Wed Mar  8 09:40:09 2023  (PSYN-508)





  Design  WNS: 0.00  TNS: 0.00  Number of Violating Paths: 0

  Nets with DRC Violations: 0
  Total moveable cell area: 3027.9
  Total fixed cell area: 0.0
  Total physical cell area: 3027.9
  Core area: (10000 10000 101960 65176)


  No hold constraints


  Timing and DRC Optimization (Stage 1)
  --------------------------------------



  Beginning Timing Optimizations
  ------------------------------
Information: Critical range constraint is used for TNS optimization. (PSYN-308)

                                  TOTAL                                      
   ELAPSED            WORST NEG   SETUP    DESIGN                            
    TIME      AREA      SLACK     COST    RULE COST         ENDPOINT         
  --------- --------- --------- --------- --------- -------------------------
    0:00:05    3027.9      0.00       0.0       0.0                          
Information: Skipping DRC Phases 1 and 2 due to high utilization (0.991924 > 0.98)


Note: Symbol # after min delay cost means estimated hold TNS across all active scenarios 


  Optimization Complete
  ---------------------


  Beginning Timing Optimizations
  ------------------------------
Information: Critical range constraint is used for TNS optimization. (PSYN-308)

                                  TOTAL                                      
   ELAPSED            WORST NEG   SETUP    DESIGN                            
    TIME      AREA      SLACK     COST    RULE COST         ENDPOINT         
  --------- --------- --------- --------- --------- -------------------------
    0:00:05    3027.9      0.00       0.0       0.0                          
Information: Skipping DRC Phases 1 and 2 due to high utilization (0.991924 > 0.98)
    0:00:05    3027.9      0.00       0.0       0.0                          
    0:00:05    2993.3      0.00       0.0       0.0                          
    0:00:05    2993.3      0.00       0.0       0.0                          
    0:00:05    2993.3      0.00       0.0       0.0                          
    0:00:05    2993.3      0.00       0.0       0.0                          
    0:00:05    2993.3      0.00       0.0       0.0                          
    0:00:06    2989.2      0.00       0.0       0.0                          
    0:00:06    2989.2      0.00       0.0       0.0                          
    0:00:06    2989.2      0.00       0.0       0.0                          
    0:00:06    2989.2      0.00       0.0       0.0                          


Note: Symbol # after min delay cost means estimated hold TNS across all active scenarios 


  Optimization Complete
  ---------------------

  Design  WNS: 0.00  TNS: 0.00  Number of Violating Paths: 0

  Nets with DRC Violations: 0
  Total moveable cell area: 2989.2
  Total fixed cell area: 0.0
  Total physical cell area: 2989.2
  Core area: (10000 10000 101960 65176)


  No hold constraints

Information: T12   CPU:     17 s ( 0.00 hr) ELAPSE:     28 s ( 0.01 hr) MEM-PEAK:   459 Mb   Wed Mar  8 09:40:11 2023  (PSYN-508)
Info: autolink activated.

********************************************************************
Information: Short Summary for Design : FIFO
********************************************************************
Number of Std cells in design :                    775
Number of Inv/Buf cells in design :                 50
Number of Macro cells in design :                    0
Number of Physical Only cells in design :         7954
Number of dont_touch cells in design :               0    0 % of Std
Number of size_only cells in design :                0    0 % of Std
Number of fixed_placement cells in design :          0    0 % of Std
Number of dont_use Std cells in design :             0    0 % of Std
Number of Always On cells in design :                0
Number of Buffers Avail in libraries :              33
Number of Buffers with dont_use :                    9
Number of Inverters Avail in libraries :            45
Number of Inverters with dont_use :                  9
Number of Hierarchical cells in design :             5
Number of ILMs in design :                           0
Number of Nets in design :                        1292
Number of Ideal Nets in design :                     0    0 of them Clocks
Number of Nets with dont_touch in design :           0
Number of Tristate Nets in design :                 12
Number of Tie Nets in design :                       0
Number of Nets with NDR in design :                  0
Number of Master Clocks in design :                  1
Number of Generated Clocks in design :               0
Number of Path Groups in design :                    2
Number of Active Scenarios in design :         Single Scenario
Number of Scan Chains in design :                    0
Number of Voltage Areas in design :                  0
Number of Bounds in design :                         0
Number of Routing Layers in design :                10    0 of them Ignored
Design Dimensions (microns) :                 Width: 111.960 Height: 75.176
********************************************************************

 For more details you can run "check_physical_design -design_statistics"
Information: T13   CPU:     17 s ( 0.00 hr) ELAPSE:     28 s ( 0.01 hr) MEM-PEAK:   459 Mb   Wed Mar  8 09:40:11 2023  (PSYN-508)




Information: T14   CPU:     17 s ( 0.00 hr) ELAPSE:     28 s ( 0.01 hr) MEM-PEAK:   459 Mb   Wed Mar  8 09:40:11 2023  (PSYN-508)
Information: T15   CPU:     17 s ( 0.00 hr) ELAPSE:     28 s ( 0.01 hr) MEM-PEAK:   459 Mb   Wed Mar  8 09:40:11 2023  (PSYN-508)

 Beginning Coarse Placement
  --------------------------

Information: Running stand-alone coarse placer in a separate process using temp directory '/tmp'. (PSYN-605)
Warning: Scan DEF information is required. (PSYN-1099)
67%...100% done.

  Coarse Placement Complete
  --------------------------

[begin initializing data for legality checker]

Initializing Data Structure ...
INFO: legalizer_via_spacing_check_mode 0
  Reading technology information ...
    Technology table contains 10 routable metal layers
    This is considered as a 10-metal-layer design
    Reading library information from DB ...
  Reading misc information ...
    array <unit> has 0 vertical and 33 horizontal rows
    8 pre-routes for placement blockage/checking
    42 pre-routes for map congestion calculation
  Checking information read in ...
    design style = Horizontal masters, Horizontal rows

  Preprocessing design ...
    splitting rows by natural obstacles ...
... design style 0
... number of base array 1 0
INFO:... use original rows...
[end initializing data for legality checker]
 
****************************************
  Report : Chip Summary
  Design : FIFO
  Version: Q-2019.12
  Date   : Wed Mar  8 09:40:12 2023
****************************************
Std cell utilization: 58.91%  (11762/(19965-0))
(Non-fixed + Fixed)
Std cell utilization: 97.93%  (11762/(19965-7954))
(Non-fixed only)
Chip area:            19965    sites, bbox (10.00 10.00 101.96 65.18) um
Std cell area:        11762    sites, (non-fixed:11762  fixed:0)
                      775      cells, (non-fixed:775    fixed:0)
Macro cell area:      0        sites
                      0        cells
Placement blockages:  0        sites, (excluding fixed std cells)
                      7954     sites, (include fixed std cells & chimney area)
                      0        sites, (complete p/g net blockages)
Routing blockages:    0        sites, (partial p/g net blockages)
                      0        sites, (routing blockages and signal pre-route)
Lib cell count:       26 
Avg. std cell width:  1.85 um 
Site array:           unit     (width: 0.152 um, height: 1.672 um, rows: 33)
Physical DB scale:    1000 db_unit = 1 um 

 
****************************************
  Report : pnet options
  Design : FIFO
  Version: Q-2019.12
  Date   : Wed Mar  8 09:40:12 2023
****************************************


--------------------------------------------------------------------
Layer      Blockage   Min_width   Min_height   Via_additive     Density
--------------------------------------------------------------------
M1         none          ---         ---       via additive      ---
M2         none          ---         ---       via additive      ---
M3         none          ---         ---       via additive      ---
M4         none          ---         ---       via additive      ---
M5         none          ---         ---       via additive      ---
M6         none          ---         ---       via additive      ---
M7         none          ---         ---       via additive      ---
M8         none          ---         ---       via additive      ---
M9         none          ---         ---       via additive      ---
MRDL       none          ---         ---       via additive      ---
Legalizing 775 illegal cells...
Starting legalizer.
Warning: Density is 97.9% (PSYN-1010)
Warning: There is high fragmentation caused by many blockages or fixed cells.
	The median subrow width (space between blockages) is 28 sites
	and the median cell width is 26 sites. This makes it difficult for
	the legalizer to pack in the cells and can result in high
	displacements and long runtimes. (PSYN-1012)
Please look for the GIF files that are written out at the end of
	legalization to see the impact of the fragmentation.
Initial legalization:  10% 20% 30% 40% 50% 60% 70% 80% 100% (0 sec)
Error: Could not find a legal placement.
Legalization complete (0 total sec)
Top 5 lib cells with lowest legal rate:
Error: A legal placement could not be found. (PSYN-044)
 
****************************************
  Report : Legalize Displacement
  Design : FIFO
  Version: Q-2019.12
  Date   : Wed Mar  8 09:40:12 2023
****************************************

avg cell displacement:    4.544 um ( 2.72 row height)
max cell displacement:   86.789 um (51.91 row height)
std deviation:            8.672 um ( 5.19 row height)
number of cell moved:       672 cells (out of 775 cells)

Largest displacement cells:
  Cell: memblk/U162 (AO22X1_RVT)
    Input location: (97.244 12.959)
    Legal location: (10.456 13.344)
    Displacement: 86.789 um, e.g. 51.91 row height.
  Cell: memblk/U174 (AO22X1_RVT)
    Input location: (92.865 24.768)
    Legal location: (16.536 45.112)
    Displacement: 78.994 um, e.g. 47.24 row height.
  Cell: memblk/U193 (AO22X1_RVT)
    Input location: (90.557 25.674)
    Legal location: (16.992 23.376)
    Displacement: 73.601 um, e.g. 44.02 row height.
  Cell: memblk/U111 (AO22X1_RVT)
    Input location: (86.063 43.401)
    Legal location: (12.736 41.768)
    Displacement: 73.345 um, e.g. 43.87 row height.
  Cell: memblk/U159 (AO22X1_RVT)
    Input location: (81.525 21.091)
    Legal location: (10.456 16.688)
    Displacement: 71.205 um, e.g. 42.59 row height.
  Cell: memblk/U153 (AO22X1_RVT)
    Input location: (88.377 31.861)
    Legal location: (20.488 25.048)
    Displacement: 68.230 um, e.g. 40.81 row height.
  Cell: memblk/U160 (AO22X1_RVT)
    Input location: (77.760 22.260)
    Legal location: (10.304 23.376)
    Displacement: 67.465 um, e.g. 40.35 row height.
  Cell: memblk/U103 (AO22X1_RVT)
    Input location: (93.660 63.276)
    Legal location: (26.416 63.504)
    Displacement: 67.244 um, e.g. 40.22 row height.
  Cell: memblk/U154 (AO22X1_RVT)
    Input location: (82.179 15.761)
    Legal location: (18.056 20.032)
    Displacement: 64.265 um, e.g. 38.44 row height.
  Cell: memblk/U227 (AO22X1_RVT)
    Input location: (94.004 56.786)
    Legal location: (31.432 58.488)
    Displacement: 62.595 um, e.g. 37.44 row height.
  Cell: memblk/U235 (AO22X1_RVT)
    Input location: (92.342 49.646)
    Legal location: (30.520 55.144)
    Displacement: 62.066 um, e.g. 37.12 row height.
  Cell: memblk/U89 (AO22X1_RVT)
    Input location: (73.840 39.758)
    Legal location: (12.736 45.112)
    Displacement: 61.338 um, e.g. 36.69 row height.

Total 29 cells has large displacement (e.g. > 16.720 um or 10 row height)

...100%
Error: An error has occurred in the execution of the detailed placer. (PSYN-060)
Information: T16   CPU:     17 s ( 0.00 hr) ELAPSE:     29 s ( 0.01 hr) MEM-PEAK:   461 Mb   Wed Mar  8 09:40:12 2023  (PSYN-508)
displacement_analysis_options disabled
Error: psynopt has abnormally terminated.  (OPT-100)
Information: T17   CPU:     17 s ( 0.00 hr) ELAPSE:     29 s ( 0.01 hr) MEM-PEAK:   461 Mb   Wed Mar  8 09:40:12 2023  (PSYN-508)
Information: T18   CPU:     17 s ( 0.00 hr) ELAPSE:     29 s ( 0.01 hr) MEM-PEAK:   461 Mb   Wed Mar  8 09:40:12 2023  (PSYN-508)
0
