 
****************************************
Report : area
Design : s35932
Version: M-2016.12-SP1
Date   : Mon Mar  6 16:00:22 2023
****************************************

Information: Updating design information... (UID-85)
Warning: Design 's35932' contains 1 high-fanout nets. A fanout number of 1000 will be used for delay calculations involving these nets. (TIM-134)
Library(s) Used:

    saed32rvt_ss0p95v25c (File: /mnt/class_data/ecec574-w2019/PDKs/SAED32nm/lib/stdcell_rvt/db_ccs/saed32rvt_ss0p95v25c.db)

Number of ports:                          358
Number of nets:                          5630
Number of cells:                         5003
Number of combinational cells:           3274
Number of sequential cells:              1729
Number of macros/black boxes:               0
Number of buf/inv:                        297
Number of references:                      20

Combinational area:               8421.061538
Buf/Inv area:                      499.392977
Noncombinational area:           11418.690295
Macro/Black Box area:                0.000000
Net Interconnect area:            4968.036239

Total cell area:                 19839.751833
Total area:                      24807.788072
1
