Warning: There are infeasible paths detected in your design that were ignored during optimization. Please run 'report_timing -attributes' and/or 'create_qor_snapshot/query_qor_snapshot -infeasible_paths' to identify these paths.  (OPT-1721)
 
****************************************
Report : timing
        -path full
        -delay max
        -max_paths 1
Design : s9234
Version: M-2016.12-SP1
Date   : Wed Mar  1 10:41:49 2023
****************************************

Operating Conditions: ss0p95v25c   Library: saed32rvt_ss0p95v25c
Wire Load Model Mode: enclosed

  Startpoint: g41 (input port clocked by ideal_clock1)
  Endpoint: g6372 (output port clocked by ideal_clock1)
  Path Group: ideal_clock1
  Path Type: max

  Des/Clust/Port     Wire Load Model       Library
  ------------------------------------------------
  s9234              8000                  saed32rvt_ss0p95v25c

  Point                                    Incr       Path
  -----------------------------------------------------------
  clock ideal_clock1 (rise edge)           0.00       0.00
  clock network delay (ideal)              0.00       0.00
  input external delay                     2.00       2.00 r
  g41 (in)                                 0.00       2.00 r
  U1271/Y (INVX0_RVT)                      0.07       2.07 f
  U1270/Y (INVX0_RVT)                      0.08       2.15 r
  U941/Y (NBUFFX2_RVT)                     0.10       2.26 r
  U1242/Y (NAND4X1_RVT)                    0.22       2.48 f
  g6372 (out)                              0.01       2.48 f
  data arrival time                                   2.48

  clock ideal_clock1 (rise edge)           2.00       2.00
  clock network delay (ideal)              0.00       2.00
  clock uncertainty                       -0.05       1.95
  output external delay                   -2.00      -0.05
  data required time                                 -0.05
  -----------------------------------------------------------
  data required time                                 -0.05
  data arrival time                                  -2.48
  -----------------------------------------------------------
  slack (VIOLATED)                                   -2.53


1
