 
****************************************
Report : area
Design : s9234
Version: M-2016.12-SP1
Date   : Mon Mar  6 16:01:04 2023
****************************************

Information: Updating design information... (UID-85)
Library(s) Used:

    saed32rvt_ss0p95v25c (File: /mnt/class_data/ecec574-w2019/PDKs/SAED32nm/lib/stdcell_rvt/db_ccs/saed32rvt_ss0p95v25c.db)

Number of ports:                           78
Number of nets:                           560
Number of cells:                          496
Number of combinational cells:            370
Number of sequential cells:               126
Number of macros/black boxes:               0
Number of buf/inv:                         52
Number of references:                      30

Combinational area:                842.233222
Buf/Inv area:                       66.839872
Noncombinational area:             825.968027
Macro/Black Box area:                0.000000
Net Interconnect area:             326.382776

Total cell area:                  1668.201249
Total area:                       1994.584026
1
