 
****************************************
Report : timing
        -path full
        -delay max
        -max_paths 1
Design : s9234
Version: M-2016.12-SP1
Date   : Mon Mar  6 16:01:04 2023
****************************************

Operating Conditions: ss0p95v25c   Library: saed32rvt_ss0p95v25c
Wire Load Model Mode: enclosed

  Startpoint: DFF_166/q_reg
              (rising edge-triggered flip-flop clocked by ideal_clock1)
  Endpoint: DFF_74/q_reg
            (rising edge-triggered flip-flop clocked by ideal_clock1)
  Path Group: ideal_clock1
  Path Type: max

  Des/Clust/Port     Wire Load Model       Library
  ------------------------------------------------
  s9234              8000                  saed32rvt_ss0p95v25c

  Point                                    Incr       Path
  -----------------------------------------------------------
  clock ideal_clock1 (rise edge)           0.00       0.00
  clock network delay (ideal)              0.40       0.40
  DFF_166/q_reg/CLK (DFFX1_RVT)            0.00       0.40 r
  DFF_166/q_reg/Q (DFFX1_RVT)              0.19       0.59 f
  U735/Y (OAI22X1_RVT)                     0.14       0.74 r
  U736/Y (AO221X1_RVT)                     0.08       0.82 r
  U737/Y (NOR4X1_RVT)                      0.11       0.93 f
  U739/Y (NAND4X0_RVT)                     0.09       1.02 r
  U740/Y (NOR2X0_RVT)                      1.20       2.21 f
  U461/Y (AND2X1_RVT)                      0.11       2.32 f
  U453/Y (NBUFFX2_RVT)                     0.20       2.53 f
  U783/Y (AO22X1_RVT)                      7.57      10.10 f
  DFF_74/q_reg/D (DFFX1_RVT)               0.01      10.11 f
  data arrival time                                  10.11

  clock ideal_clock1 (rise edge)          10.00      10.00
  clock network delay (ideal)              0.40      10.40
  clock uncertainty                       -0.05      10.35
  DFF_74/q_reg/CLK (DFFX1_RVT)             0.00      10.35 r
  library setup time                      -0.02      10.33
  data required time                                 10.33
  -----------------------------------------------------------
  data required time                                 10.33
  data arrival time                                 -10.11
  -----------------------------------------------------------
  slack (MET)                                         0.22


1
