 
****************************************
Report : timing
        -path full
        -delay max
        -input_pins
        -nets
        -max_paths 1
        -transition_time
        -capacitance
Design : s9234
Version: M-2016.12-SP1
Date   : Mon Mar  6 16:01:04 2023
****************************************

Operating Conditions: ss0p95v25c   Library: saed32rvt_ss0p95v25c
Wire Load Model Mode: enclosed

  Startpoint: DFF_166/q_reg
              (rising edge-triggered flip-flop clocked by ideal_clock1)
  Endpoint: DFF_74/q_reg
            (rising edge-triggered flip-flop clocked by ideal_clock1)
  Path Group: ideal_clock1
  Path Type: max

  Des/Clust/Port     Wire Load Model       Library
  ------------------------------------------------
  s9234              8000                  saed32rvt_ss0p95v25c

  Point                        Fanout       Cap     Trans      Incr       Path
  -------------------------------------------------------------------------------
  clock ideal_clock1 (rise edge)                               0.00       0.00
  clock network delay (ideal)                                  0.40       0.40
  DFF_166/q_reg/CLK (DFFX1_RVT)                      0.10      0.00       0.40 r
  DFF_166/q_reg/Q (DFFX1_RVT)                        0.03      0.19       0.59 f
  g230 (net)                     2         0.95                0.00       0.59 f
  U735/A2 (OAI22X1_RVT)                              0.03      0.05       0.64 f
  U735/Y (OAI22X1_RVT)                               0.02      0.09       0.74 r
  n549 (net)                     1         0.50                0.00       0.74 r
  U736/A5 (AO221X1_RVT)                              0.02      0.01       0.75 r
  U736/Y (AO221X1_RVT)                               0.04      0.07       0.82 r
  n550 (net)                     1         0.58                0.00       0.82 r
  U737/A4 (NOR4X1_RVT)                               0.04      0.01       0.83 r
  U737/Y (NOR4X1_RVT)                                0.02      0.09       0.93 f
  n552 (net)                     1         0.50                0.00       0.93 f
  U739/A2 (NAND4X0_RVT)                              0.02      0.01       0.94 f
  U739/Y (NAND4X0_RVT)                               0.11      0.08       1.02 r
  n587 (net)                     7         4.06                0.00       1.02 r
  U740/A1 (NOR2X0_RVT)                               0.11      1.09       2.11 r
  U740/Y (NOR2X0_RVT)                                0.02      0.11       2.21 f
  n571 (net)                     2         0.98                0.00       2.21 f
  U461/A1 (AND2X1_RVT)                               0.02      0.05       2.27 f
  U461/Y (AND2X1_RVT)                                0.03      0.06       2.32 f
  n559 (net)                     3         1.54                0.00       2.32 f
  U453/A (NBUFFX2_RVT)                               0.03      0.14       2.46 f
  U453/Y (NBUFFX2_RVT)                               0.04      0.07       2.53 f
  n330 (net)                    16         7.23                0.00       2.53 f
  U783/A1 (AO22X1_RVT)                               0.04      7.48      10.01 f
  U783/Y (AO22X1_RVT)                                0.02      0.08      10.10 f
  g4438 (net)                    1         0.50                0.00      10.10 f
  DFF_74/q_reg/D (DFFX1_RVT)                         0.02      0.01      10.11 f
  data arrival time                                                      10.11

  clock ideal_clock1 (rise edge)                              10.00      10.00
  clock network delay (ideal)                                  0.40      10.40
  clock uncertainty                                           -0.05      10.35
  DFF_74/q_reg/CLK (DFFX1_RVT)                                 0.00      10.35 r
  library setup time                                          -0.02      10.33
  data required time                                                     10.33
  -------------------------------------------------------------------------------
  data required time                                                     10.33
  data arrival time                                                     -10.11
  -------------------------------------------------------------------------------
  slack (MET)                                                             0.22


1
