****************************************
Report : timing
	-path_type full
	-delay_type max
	-max_paths 1
	-sort_by slack
Design : s1238
Version: L-2016.06-SP3-1
Date   : Mon Mar  6 15:52:16 2023
****************************************


  Startpoint: G8 (input port clocked by ideal_clock1)
  Endpoint: G532 (output port clocked by ideal_clock1)
  Path Group: ideal_clock1
  Path Type: max

  Point                                    Incr       Path
  ---------------------------------------------------------------
  clock ideal_clock1 (rise edge)           0.00       0.00
  clock network delay (ideal)              0.00       0.00
  input external delay                     2.00       2.00 f
  G8 (in)                                  0.00       2.00 f
  U507/Y (INVX1_RVT)                       3.73       5.73 r
  U525/Y (NAND3X0_RVT)                     0.51       6.24 f
  U311/Y (INVX0_RVT)                       0.18       6.42 r
  U468/Y (AO21X1_RVT)                      0.21       6.63 r
  U527/Y (NAND2X0_RVT)                     0.28       6.91 f
  U325/Y (OA22X1_RVT)                      0.14       7.05 f
  U341/Y (AND2X1_RVT)                      0.06       7.12 f
  U384/Y (OAI22X1_RVT)                     0.08       7.20 r
  U383/Y (OR2X1_RVT)                       0.07       7.27 r
  U413/Y (NAND2X0_RVT)                     0.16       7.43 f
  U330/Y (OR2X1_RVT)                       0.12       7.56 f
  U597/Y (AO221X1_RVT)                     0.29       7.85 f
  U486/Y (AND3X1_RVT)                      0.08       7.93 f
  U492/Y (NAND2X0_RVT)                     0.04       7.97 r
  G532 (out)                               0.01       7.98 r
  data arrival time                                   7.98

  clock ideal_clock1 (rise edge)          10.00      10.00
  clock network delay (ideal)              0.00      10.00
  clock reconvergence pessimism            0.00      10.00
  clock uncertainty                       -0.05       9.95
  output external delay                   -2.00       7.95
  data required time                                  7.95
  ---------------------------------------------------------------
  data required time                                  7.95
  data arrival time                                  -7.98
  ---------------------------------------------------------------
  slack (VIOLATED)                                   -0.03


1
