****************************************
Report : timing
	-path_type full
	-delay_type max
	-input_pins
	-nets
	-max_paths 1
	-transition_time
	-capacitance
	-sort_by slack
Design : s1238
Version: L-2016.06-SP3-1
Date   : Mon Mar  6 15:52:17 2023
****************************************


  Startpoint: DFF_1/q_reg
               (rising edge-triggered flip-flop clocked by ideal_clock1)
  Endpoint: DFF_12/q_reg
               (rising edge-triggered flip-flop clocked by ideal_clock1)
  Path Group: ideal_clock1
  Path Type: max

  Point                       Fanout    Cap      Trans       Incr       Path
  -----------------------------------------------------------------------------
  clock ideal_clock1 (rise edge)                  0.10       0.00       0.00
  clock network delay (ideal)                                0.40       0.40
  DFF_1/q_reg/CLK (DFFX1_RVT)                     0.10       0.00       0.40 r
  DFF_1/q_reg/Q (DFFX1_RVT)                       0.03       0.18       0.58 r
  G30 (net)                      4     1.89 
  U503/A2 (AND2X1_RVT)                            0.03       0.24       0.82 r
  U503/Y (AND2X1_RVT)                             0.02       0.05       0.87 r
  n363 (net)                     1     0.47 
  U500/A1 (NAND2X0_RVT)                           0.02       0.01       0.88 r
  U500/Y (NAND2X0_RVT)                            0.05       0.04       0.92 f
  n362 (net)                     3     1.26 
  U452/A2 (AO21X1_RVT)                            0.05       0.11       1.03 f
  U452/Y (AO21X1_RVT)                             0.02       0.08       1.11 f
  n332 (net)                     1     0.46 
  U451/A1 (NAND2X0_RVT)                           0.02       0.01       1.12 f
  U451/Y (NAND2X0_RVT)                            0.05       0.04       1.16 r
  n383 (net)                     2     1.01 
  U487/A1 (AND3X1_RVT)                            0.05       0.06       1.22 r
  U487/Y (AND3X1_RVT)                             0.03       0.07       1.29 r
  n541 (net)                     2     0.94 
  U558/A1 (NAND2X0_RVT)                           0.03       0.05       1.34 r
  U558/Y (NAND2X0_RVT)                            0.08       0.07       1.40 f
  n508 (net)                     5     2.70 
  U324/A (INVX1_RVT)                              0.08       0.46       1.86 f
  U324/Y (INVX1_RVT)                              0.04       0.04       1.90 r
  n450 (net)                     2     1.05 
  U446/A (NBUFFX2_RVT)                            0.04       0.06       1.96 r
  U446/Y (NBUFFX2_RVT)                            0.03       0.05       2.01 r
  n328 (net)                     3     1.43 
  U574/A4 (AO22X1_RVT)                            0.03       0.13       2.14 r
  U574/Y (AO22X1_RVT)                             0.03       0.06       2.20 r
  n441 (net)                     1     0.47 
  U339/A3 (NAND3X0_RVT)                           0.03       0.01       2.21 r
  U339/Y (NAND3X0_RVT)                            0.07       0.06       2.27 f
  n591 (net)                     2     1.00 
  U575/A2 (AND2X1_RVT)                            0.07       0.06       2.33 f
  U575/Y (AND2X1_RVT)                             0.03       0.07       2.40 f
  n595 (net)                     1     0.70 
  DFF_12/q_reg/RSTB (DFFSSRX1_RVT)                0.03       0.02       2.41 f
  data arrival time                                                     2.41

  clock ideal_clock1 (rise edge)                  0.10      10.00      10.00
  clock network delay (ideal)                                0.40      10.40
  clock reconvergence pessimism                              0.00      10.40
  clock uncertainty                                         -0.05      10.35
  DFF_12/q_reg/CLK (DFFSSRX1_RVT)                                      10.35 r
  library setup time                                        -0.07      10.28
  data required time                                                   10.28
  -----------------------------------------------------------------------------
  data required time                                                   10.28
  data arrival time                                                    -2.41
  -----------------------------------------------------------------------------
  slack (MET)                                                           7.86


1
