 
****************************************
Report : timing
        -path full_clock
        -delay min
        -physical
        -derate
        -input_pins
        -nets
        -max_paths 1
        -transition_time
        -crosstalk_delta
        -capacitance
Design : FIFO
Version: Q-2019.12
Date   : Wed Mar  8 11:07:34 2023
****************************************

 * Some/all delay information is back-annotated.

Operating Conditions: ss0p95v25c   Library: saed32rvt_ss0p95v25c
	Parasitic source    : LPE
	Parasitic mode      : RealRC
	Extraction mode     : MIN_MAX
	Extraction derating : 125/125/125

Information: Percent of Arnoldi-based delays = 14.82%

Information: Percent of CCS-based delays =  1.24%

  Startpoint: FOutN (input port clocked by ideal_clock1)
  Endpoint: F_FullN_reg
            (rising edge-triggered flip-flop clocked by ideal_clock1)
  Path Group: ideal_clock1
  Path Type: min

Attributes:
    d - dont_touch
    u - dont_use
   mo - map_only
   so - size_only
    i - ideal_net or ideal_network

  Point                        Fanout       Cap     DTran     Trans     Delta     Derate      Incr       Path      Location / Load        Attributes
  --------------------------------------------------------------------------------------------------------------------------------------------------
  clock ideal_clock1 (rise edge)                                                             0.000      0.000
  clock network delay (ideal)                                                                0.000      0.000
  input external delay                                                                       0.100      0.100 f
  FOutN (in)                                                  0.000                          0.000 @    0.100 f    ( 0.00,27.30)
  FOutN (net)                    4        5.155                                              0.000      0.100 f    [3.46,5.16]
  U292/A1 (NAND3X0_RVT)                             0.000     0.000     0.000                0.000 @    0.100 f    (11.66,20.79)
  U292/Y (NAND3X0_RVT)                                        0.030                          0.022      0.122 r    (11.67,20.99)
  n79 (net)                      1        0.924                                              0.000      0.122 r    [0.42,0.92]
  F_FullN_reg/D (DFFASX1_RVT)                       0.000     0.030     0.000                0.000 &    0.122 r    (10.32,19.37)
  data arrival time                                                                                     0.122

  clock ideal_clock1 (rise edge)                                                             0.000      0.000
  Clk (in)                                                    0.000                          0.000 @    0.000 r    ( 0.00,47.67)
  Clk (net)                    229      236.612                                              0.000      0.000 r    [96.18,236.61]         d 
  F_FullN_reg/CLK (DFFASX1_RVT)                     0.000     0.017     0.000                0.004 @    0.004 r    (10.64,18.53)
  clock uncertainty                                                                          0.100      0.104
  F_FullN_reg/CLK (DFFASX1_RVT)                                                              0.000      0.104 r
  library hold time                                                                         -0.030      0.074
  data required time                                                                                    0.074
  --------------------------------------------------------------------------------------------------------------------------------------------------
  data required time                                                                                    0.074
  data arrival time                                                                                    -0.122
  --------------------------------------------------------------------------------------------------------------------------------------------------
  slack (MET)                                                                                           0.048


1
