 
****************************************
Report : timing
        -path full_clock
        -delay max
        -physical
        -derate
        -input_pins
        -nets
        -max_paths 1
        -transition_time
        -crosstalk_delta
        -capacitance
Design : FIFO
Version: Q-2019.12
Date   : Wed Mar  8 11:07:34 2023
****************************************

 * Some/all delay information is back-annotated.

Operating Conditions: ss0p95v25c   Library: saed32rvt_ss0p95v25c
	Parasitic source    : LPE
	Parasitic mode      : RealRC
	Extraction mode     : MIN_MAX
	Extraction derating : 125/125/125

Information: Percent of Arnoldi-based delays = 14.82%

Information: Percent of CCS-based delays =  1.24%

  Startpoint: fcounter_reg[1]
              (rising edge-triggered flip-flop clocked by ideal_clock1)
  Endpoint: fcounter_reg[31]
            (rising edge-triggered flip-flop clocked by ideal_clock1)
  Path Group: ideal_clock1
  Path Type: max

Attributes:
    d - dont_touch
    u - dont_use
   mo - map_only
   so - size_only
    i - ideal_net or ideal_network

  Point                        Fanout       Cap     DTran     Trans     Delta     Derate      Incr       Path      Location / Load        Attributes
  --------------------------------------------------------------------------------------------------------------------------------------------------
  clock ideal_clock1 (rise edge)                                                             0.000      0.000
  Clk (in)                                                    0.000                          0.000 @    0.000 r    ( 0.00,47.67)
  Clk (net)                    229      247.757                                              0.000      0.000 r    [104.18,247.76]        d 
  fcounter_reg[1]/CLK (DFFARX1_RVT)                 0.000     0.018     0.000                0.004 @    0.004 r    (23.04,21.53)
  fcounter_reg[1]/CLK (DFFARX1_RVT)                 0.000     0.018     0.000                0.000      0.004 r    (23.04,21.53)
  fcounter_reg[1]/Q (DFFARX1_RVT)                             0.062                          0.203      0.207 f    (19.84,20.77)
  fcounter[1] (net)              6        5.402                                              0.000      0.207 f    [1.94,5.40]
  sub_94/A[1] (FIFO_DW01_dec_0)                                                              0.000      0.207 f    (netlink)
  sub_94/A[1] (net)                       5.402                                              0.000      0.207 f    [1.94,5.40]
  sub_94/U91/A1 (OR2X1_RVT)                         0.000     0.062     0.000                0.000 &    0.207 f    (19.02,24.21)
  sub_94/U91/Y (OR2X1_RVT)                                    0.039                          0.094      0.301 f    (19.64,24.03)
  sub_94/n41 (net)               3        2.763                                              0.000      0.301 f    [1.08,2.76]
  sub_94/U90/A1 (OR2X1_RVT)                         0.000     0.039     0.000                0.000 &    0.301 f    (22.26,25.89)
  sub_94/U90/Y (OR2X1_RVT)                                    0.037                          0.080      0.380 f    (21.64,26.07)
  sub_94/n38 (net)               3        2.604                                              0.000      0.380 f    [0.92,2.60]
  sub_94/U89/A1 (OR2X1_RVT)                         0.000     0.037     0.000                0.000 &    0.380 f    (20.13,29.23)
  sub_94/U89/Y (OR2X1_RVT)                                    0.040                          0.081      0.462 f    (19.51,29.41)
  sub_94/n37 (net)               3        3.075                                              0.000      0.462 f    [1.39,3.08]
  sub_94/U88/A1 (OR2X1_RVT)                         0.000     0.040     0.000                0.000 &    0.462 f    (15.73,30.90)
  sub_94/U88/Y (OR2X1_RVT)                                    0.043                          0.086      0.547 f    (15.10,30.72)
  sub_94/n36 (net)               3        3.503                                              0.000      0.547 f    [1.82,3.50]
  sub_94/U87/A1 (OR2X1_RVT)                         0.000     0.043     0.000                0.000 &    0.547 f    (12.63,34.24)
  sub_94/U87/Y (OR2X1_RVT)                                    0.038                          0.083      0.630 f    (13.26,34.06)
  sub_94/n35 (net)               3        2.734                                              0.000      0.630 f    [1.05,2.73]
  sub_94/U86/A1 (OR2X1_RVT)                         0.000     0.038     0.000                0.000 &    0.630 f    (14.31,35.92)
  sub_94/U86/Y (OR2X1_RVT)                                    0.043                          0.084      0.714 f    (14.93,36.10)
  sub_94/n34 (net)               3        3.445                                              0.000      0.714 f    [1.76,3.45]
  sub_94/U85/A1 (OR2X1_RVT)                         0.000     0.043     0.000                0.000 &    0.714 f    (22.11,39.26)
  sub_94/U85/Y (OR2X1_RVT)                                    0.038                          0.084      0.798 f    (21.49,39.44)
  sub_94/n33 (net)               3        2.877                                              0.000      0.798 f    [1.19,2.88]
  sub_94/U84/A1 (OR2X1_RVT)                         0.000     0.038     0.000                0.000 &    0.798 f    (15.12,42.61)
  sub_94/U84/Y (OR2X1_RVT)                                    0.036                          0.079      0.877 f    (14.50,42.78)
  sub_94/n31 (net)               3        2.524                                              0.000      0.877 f    [0.84,2.52]
  sub_94/U83/A1 (OR2X1_RVT)                         0.000     0.036     0.000                0.000 &    0.877 f    (14.46,45.95)
  sub_94/U83/Y (OR2X1_RVT)                                    0.044                          0.084      0.961 f    (15.08,46.13)
  sub_94/n32 (net)               3        3.568                                              0.000      0.961 f    [1.89,3.57]
  sub_94/U82/A1 (OR2X1_RVT)                         0.000     0.044     0.000                0.000 &    0.961 f    (23.93,49.30)
  sub_94/U82/Y (OR2X1_RVT)                                    0.044                          0.088      1.049 f    (23.31,49.47)
  sub_94/n60 (net)               3        3.592                                              0.000      1.049 f    [1.91,3.59]
  sub_94/U80/A1 (OR2X1_RVT)                         0.000     0.044     0.000                0.000 &    1.049 f    (13.55,52.64)
  sub_94/U80/Y (OR2X1_RVT)                                    0.035                          0.081      1.130 f    (14.17,52.82)
  sub_94/n59 (net)               3        2.423                                              0.000      1.130 f    [0.74,2.42]
  sub_94/U78/A1 (OR2X1_RVT)                         0.000     0.035     0.000                0.000 &    1.130 f    (15.12,54.30)
  sub_94/U78/Y (OR2X1_RVT)                                    0.038                          0.079      1.210 f    (14.50,54.13)
  sub_94/n58 (net)               3        2.866                                              0.000      1.210 f    [1.18,2.87]
  sub_94/U76/A1 (OR2X1_RVT)                         0.000     0.038     0.000                0.000 &    1.210 f    (11.32,59.33)
  sub_94/U76/Y (OR2X1_RVT)                                    0.035                          0.079      1.288 f    (10.70,59.51)
  sub_94/n57 (net)               3        2.439                                              0.000      1.288 f    [0.76,2.44]
  sub_94/U74/A1 (OR2X1_RVT)                         0.000     0.035     0.000                0.000 &    1.288 f    (11.72,60.99)
  sub_94/U74/Y (OR2X1_RVT)                                    0.045                          0.085      1.373 f    (12.34,60.81)
  sub_94/n56 (net)               3        3.852                                              0.000      1.373 f    [2.17,3.85]
  sub_94/U72/A1 (OR2X1_RVT)                         0.000     0.045     0.000                0.000 &    1.373 f    (25.55,60.99)
  sub_94/U72/Y (OR2X1_RVT)                                    0.037                          0.084      1.457 f    (26.18,60.81)
  sub_94/n55 (net)               3        2.672                                              0.000      1.457 f    [0.99,2.67]
  sub_94/U70/A1 (OR2X1_RVT)                         0.000     0.037     0.000                0.000 &    1.457 f    (27.28,59.33)
  sub_94/U70/Y (OR2X1_RVT)                                    0.042                          0.083      1.540 f    (26.66,59.51)
  sub_94/n54 (net)               3        3.278                                              0.000      1.540 f    [1.60,3.28]
  sub_94/U68/A1 (OR2X1_RVT)                         0.000     0.042     0.000                0.000 &    1.540 f    (21.96,62.67)
  sub_94/U68/Y (OR2X1_RVT)                                    0.041                          0.085      1.625 f    (21.34,62.85)
  sub_94/n53 (net)               3        3.242                                              0.000      1.625 f    [1.56,3.24]
  sub_94/U66/A1 (OR2X1_RVT)                         0.000     0.041     0.000                0.000 &    1.625 f    (29.66,60.99)
  sub_94/U66/Y (OR2X1_RVT)                                    0.038                          0.083      1.707 f    (30.28,60.81)
  sub_94/n52 (net)               3        2.829                                              0.000      1.707 f    [1.15,2.83]
  sub_94/U64/A1 (OR2X1_RVT)                         0.000     0.038     0.000                0.000 &    1.707 f    (31.03,57.65)
  sub_94/U64/Y (OR2X1_RVT)                                    0.045                          0.086      1.793 f    (31.65,57.47)
  sub_94/n51 (net)               3        3.736                                              0.000      1.793 f    [2.05,3.74]
  sub_94/U61/A1 (OR2X1_RVT)                         0.000     0.045     0.000                0.000 &    1.793 f    (30.17,52.64)
  sub_94/U61/Y (OR2X1_RVT)                                    0.037                          0.083      1.877 f    (29.54,52.82)
  sub_94/n50 (net)               3        2.668                                              0.000      1.877 f    [0.99,2.67]
  sub_94/U59/A1 (OR2X1_RVT)                         0.000     0.037     0.000                0.000 &    1.877 f    (28.19,50.96)
  sub_94/U59/Y (OR2X1_RVT)                                    0.035                          0.078      1.954 f    (27.57,50.78)
  sub_94/n49 (net)               3        2.376                                              0.000      1.954 f    [0.69,2.38]
  sub_94/U57/A1 (OR2X1_RVT)                         0.000     0.035     0.000                0.000 &    1.954 f    (26.21,47.62)
  sub_94/U57/Y (OR2X1_RVT)                                    0.037                          0.078      2.033 f    (25.59,47.44)
  sub_94/n48 (net)               3        2.755                                              0.000      2.033 f    [1.07,2.75]
  sub_94/U55/A1 (OR2X1_RVT)                         0.000     0.037     0.000                0.000 &    2.033 f    (25.30,44.27)
  sub_94/U55/Y (OR2X1_RVT)                                    0.036                          0.079      2.112 f    (24.68,44.10)
  sub_94/n47 (net)               3        2.542                                              0.000      2.112 f    [0.86,2.54]
  sub_94/U53/A1 (OR2X1_RVT)                         0.000     0.036     0.000                0.000 &    2.112 f    (24.34,42.61)
  sub_94/U53/Y (OR2X1_RVT)                                    0.036                          0.078      2.189 f    (24.96,42.78)
  sub_94/n46 (net)               3        2.522                                              0.000      2.189 f    [0.84,2.52]
  sub_94/U51/A1 (OR2X1_RVT)                         0.000     0.036     0.000                0.000 &    2.189 f    (25.45,39.26)
  sub_94/U51/Y (OR2X1_RVT)                                    0.039                          0.081      2.270 f    (24.83,39.44)
  sub_94/n45 (net)               3        3.023                                              0.000      2.270 f    [1.34,3.02]
  sub_94/U49/A1 (OR2X1_RVT)                         0.000     0.039     0.000                0.000 &    2.270 f    (24.79,32.58)
  sub_94/U49/Y (OR2X1_RVT)                                    0.035                          0.079      2.349 f    (25.42,32.75)
  sub_94/n44 (net)               3        2.442                                              0.000      2.349 f    [0.76,2.44]
  sub_94/U47/A1 (OR2X1_RVT)                         0.000     0.035     0.000                0.000 &    2.349 f    (26.31,30.90)
  sub_94/U47/Y (OR2X1_RVT)                                    0.037                          0.078      2.427 f    (26.94,30.72)
  sub_94/n43 (net)               3        2.713                                              0.000      2.427 f    [1.03,2.71]
  sub_94/U45/A1 (OR2X1_RVT)                         0.000     0.037     0.000                0.000 &    2.427 f    (34.52,30.90)
  sub_94/U45/Y (OR2X1_RVT)                                    0.034                          0.077      2.505 f    (35.14,30.72)
  sub_94/n42 (net)               3        2.319                                              0.000      2.505 f    [0.64,2.32]
  sub_94/U43/A1 (OR2X1_RVT)                         0.000     0.034     0.000                0.000 &    2.505 f    (35.33,29.23)
  sub_94/U43/Y (OR2X1_RVT)                                    0.037                          0.077      2.582 f    (34.71,29.41)
  sub_94/n40 (net)               2        2.633                                              0.000      2.582 f    [1.39,2.63]
  sub_94/U39/A1 (OR2X1_RVT)                         0.000     0.037     0.000                0.000 &    2.582 f    (28.49,27.55)
  sub_94/U39/Y (OR2X1_RVT)                                    0.028                          0.071      2.653 f    (27.87,27.38)
  sub_94/n39 (net)               1        1.355                                              0.000      2.653 f    [0.30,1.35]
  sub_94/U38/A1 (XNOR2X1_RVT)                       0.000     0.028     0.000                0.000 &    2.653 f    (26.99,26.07)
  sub_94/U38/Y (XNOR2X1_RVT)                                  0.037                          0.109      2.762 r    (25.91,25.95)
  sub_94/SUM[31] (net)           1        0.779                                              0.000      2.762 r    [0.34,0.78]
  sub_94/SUM[31] (FIFO_DW01_dec_0)                                                           0.000      2.762 r    (netlink)
  N147 (net)                              0.779                                              0.000      2.762 r    [0.34,0.78]
  U206/A3 (AO222X1_RVT)                             0.000     0.037     0.000                0.000 &    2.762 r    (25.78,23.53)
  U206/Y (AO222X1_RVT)                                        0.056                          0.116      2.878 r    (24.88,24.22)
  n78 (net)                      1        1.315                                              0.000      2.878 r    [0.82,1.32]
  fcounter_reg[31]/D (DFFARX1_RVT)                  0.000     0.056     0.000                0.000 &    2.878 r    (24.00,20.69)
  data arrival time                                                                                     2.878

  clock ideal_clock1 (rise edge)                                                            15.200     15.200
  Clk (in)                                                    0.000                          0.000 @   15.200 r    ( 0.00,47.67)
  Clk (net)                    229      247.757                                              0.000     15.200 r    [104.18,247.76]        d 
  fcounter_reg[31]/CLK (DFFARX1_RVT)                0.000     0.018     0.000                0.004 @   15.204 r    (24.32,21.53)
  clock uncertainty                                                                         -0.100     15.104
  fcounter_reg[31]/CLK (DFFARX1_RVT)                                                         0.000     15.104 r
  library setup time                                                                        -0.073     15.031
  data required time                                                                                   15.031
  --------------------------------------------------------------------------------------------------------------------------------------------------
  data required time                                                                                   15.031
  data arrival time                                                                                    -2.878
  --------------------------------------------------------------------------------------------------------------------------------------------------
  slack (MET)                                                                                          12.153


1
