 
****************************************
Report : timing
        -path full_clock
        -delay max
        -physical
        -derate
        -input_pins
        -nets
        -max_paths 1
        -transition_time
        -crosstalk_delta
        -capacitance
Design : FIFO
Version: Q-2019.12
Date   : Wed Mar  8 10:29:56 2023
****************************************

 * Some/all delay information is back-annotated.

Operating Conditions: ss0p95v25c   Library: saed32rvt_ss0p95v25c

  Startpoint: fcounter_reg[1]
              (rising edge-triggered flip-flop clocked by ideal_clock1)
  Endpoint: fcounter_reg[31]
            (rising edge-triggered flip-flop clocked by ideal_clock1)
  Path Group: ideal_clock1
  Path Type: max

Attributes:
    d - dont_touch
    u - dont_use
   mo - map_only
   so - size_only
    i - ideal_net or ideal_network

  Point                        Fanout       Cap     DTran     Trans     Delta     Derate      Incr       Path      Location / Load        Attributes
  --------------------------------------------------------------------------------------------------------------------------------------------------
  clock ideal_clock1 (rise edge)                                                             0.000      0.000
  clock network delay (ideal)                                                                0.000      0.000
  fcounter_reg[1]/CLK (DFFARX1_RVT)                 0.000     0.000     0.000                0.000      0.000 r    (20.31,21.88)
  fcounter_reg[1]/Q (DFFARX1_RVT)                             0.059                          0.193      0.193 f    (17.11,22.64)
  fcounter[1] (net)              6        4.992                                              0.000      0.193 f    [1.53,4.99]
  sub_94/A[1] (FIFO_DW01_dec_0)                                                              0.000      0.193 f    (netlink)
  sub_94/A[1] (net)                       4.992                                              0.000      0.193 f    [1.53,4.99]
  sub_94/U91/A1 (OR2X1_RVT)                         0.000     0.059     0.000                0.000 *    0.193 f    (13.70,25.89)
  sub_94/U91/Y (OR2X1_RVT)                                    0.033                          0.088      0.281 f    (14.32,26.07)
  sub_94/n41 (net)               3        2.069                                              0.000      0.281 f    [0.39,2.07]
  sub_94/U90/A1 (OR2X1_RVT)                         0.000     0.033     0.000                0.000 *    0.281 f    (16.33,27.55)
  sub_94/U90/Y (OR2X1_RVT)                                    0.033                          0.073      0.354 f    (15.71,27.38)
  sub_94/n38 (net)               3        2.085                                              0.000      0.354 f    [0.40,2.08]
  sub_94/U89/A1 (OR2X1_RVT)                         0.000     0.033     0.000                0.000 *    0.354 f    (13.75,29.23)
  sub_94/U89/Y (OR2X1_RVT)                                    0.033                          0.073      0.428 f    (13.13,29.41)
  sub_94/n37 (net)               3        2.083                                              0.000      0.428 f    [0.40,2.08]
  sub_94/U88/A1 (OR2X1_RVT)                         0.000     0.033     0.000                0.000 *    0.428 f    (12.99,32.58)
  sub_94/U88/Y (OR2X1_RVT)                                    0.032                          0.073      0.501 f    (12.37,32.75)
  sub_94/n36 (net)               3        1.978                                              0.000      0.501 f    [0.30,1.98]
  sub_94/U87/A1 (OR2X1_RVT)                         0.000     0.032     0.000                0.000 *    0.501 f    (11.47,34.24)
  sub_94/U87/Y (OR2X1_RVT)                                    0.033                          0.073      0.574 f    (10.85,34.06)
  sub_94/n35 (net)               3        2.168                                              0.000      0.574 f    [0.49,2.17]
  sub_94/U86/A1 (OR2X1_RVT)                         0.000     0.033     0.000                0.000 *    0.574 f    (11.77,37.58)
  sub_94/U86/Y (OR2X1_RVT)                                    0.033                          0.074      0.648 f    (11.15,37.41)
  sub_94/n34 (net)               3        2.108                                              0.000      0.648 f    [0.43,2.11]
  sub_94/U85/A1 (OR2X1_RVT)                         0.000     0.033     0.000                0.000 *    0.648 f    (10.96,40.93)
  sub_94/U85/Y (OR2X1_RVT)                                    0.032                          0.073      0.721 f    (11.58,40.75)
  sub_94/n33 (net)               3        2.006                                              0.000      0.721 f    [0.32,2.01]
  sub_94/U84/A1 (OR2X1_RVT)                         0.000     0.032     0.000                0.000 *    0.721 f    (11.77,42.61)
  sub_94/U84/Y (OR2X1_RVT)                                    0.033                          0.073      0.794 f    (11.15,42.78)
  sub_94/n31 (net)               3        2.094                                              0.000      0.794 f    [0.41,2.09]
  sub_94/U83/A1 (OR2X1_RVT)                         0.000     0.033     0.000                0.000 *    0.794 f    (11.47,45.95)
  sub_94/U83/Y (OR2X1_RVT)                                    0.034                          0.075      0.868 f    (10.85,46.13)
  sub_94/n32 (net)               3        2.239                                              0.000      0.868 f    [0.56,2.24]
  sub_94/U82/A1 (OR2X1_RVT)                         0.000     0.034     0.000                0.000 *    0.868 f    (10.66,50.96)
  sub_94/U82/Y (OR2X1_RVT)                                    0.034                          0.074      0.942 f    (11.28,50.78)
  sub_94/n60 (net)               3        2.122                                              0.000      0.942 f    [0.44,2.12]
  sub_94/U80/A1 (OR2X1_RVT)                         0.000     0.034     0.000                0.000 *    0.942 f    (11.32,54.30)
  sub_94/U80/Y (OR2X1_RVT)                                    0.033                          0.074      1.016 f    (10.70,54.13)
  sub_94/n59 (net)               3        2.076                                              0.000      1.016 f    [0.39,2.08]
  sub_94/U78/A1 (OR2X1_RVT)                         0.000     0.033     0.000                0.000 *    1.016 f    (11.17,55.99)
  sub_94/U78/Y (OR2X1_RVT)                                    0.034                          0.074      1.091 f    (10.54,56.16)
  sub_94/n58 (net)               3        2.240                                              0.000      1.091 f    [0.56,2.24]
  sub_94/U76/A1 (OR2X1_RVT)                         0.000     0.034     0.000                0.000 *    1.091 f    (10.81,60.99)
  sub_94/U76/Y (OR2X1_RVT)                                    0.034                          0.075      1.165 f    (11.43,60.81)
  sub_94/n57 (net)               3        2.232                                              0.000      1.165 f    [0.55,2.23]
  sub_94/U74/A1 (OR2X1_RVT)                         0.000     0.034     0.000                0.000 *    1.165 f    (11.87,64.33)
  sub_94/U74/Y (OR2X1_RVT)                                    0.032                          0.073      1.239 f    (12.50,64.16)
  sub_94/n56 (net)               3        1.970                                              0.000      1.239 f    [0.29,1.97]
  sub_94/U72/A1 (OR2X1_RVT)                         0.000     0.032     0.000                0.000 *    1.239 f    (15.37,64.33)
  sub_94/U72/Y (OR2X1_RVT)                                    0.033                          0.073      1.312 f    (15.99,64.16)
  sub_94/n55 (net)               3        2.113                                              0.000      1.312 f    [0.43,2.11]
  sub_94/U70/A1 (OR2X1_RVT)                         0.000     0.033     0.000                0.000 *    1.312 f    (18.71,62.67)
  sub_94/U70/Y (OR2X1_RVT)                                    0.034                          0.074      1.386 f    (19.34,62.85)
  sub_94/n54 (net)               3        2.204                                              0.000      1.386 f    [0.52,2.20]
  sub_94/U68/A1 (OR2X1_RVT)                         0.000     0.034     0.000                0.000 *    1.386 f    (20.54,59.33)
  sub_94/U68/Y (OR2X1_RVT)                                    0.033                          0.075      1.461 f    (21.16,59.51)
  sub_94/n53 (net)               3        2.173                                              0.000      1.461 f    [0.49,2.17]
  sub_94/U66/A1 (OR2X1_RVT)                         0.000     0.033     0.000                0.000 *    1.461 f    (20.99,55.99)
  sub_94/U66/Y (OR2X1_RVT)                                    0.033                          0.073      1.534 f    (21.62,56.16)
  sub_94/n52 (net)               3        2.008                                              0.000      1.534 f    [0.33,2.01]
  sub_94/U64/A1 (OR2X1_RVT)                         0.000     0.033     0.000                0.000 *    1.534 f    (21.35,54.30)
  sub_94/U64/Y (OR2X1_RVT)                                    0.034                          0.074      1.608 f    (20.73,54.13)
  sub_94/n51 (net)               3        2.213                                              0.000      1.608 f    [0.53,2.21]
  sub_94/U61/A1 (OR2X1_RVT)                         0.000     0.034     0.000                0.000 *    1.608 f    (18.61,50.96)
  sub_94/U61/Y (OR2X1_RVT)                                    0.033                          0.075      1.683 f    (17.99,50.78)
  sub_94/n50 (net)               3        2.196                                              0.000      1.683 f    [0.51,2.20]
  sub_94/U59/A1 (OR2X1_RVT)                         0.000     0.033     0.000                0.000 *    1.683 f    (18.87,47.62)
  sub_94/U59/Y (OR2X1_RVT)                                    0.032                          0.074      1.757 f    (19.49,47.44)
  sub_94/n49 (net)               3        2.091                                              0.000      1.757 f    [0.41,2.09]
  sub_94/U57/A1 (OR2X1_RVT)                         0.000     0.032     0.000                0.000 *    1.757 f    (19.63,44.27)
  sub_94/U57/Y (OR2X1_RVT)                                    0.033                          0.073      1.830 f    (20.25,44.10)
  sub_94/n48 (net)               3        2.075                                              0.000      1.830 f    [0.39,2.07]
  sub_94/U55/A1 (OR2X1_RVT)                         0.000     0.033     0.000                0.000 *    1.830 f    (21.91,44.27)
  sub_94/U55/Y (OR2X1_RVT)                                    0.033                          0.074      1.904 f    (22.53,44.10)
  sub_94/n47 (net)               3        2.179                                              0.000      1.904 f    [0.50,2.18]
  sub_94/U53/A1 (OR2X1_RVT)                         0.000     0.033     0.000                0.000 *    1.904 f    (26.01,42.61)
  sub_94/U53/Y (OR2X1_RVT)                                    0.033                          0.074      1.978 f    (26.63,42.78)
  sub_94/n46 (net)               3        2.174                                              0.000      1.978 f    [0.49,2.17]
  sub_94/U51/A1 (OR2X1_RVT)                         0.000     0.033     0.000                0.000 *    1.978 f    (26.52,39.26)
  sub_94/U51/Y (OR2X1_RVT)                                    0.033                          0.074      2.052 f    (25.90,39.44)
  sub_94/n45 (net)               3        2.195                                              0.000      2.052 f    [0.51,2.20]
  sub_94/U49/A1 (OR2X1_RVT)                         0.000     0.033     0.000                0.000 *    2.052 f    (26.31,35.92)
  sub_94/U49/Y (OR2X1_RVT)                                    0.032                          0.073      2.126 f    (26.94,36.10)
  sub_94/n44 (net)               3        2.008                                              0.000      2.126 f    [0.33,2.01]
  sub_94/U47/A1 (OR2X1_RVT)                         0.000     0.032     0.000                0.000 *    2.126 f    (27.83,34.24)
  sub_94/U47/Y (OR2X1_RVT)                                    0.032                          0.073      2.198 f    (28.46,34.06)
  sub_94/n43 (net)               3        2.029                                              0.000      2.198 f    [0.35,2.03]
  sub_94/U45/A1 (OR2X1_RVT)                         0.000     0.032     0.000                0.000 *    2.198 f    (28.29,32.58)
  sub_94/U45/Y (OR2X1_RVT)                                    0.034                          0.074      2.272 f    (28.91,32.75)
  sub_94/n42 (net)               3        2.180                                              0.000      2.272 f    [0.50,2.18]
  sub_94/U43/A1 (OR2X1_RVT)                         0.000     0.034     0.000                0.000 *    2.272 f    (29.25,29.23)
  sub_94/U43/Y (OR2X1_RVT)                                    0.029                          0.070      2.342 f    (28.63,29.41)
  sub_94/n40 (net)               2        1.568                                              0.000      2.342 f    [0.33,1.57]
  sub_94/U39/A1 (OR2X1_RVT)                         0.000     0.029     0.000                0.000 *    2.342 f    (28.80,27.55)
  sub_94/U39/Y (OR2X1_RVT)                                    0.027                          0.066      2.408 f    (28.18,27.38)
  sub_94/n39 (net)               1        1.239                                              0.000      2.408 f    [0.19,1.24]
  sub_94/U38/A1 (XNOR2X1_RVT)                       0.000     0.027     0.000                0.000 *    2.408 f    (26.23,27.38)
  sub_94/U38/Y (XNOR2X1_RVT)                                  0.036                          0.107      2.515 r    (25.15,27.49)
  sub_94/SUM[31] (net)           1        0.666                                              0.000      2.515 r    [0.23,0.67]
  sub_94/SUM[31] (FIFO_DW01_dec_0)                                                           0.000      2.515 r    (netlink)
  N147 (net)                              0.666                                              0.000      2.515 r    [0.23,0.67]
  U206/A3 (AO222X1_RVT)                             0.000     0.036     0.000                0.000 *    2.515 r    (26.39,26.57)
  U206/Y (AO222X1_RVT)                                        0.048                          0.113      2.628 r    (25.49,25.88)
  n78 (net)                      1        1.075                                              0.000      2.628 r    [0.58,1.08]
  fcounter_reg[31]/D (DFFARX1_RVT)                  0.000     0.048     0.000                0.000 *    2.628 r    (29.74,24.04)
  data arrival time                                                                                     2.628

  clock ideal_clock1 (rise edge)                                                            15.200     15.200
  clock network delay (ideal)                                                                0.000     15.200
  clock uncertainty                                                                         -0.100     15.100
  fcounter_reg[31]/CLK (DFFARX1_RVT)                                                         0.000     15.100 r
  library setup time                                                                        -0.073     15.027
  data required time                                                                                   15.027
  --------------------------------------------------------------------------------------------------------------------------------------------------
  data required time                                                                                   15.027
  data arrival time                                                                                    -2.628
  --------------------------------------------------------------------------------------------------------------------------------------------------
  slack (MET)                                                                                          12.399


1
