 
****************************************
Report : design
        -physical
Design : FIFO
Version: Q-2019.12
Date   : Wed Mar  8 10:29:56 2023
****************************************

****************************** P&R Summary ********************************
Date : Wed Mar  8 10:29:56 2023
Machine Host Name: xunil-03.coe.drexel.edu
Working Directory: /home/njs82@drexel.edu/ECEC574/icc_pnr
Library Name:      fifo.mw
Cell Name:         FIFO.CEL;11
Design Statistics:
    Number of Module Cells:        795
    Number of Pins:                5091
    Number of IO Pins:             90
    Number of Nets:                928
    Average Pins Per Net (Signal): 3.61771

Chip Utilization:
    Total Std Cell Area:           3027.87
    Core Size:     width 91.96, height 55.18; area 5073.98
    Chip Size:     width 111.96, height 75.18; area 8416.70
    Std cells utilization:         59.67% 
    Cell/Core Ratio:               59.67%
    Cell/Chip Ratio:               35.97%
    Number of Cell Rows:            33

Master Instantiation:
	MasterName	Type	InstCount
	=================================
	AO22X1_RVT	STD	225
	DFFX1_RVT	STD	128
	DFFARX1_RVT	STD	97
	HADDX1_RVT	STD	90
	INVX1_RVT	STD	43
	AO221X1_RVT	STD	34
	AO222X1_RVT	STD	32
	OR2X1_RVT	STD	32
	AO21X1_RVT	STD	30
	NAND2X0_RVT	STD	12
	INVX4_RVT	STD	11
	NOR4X1_RVT	STD	11
	NBUFFX2_RVT	STD	11
	NAND3X0_RVT	STD	7
	AND4X1_RVT	STD	5
	OR4X1_RVT	STD	5
	INVX2_RVT	STD	4
	DFFASX1_RVT	STD	4
	XOR2X1_RVT	STD	4
	AND2X2_RVT	STD	2
	AOI21X1_RVT	STD	2
	OA21X1_RVT	STD	2
	INVX0_RVT	STD	1
	NAND4X0_RVT	STD	1
	OR3X2_RVT	STD	1
	XNOR2X1_RVT	STD	1
	=================================

Timing/Optimization Information:

Global Routing Information:

Track Assignment Information:

Detailed Routing Information:

DRC information: 
      Total error number: 0

Ring Wiring Statistics:
    metal6 Wire Length(count):                296.70(4)
    metal7 Wire Length(count):                443.84(4)
  ==============================================
    Total Wire Length(count):                 740.54(8)
    Number of via6 Contacts:              8
  ==============================================
    Total Number of Contacts:        8

Stripe Wiring Statistics:

User Wiring Statistics:

PG follow-pin Wiring Statistics:
    metal1 Wire Length(count):               3326.56(34)
  ==============================================
    Total Wire Length(count):                3326.56(34)
    Number of via1 Contacts:             68
    Number of via2 Contacts:             68
    Number of via3 Contacts:             68
    Number of via4 Contacts:             68
    Number of via5 Contacts:             68
  ==============================================
    Total Number of Contacts:      340

Signal Wiring Statistics:
      Mask Name      Contact Code    Number Of Contacts    Percentage

  Horizontal/Vertical Wire Distribution:
    Layer      Hor. Wire (% of Hor.)     Ver. Wire (% of Ver.)
  ==============================================================
    Total              0.00                      0.00
1
