 
****************************************
Report : power
        -analysis_effort low
Design : s15850
Version: M-2016.12-SP1
Date   : Mon Mar  6 15:57:47 2023
****************************************


Library(s) Used:

    saed32rvt_ss0p95v25c (File: /mnt/class_data/ecec574-w2019/PDKs/SAED32nm/lib/stdcell_rvt/db_ccs/saed32rvt_ss0p95v25c.db)


Operating Conditions: ss0p95v25c   Library: saed32rvt_ss0p95v25c
Wire Load Model Mode: enclosed

Design        Wire Load Model            Library
------------------------------------------------
s15850                 8000              saed32rvt_ss0p95v25c


Global Operating Voltage = 0.95 
Power-specific unit information :
    Voltage Units = 1V
    Capacitance Units = 1.000000ff
    Time Units = 1ns
    Dynamic Power Units = 1uW    (derived from V,C,T units)
    Leakage Power Units = 1pW


  Cell Internal Power  =   0.0000 uW    (0%)
  Net Switching Power  =   5.8927 uW  (100%)
                         ---------
Total Dynamic Power    =   5.8927 uW  (100%)

Cell Leakage Power     = 151.4475 uW


                 Internal         Switching           Leakage            Total
Power Group      Power            Power               Power              Power   (   %    )  Attrs
--------------------------------------------------------------------------------------------------
io_pad             0.0000            0.0000            0.0000            0.0000  (   0.00%)
memory             0.0000            0.0000            0.0000            0.0000  (   0.00%)
black_box          0.0000            0.0000            0.0000            0.0000  (   0.00%)
clock_network      0.0000            0.0000            0.0000            0.0000  (   0.00%)
register           0.0000            2.3026        6.2244e+07           64.5465  (  41.02%)
sequential         0.0000            0.0000            0.0000            0.0000  (   0.00%)
combinational      0.0000            3.5901        8.9204e+07           92.7936  (  58.98%)
--------------------------------------------------------------------------------------------------
Total              0.0000 uW         5.8927 uW     1.5145e+08 pW       157.3402 uW
1
