 
****************************************
Report : area
Design : s15850
Version: M-2016.12-SP1
Date   : Mon Mar  6 15:57:47 2023
****************************************

Information: Updating design information... (UID-85)
Library(s) Used:

    saed32rvt_ss0p95v25c (File: /mnt/class_data/ecec574-w2019/PDKs/SAED32nm/lib/stdcell_rvt/db_ccs/saed32rvt_ss0p95v25c.db)

Number of ports:                          230
Number of nets:                          1867
Number of cells:                         1663
Number of combinational cells:           1210
Number of sequential cells:               453
Number of macros/black boxes:               0
Number of buf/inv:                        207
Number of references:                      37

Combinational area:               2802.700053
Buf/Inv area:                      288.961732
Noncombinational area:            2920.622944
Macro/Black Box area:                0.000000
Net Interconnect area:            1156.772438

Total cell area:                  5723.322997
Total area:                       6880.095435
1
