 
****************************************
Report : timing
        -path full
        -delay max
        -input_pins
        -nets
        -max_paths 1
        -transition_time
        -capacitance
Design : s15850
Version: M-2016.12-SP1
Date   : Mon Mar  6 15:57:48 2023
****************************************

Operating Conditions: ss0p95v25c   Library: saed32rvt_ss0p95v25c
Wire Load Model Mode: enclosed

  Startpoint: DFF_352/q_reg
              (rising edge-triggered flip-flop clocked by ideal_clock1)
  Endpoint: DFF_1/q_reg
            (rising edge-triggered flip-flop clocked by ideal_clock1)
  Path Group: ideal_clock1
  Path Type: max

  Des/Clust/Port     Wire Load Model       Library
  ------------------------------------------------
  s15850             8000                  saed32rvt_ss0p95v25c

  Point                        Fanout       Cap     Trans      Incr       Path
  -------------------------------------------------------------------------------
  clock ideal_clock1 (rise edge)                               0.00       0.00
  clock network delay (ideal)                                  0.40       0.40
  DFF_352/q_reg/CLK (DFFX1_RVT)                      0.10      0.00       0.40 r
  DFF_352/q_reg/Q (DFFX1_RVT)                        0.03      0.19       0.59 r
  g1845 (net)                    2         0.93                0.00       0.59 r
  U2214/A1 (NAND2X0_RVT)                             0.03      0.05       0.64 r
  U2214/Y (NAND2X0_RVT)                              0.04      0.04       0.68 f
  n1441 (net)                    2         1.03                0.00       0.68 f
  U2215/A2 (OR2X1_RVT)                               0.04      0.06       0.73 f
  U2215/Y (OR2X1_RVT)                                0.03      0.07       0.80 f
  n1584 (net)                    3         1.57                0.00       0.80 f
  U1710/A2 (OR2X1_RVT)                               0.03      0.14       0.94 f
  U1710/Y (OR2X1_RVT)                                0.04      0.07       1.01 f
  n1643 (net)                    6         2.84                0.00       1.01 f
  U2418/A3 (AO21X1_RVT)                              0.04      0.62       1.62 f
  U2418/Y (AO21X1_RVT)                               0.06      0.08       1.71 f
  n1716 (net)                   12         5.78                0.00       1.71 f
  U2419/A (INVX1_RVT)                                0.06      3.58       5.29 f
  U2419/Y (INVX1_RVT)                                0.06      0.07       5.36 r
  n1718 (net)                   10         4.97                0.00       5.36 r
  U1707/A2 (OR2X1_RVT)                               0.06      2.28       7.64 r
  U1707/Y (OR2X1_RVT)                                0.05      0.09       7.73 r
  n1715 (net)                    9         4.08                0.00       7.73 r
  U2469/A5 (OA221X1_RVT)                             0.05      1.59       9.32 r
  U2469/Y (OA221X1_RVT)                              0.04      0.08       9.40 r
  n1563 (net)                    1         0.95                0.00       9.40 r
  U2470/A0 (HADDX1_RVT)                              0.04      0.02       9.42 r
  U2470/SO (HADDX1_RVT)                              0.03      0.11       9.53 f
  n1564 (net)                    1         0.48                0.00       9.53 f
  U2471/A1 (AO21X1_RVT)                              0.03      0.01       9.54 f
  U2471/Y (AO21X1_RVT)                               0.02      0.07       9.62 f
  g8943 (net)                    1         0.50                0.00       9.62 f
  DFF_1/q_reg/D (DFFX1_RVT)                          0.02      0.01       9.63 f
  data arrival time                                                       9.63

  clock ideal_clock1 (rise edge)                              10.00      10.00
  clock network delay (ideal)                                  0.40      10.40
  clock uncertainty                                           -0.05      10.35
  DFF_1/q_reg/CLK (DFFX1_RVT)                                  0.00      10.35 r
  library setup time                                          -0.02      10.33
  data required time                                                     10.33
  -------------------------------------------------------------------------------
  data required time                                                     10.33
  data arrival time                                                      -9.63
  -------------------------------------------------------------------------------
  slack (MET)                                                             0.70


1
