****************************************
Report : timing
	-path_type full
	-delay_type max
	-max_paths 1
	-sort_by slack
Design : s15850
Version: L-2016.06-SP3-1
Date   : Wed Mar  1 18:51:58 2023
****************************************


  Startpoint: g46 (input port clocked by ideal_clock1)
  Endpoint: g11163 (output port clocked by ideal_clock1)
  Path Group: ideal_clock1
  Path Type: max

  Point                                    Incr       Path
  ---------------------------------------------------------------
  clock ideal_clock1 (rise edge)           0.00       0.00
  clock network delay (ideal)              0.00       0.00
  input external delay                     2.00       2.00 r
  g46 (in)                                 0.00       2.00 r
  U1886/Y (NBUFFX2_RVT)                    0.09       2.09 r
  U1738/Y (NOR3X0_RVT)                     0.31       2.40 f
  U2070/Y (AND2X1_RVT)                     0.10       2.51 f
  U1869/Y (NBUFFX2_RVT)                    0.09       2.60 f
  U2059/Y (AND2X1_RVT)                     0.09       2.69 f
  U2591/Y (INVX0_RVT)                      0.08       2.77 r
  U2716/Y (NAND2X0_RVT)                    0.09       2.86 f
  U1779/Y (INVX0_RVT)                      0.08       2.94 r
  U1778/Y (AND2X1_RVT)                     0.06       3.00 r
  U1777/Y (AND2X1_RVT)                     0.06       3.06 r
  U1583/Y (NAND3X0_RVT)                    0.10       3.15 f
  U1800/Y (NBUFFX2_RVT)                    0.11       3.26 f
  U2873/Y (NAND2X0_RVT)                    0.09       3.36 r
  U2580/Y (INVX0_RVT)                      0.16       3.51 f
  U1739/Y (OA22X1_RVT)                     0.18       3.69 f
  U2085/Y (OA221X1_RVT)                    0.08       3.78 f
  U1834/Y (XOR3X2_RVT)                     0.22       4.00 f
  g11163 (out)                             0.01       4.00 f
  data arrival time                                   4.00

  clock ideal_clock1 (rise edge)           2.00       2.00
  clock network delay (ideal)              0.00       2.00
  clock reconvergence pessimism            0.00       2.00
  clock uncertainty                       -0.05       1.95
  output external delay                   -2.00      -0.05
  data required time                                 -0.05
  ---------------------------------------------------------------
  data required time                                 -0.05
  data arrival time                                  -4.00
  ---------------------------------------------------------------
  slack (VIOLATED)                                   -4.05


1
