 
****************************************
check_design summary:
Version:     M-2016.12-SP1
Date:        Wed Feb  1 11:45:04 2023
****************************************

                   Name                                            Total
--------------------------------------------------------------------------------
Inputs/Outputs                                                     30
    Unconnected ports (LINT-28)                                    30

Cells                                                               4
    Cells do not drive (LINT-1)                                     4
--------------------------------------------------------------------------------

Warning: In design 'FIFO', cell 'C937' does not drive any nets. (LINT-1)
Warning: In design 'FIFO', cell 'C939' does not drive any nets. (LINT-1)
Warning: In design 'FIFO', cell 'C948' does not drive any nets. (LINT-1)
Warning: In design 'FIFO', cell 'C949' does not drive any nets. (LINT-1)
Warning: In design 'FIFO_MEM_BLK', port 'rd_addr[31]' is not connected to any nets. (LINT-28)
Warning: In design 'FIFO_MEM_BLK', port 'rd_addr[30]' is not connected to any nets. (LINT-28)
Warning: In design 'FIFO_MEM_BLK', port 'rd_addr[29]' is not connected to any nets. (LINT-28)
Warning: In design 'FIFO_MEM_BLK', port 'rd_addr[28]' is not connected to any nets. (LINT-28)
Warning: In design 'FIFO_MEM_BLK', port 'rd_addr[27]' is not connected to any nets. (LINT-28)
Warning: In design 'FIFO_MEM_BLK', port 'rd_addr[26]' is not connected to any nets. (LINT-28)
Warning: In design 'FIFO_MEM_BLK', port 'rd_addr[25]' is not connected to any nets. (LINT-28)
Warning: In design 'FIFO_MEM_BLK', port 'rd_addr[24]' is not connected to any nets. (LINT-28)
Warning: In design 'FIFO_MEM_BLK', port 'rd_addr[23]' is not connected to any nets. (LINT-28)
Warning: In design 'FIFO_MEM_BLK', port 'rd_addr[22]' is not connected to any nets. (LINT-28)
Warning: In design 'FIFO_MEM_BLK', port 'rd_addr[21]' is not connected to any nets. (LINT-28)
Warning: In design 'FIFO_MEM_BLK', port 'rd_addr[20]' is not connected to any nets. (LINT-28)
Warning: In design 'FIFO_MEM_BLK', port 'rd_addr[19]' is not connected to any nets. (LINT-28)
Warning: In design 'FIFO_MEM_BLK', port 'rd_addr[18]' is not connected to any nets. (LINT-28)
Warning: In design 'FIFO_MEM_BLK', port 'rd_addr[17]' is not connected to any nets. (LINT-28)
Warning: In design 'FIFO_MEM_BLK', port 'rd_addr[16]' is not connected to any nets. (LINT-28)
Warning: In design 'FIFO_MEM_BLK', port 'rd_addr[15]' is not connected to any nets. (LINT-28)
Warning: In design 'FIFO_MEM_BLK', port 'rd_addr[14]' is not connected to any nets. (LINT-28)
Warning: In design 'FIFO_MEM_BLK', port 'rd_addr[13]' is not connected to any nets. (LINT-28)
Warning: In design 'FIFO_MEM_BLK', port 'rd_addr[12]' is not connected to any nets. (LINT-28)
Warning: In design 'FIFO_MEM_BLK', port 'rd_addr[11]' is not connected to any nets. (LINT-28)
Warning: In design 'FIFO_MEM_BLK', port 'rd_addr[10]' is not connected to any nets. (LINT-28)
Warning: In design 'FIFO_MEM_BLK', port 'rd_addr[9]' is not connected to any nets. (LINT-28)
Warning: In design 'FIFO_MEM_BLK', port 'rd_addr[8]' is not connected to any nets. (LINT-28)
Warning: In design 'FIFO_MEM_BLK', port 'rd_addr[7]' is not connected to any nets. (LINT-28)
Warning: In design 'FIFO_MEM_BLK', port 'rd_addr[6]' is not connected to any nets. (LINT-28)
Warning: In design 'FIFO_MEM_BLK', port 'rd_addr[5]' is not connected to any nets. (LINT-28)
Warning: In design 'FIFO_MEM_BLK', port 'rd_addr[4]' is not connected to any nets. (LINT-28)
Warning: In design 'FIFO_MEM_BLK', port 'rd_addr[3]' is not connected to any nets. (LINT-28)
Warning: In design 'FIFO_MEM_BLK', port 'rd_addr[2]' is not connected to any nets. (LINT-28)
1
