 
****************************************
Report : area
Design : FIFO
Version: M-2016.12-SP1
Date   : Wed Feb  1 11:45:09 2023
****************************************

Information: Updating design information... (UID-85)
Library(s) Used:

    saed32rvt_ss0p95v25c (File: /mnt/class_data/ecec574-w2019/PDKs/SAED32nm/lib/stdcell_rvt/db_ccs/saed32rvt_ss0p95v25c.db)

Number of ports:                          460
Number of nets:                          1313
Number of cells:                          831
Number of combinational cells:            597
Number of sequential cells:               229
Number of macros/black boxes:               0
Number of buf/inv:                        101
Number of references:                      22

Combinational area:               1487.504848
Buf/Inv area:                      131.392449
Noncombinational area:            1564.510504
Macro/Black Box area:                0.000000
Net Interconnect area:             642.832966

Total cell area:                  3052.015352
Total area:                       3694.848319
1
