Information: Propagating switching activity (low effort zero delay simulation). (PWR-6)
Warning: Design has unannotated primary inputs. (PWR-414)
Warning: Design has unannotated sequential cell outputs. (PWR-415)
 
****************************************
Report : power
        -analysis_effort low
Design : FIFO
Version: M-2016.12-SP1
Date   : Wed Feb  1 11:45:09 2023
****************************************


Library(s) Used:

    saed32rvt_ss0p95v25c (File: /mnt/class_data/ecec574-w2019/PDKs/SAED32nm/lib/stdcell_rvt/db_ccs/saed32rvt_ss0p95v25c.db)


Operating Conditions: ss0p95v25c   Library: saed32rvt_ss0p95v25c
Wire Load Model Mode: enclosed

Design        Wire Load Model            Library
------------------------------------------------
FIFO                   8000              saed32rvt_ss0p95v25c
FIFO_MEM_BLK           8000              saed32rvt_ss0p95v25c
FIFO_DW01_dec_0        ForQA             saed32rvt_ss0p95v25c
FIFO_DW01_inc_0        ForQA             saed32rvt_ss0p95v25c
FIFO_DW01_inc_1        ForQA             saed32rvt_ss0p95v25c
FIFO_DW01_inc_2        ForQA             saed32rvt_ss0p95v25c


Global Operating Voltage = 0.95 
Power-specific unit information :
    Voltage Units = 1V
    Capacitance Units = 1.000000ff
    Time Units = 1ns
    Dynamic Power Units = 1uW    (derived from V,C,T units)
    Leakage Power Units = 1pW


  Cell Internal Power  =   0.0000 uW    (0%)
  Net Switching Power  =  23.7106 uW  (100%)
                         ---------
Total Dynamic Power    =  23.7106 uW  (100%)

Cell Leakage Power     =  77.2922 uW


                 Internal         Switching           Leakage            Total
Power Group      Power            Power               Power              Power   (   %    )  Attrs
--------------------------------------------------------------------------------------------------
io_pad             0.0000            0.0000            0.0000            0.0000  (   0.00%)
memory             0.0000            0.0000            0.0000            0.0000  (   0.00%)
black_box          0.0000            0.0000            0.0000            0.0000  (   0.00%)
clock_network      0.0000            0.0000            0.0000            0.0000  (   0.00%)
register           0.0000            2.5233        3.4621e+07           37.1439  (  36.78%)
sequential         0.0000            0.0000            0.0000            0.0000  (   0.00%)
combinational      0.0000           21.1873        4.2672e+07           63.8589  (  63.22%)
--------------------------------------------------------------------------------------------------
Total              0.0000 uW        23.7106 uW     7.7292e+07 pW       101.0028 uW
1
