 
****************************************
Report : timing
        -path full
        -delay max
        -input_pins
        -nets
        -max_paths 1
        -transition_time
        -capacitance
Design : FIFO
Version: M-2016.12-SP1
Date   : Wed Feb  1 11:45:10 2023
****************************************

Operating Conditions: ss0p95v25c   Library: saed32rvt_ss0p95v25c
Wire Load Model Mode: enclosed

  Startpoint: wr_ptr_reg[0]
              (rising edge-triggered flip-flop clocked by ideal_clock1)
  Endpoint: memblk/FIFO_reg[2][24]
            (rising edge-triggered flip-flop clocked by ideal_clock1)
  Path Group: ideal_clock1
  Path Type: max

  Des/Clust/Port     Wire Load Model       Library
  ------------------------------------------------
  FIFO               8000                  saed32rvt_ss0p95v25c
  FIFO_MEM_BLK       8000                  saed32rvt_ss0p95v25c

  Point                                       Fanout       Cap     Trans      Incr       Path
  ----------------------------------------------------------------------------------------------
  clock ideal_clock1 (rise edge)                                              0.00       0.00
  clock network delay (ideal)                                                 0.00       0.00
  wr_ptr_reg[0]/CLK (DFFARX1_RVT)                                   0.00      0.00       0.00 r
  wr_ptr_reg[0]/Q (DFFARX1_RVT)                                     0.06      0.01       0.01 r
  wr_ptr[0] (net)                               6         3.75                0.00       0.01 r
  memblk/wr_addr[0] (FIFO_MEM_BLK)                                            0.00       0.01 r
  memblk/wr_addr[0] (net)                                 3.75                0.00       0.01 r
  memblk/U34/A (INVX1_RVT)                                          0.06      0.04       0.05 r
  memblk/U34/Y (INVX1_RVT)                                          0.03      0.00       0.05 f
  memblk/n211 (net)                             2         0.99                0.00       0.05 f
  memblk/U173/A2 (NAND3X0_RVT)                                      0.03      0.00       0.05 f
  memblk/U173/Y (NAND3X0_RVT)                                       0.13      0.00       0.06 r
  memblk/n8 (net)                              11         6.28                0.00       0.06 r
  memblk/U21/A (INVX1_RVT)                                          0.13      0.17       0.23 r
  memblk/U21/Y (INVX1_RVT)                                          0.10      0.00       0.23 f
  memblk/n203 (net)                            13         6.41                0.00       0.23 f
  memblk/U7/A (INVX1_RVT)                                           0.10      0.23       0.46 f
  memblk/U7/Y (INVX1_RVT)                                           0.08      0.00       0.47 r
  memblk/n201 (net)                            12         6.25                0.00       0.47 r
  memblk/U109/A4 (AO22X1_RVT)                                       0.08      0.19       0.66 r
  memblk/U109/Y (AO22X1_RVT)                                        0.04      0.00       0.66 r
  memblk/n77 (net)                              1         0.50                0.00       0.66 r
  memblk/FIFO_reg[2][24]/D (DFFX1_RVT)                              0.04      0.00       0.66 r
  data arrival time                                                                      0.66

  clock ideal_clock1 (rise edge)                                              1.00       1.00
  clock network delay (ideal)                                                 0.00       1.00
  clock uncertainty                                                          -0.10       0.90
  memblk/FIFO_reg[2][24]/CLK (DFFX1_RVT)                                      0.00       0.90 r
  library setup time                                                         -0.06       0.84
  data required time                                                                     0.84
  ----------------------------------------------------------------------------------------------
  data required time                                                                     0.84
  data arrival time                                                                     -0.66
  ----------------------------------------------------------------------------------------------
  slack (MET)                                                                            0.17


1
