 
****************************************
Report : area
Design : s15850
Version: M-2016.12-SP1
Date   : Wed Mar  1 10:36:06 2023
****************************************

Information: Updating design information... (UID-85)
Library(s) Used:

    saed32rvt_ss0p95v25c (File: /mnt/class_data/ecec574-w2019/PDKs/SAED32nm/lib/stdcell_rvt/db_ccs/saed32rvt_ss0p95v25c.db)

Number of ports:                         1832
Number of nets:                          4240
Number of cells:                         3094
Number of combinational cells:           2025
Number of sequential cells:               535
Number of macros/black boxes:               0
Number of buf/inv:                        644
Number of references:                     595

Combinational area:               4585.011954
Buf/Inv area:                      937.283087
Noncombinational area:            3528.535412
Macro/Black Box area:                0.000000
Net Interconnect area:            1514.080305

Total cell area:                  8113.547366
Total area:                       9627.627671
1
