Warning: There are infeasible paths detected in your design that were ignored during optimization. Please run 'report_timing -attributes' and/or 'create_qor_snapshot/query_qor_snapshot -infeasible_paths' to identify these paths.  (OPT-1721)
 
****************************************
Report : timing
        -path full
        -delay max
        -input_pins
        -nets
        -max_paths 1
        -transition_time
        -capacitance
Design : s15850
Version: M-2016.12-SP1
Date   : Wed Mar  1 10:36:07 2023
****************************************

Operating Conditions: ss0p95v25c   Library: saed32rvt_ss0p95v25c
Wire Load Model Mode: enclosed

  Startpoint: DFF_302/q_reg
              (rising edge-triggered flip-flop clocked by ideal_clock1)
  Endpoint: DFF_212/q_reg
            (rising edge-triggered flip-flop clocked by ideal_clock1)
  Path Group: ideal_clock1
  Path Type: max

  Des/Clust/Port     Wire Load Model       Library
  ------------------------------------------------
  s15850             16000                 saed32rvt_ss0p95v25c

  Point                        Fanout       Cap     Trans      Incr       Path
  -------------------------------------------------------------------------------
  clock ideal_clock1 (rise edge)                               0.00       0.00
  clock network delay (ideal)                                  0.40       0.40
  DFF_302/q_reg/CLK (DFFX1_RVT)                      0.10      0.00       0.40 r
  DFF_302/q_reg/Q (DFFX1_RVT)                        0.03      0.19       0.59 r
  DFF_302/q (net)                3         1.48                0.00       0.59 r
  DFF_302/q (dff_231)                                          0.00       0.59 r
  g1822 (net)                              1.48                0.00       0.59 r
  U3166/A (INVX0_RVT)                                0.03      0.12       0.71 r
  U3166/Y (INVX0_RVT)                                0.05      0.05       0.76 f
  n2262 (net)                    6         3.26                0.00       0.76 f
  U2367/A2 (NAND2X0_RVT)                             0.05      0.64       1.39 f
  U2367/Y (NAND2X0_RVT)                              0.05      0.06       1.45 r
  n380 (net)                     2         1.02                0.00       1.45 r
  U3184/A (INVX0_RVT)                                0.05      0.05       1.50 r
  U3184/Y (INVX0_RVT)                                0.03      0.03       1.53 f
  n2266 (net)                    2         0.86                0.00       1.53 f
  U3185/A2 (NAND2X0_RVT)                             0.03      0.04       1.58 f
  U3185/Y (NAND2X0_RVT)                              0.05      0.05       1.63 r
  n2049 (net)                    2         0.99                0.00       1.63 r
  U1761/A (INVX0_RVT)                                0.05      0.05       1.67 r
  U1761/Y (INVX0_RVT)                                0.02      0.02       1.70 f
  n1904 (net)                    1         0.39                0.00       1.70 f
  U1987/A3 (AND3X2_RVT)                              0.02      0.01       1.71 f
  U1987/Y (AND3X2_RVT)                               0.04      0.09       1.79 f
  n1310 (net)                    1         0.54                0.00       1.79 f
  U2107/A1 (AND2X1_RVT)                              0.04      0.01       1.80 f
  U2107/Y (AND2X1_RVT)                               0.02      0.06       1.86 f
  n377 (net)                     2         0.96                0.00       1.86 f
  U2318/A3 (AO21X1_RVT)                              0.02      0.05       1.91 f
  U2318/Y (AO21X1_RVT)                               0.03      0.05       1.96 f
  n309 (net)                     2         1.20                0.00       1.96 f
  U1596/A (INVX1_RVT)                                0.03      0.06       2.02 f
  U1596/Y (INVX1_RVT)                                0.04      0.04       2.07 r
  n41 (net)                      8         3.89                0.00       2.07 r
  U1597/A1 (NAND2X0_RVT)                             0.04      1.16       3.22 r
  U1597/Y (NAND2X0_RVT)                              0.10      0.09       3.31 f
  n311 (net)                     8         3.63                0.00       3.31 f
  U1979/A (IBUFFX2_RVT)                              0.10      1.08       4.39 f
  U1979/Y (IBUFFX2_RVT)                              0.03      0.11       4.50 r
  n40 (net)                      4         2.21                0.00       4.50 r
  U2317/A5 (AOI221X1_RVT)                            0.03      0.25       4.75 r
  U2317/Y (AOI221X1_RVT)                             0.03      0.09       4.84 f
  n1339 (net)                    1         0.94                0.00       4.84 f
  U2017/A2 (XOR2X1_RVT)                              0.03      0.02       4.86 f
  U2017/Y (XOR2X1_RVT)                               0.03      0.12       4.98 r
  n314 (net)                     1         0.45                0.00       4.98 r
  U56/A2 (AO21X2_RVT)                                0.03      0.01       4.99 r
  U56/Y (AO21X2_RVT)                                 0.04      0.10       5.08 r
  g8944 (net)                    1         0.51                0.00       5.08 r
  DFF_212/d (dff_321)                                          0.00       5.08 r
  DFF_212/d (net)                          0.51                0.00       5.08 r
  DFF_212/q_reg/D (DFFX1_RVT)                        0.04      0.01       5.10 r
  data arrival time                                                       5.10

  clock ideal_clock1 (rise edge)                               2.00       2.00
  clock network delay (ideal)                                  0.40       2.40
  clock uncertainty                                           -0.05       2.35
  DFF_212/q_reg/CLK (DFFX1_RVT)                                0.00       2.35 r
  library setup time                                          -0.05       2.30
  data required time                                                      2.30
  -------------------------------------------------------------------------------
  data required time                                                      2.30
  data arrival time                                                      -5.10
  -------------------------------------------------------------------------------
  slack (VIOLATED)                                                       -2.80


1
