Information: Using automatic max wire load selection group 'predcaps'. (ENV-003)
Information: Using automatic min wire load selection group 'predcaps'. (ENV-003)
Warning: Some timing arcs have been disabled for breaking timing loops or because of constant propagation. Use the 'report_disable_timing' command to get the list of these disabled timing arcs. (PTE-003)
****************************************
Report : qor
Design : s15850
Version: L-2016.06-SP3-1
Date   : Mon Mar  6 15:52:20 2023
****************************************

  Timing Path Group 'ideal_clock1' (max_delay/setup)
  ---------------------------------------------
  Levels of Logic:                            7
  Critical Path Length:                   10.37
  Critical Path Slack:                    -0.06
  Total Negative Slack:                   -1.26
  No. of Violating Paths:                    20
  ---------------------------------------------

  Timing Path Group 'ideal_clock1' (min_delay/hold)
  ---------------------------------------------
  Levels of Logic:                            1
  Critical Path Length:                    0.58
  Critical Path Slack:                     0.13
  Total Negative Slack:                    0.00
  No. of Violating Paths:                     0
  ---------------------------------------------

  Cell Count
  ---------------------------------------------
  Hierarchical Cell Count:                    0
  Hierarchical Port Count:                    0
  Leaf Cell Count:                         1652
  ---------------------------------------------


  Area
  ---------------------------------------------
  Net Interconnect area:                1155.22
  Total cell area:                      5723.34
  Design Area:                          6878.56
  Area Cost:                           -6878.56
  ---------------------------------------------


  Design Rule Violations
  ---------------------------------------------
  Total No. of Pins in Design:             6597
  Total DRC Cost:                          0.00
  ---------------------------------------------

1
