Information: Using automatic max wire load selection group 'predcaps'. (ENV-003)
Information: Using automatic min wire load selection group 'predcaps'. (ENV-003)
Warning: Some timing arcs have been disabled for breaking timing loops or because of constant propagation. Use the 'report_disable_timing' command to get the list of these disabled timing arcs. (PTE-003)
****************************************
Report : qor
Design : s9234
Version: L-2016.06-SP3-1
Date   : Mon Mar  6 15:52:32 2023
****************************************

  Timing Path Group 'ideal_clock1' (max_delay/setup)
  ---------------------------------------------
  Levels of Logic:                            9
  Critical Path Length:                   10.24
  Critical Path Slack:                     0.09
  Total Negative Slack:                    0.00
  No. of Violating Paths:                     0
  ---------------------------------------------

  Timing Path Group 'ideal_clock1' (min_delay/hold)
  ---------------------------------------------
  Levels of Logic:                            1
  Critical Path Length:                    0.58
  Critical Path Slack:                     0.13
  Total Negative Slack:                    0.00
  No. of Violating Paths:                     0
  ---------------------------------------------

  Cell Count
  ---------------------------------------------
  Hierarchical Cell Count:                    0
  Hierarchical Port Count:                    0
  Leaf Cell Count:                          495
  ---------------------------------------------


  Area
  ---------------------------------------------
  Net Interconnect area:                 326.24
  Total cell area:                      1668.20
  Design Area:                          1994.45
  Area Cost:                           -1994.45
  ---------------------------------------------


  Design Rule Violations
  ---------------------------------------------
  Total No. of Pins in Design:             1958
  Total DRC Cost:                          0.00
  ---------------------------------------------

1
