****************************************
Report : timing
	-path_type full
	-delay_type max
	-max_paths 1
	-sort_by slack
Design : s386
Version: L-2016.06-SP3-1
Date   : Mon Mar  6 15:52:28 2023
****************************************


  Startpoint: v0 (input port clocked by ideal_clock1)
  Endpoint: v13_D_6 (output port clocked by ideal_clock1)
  Path Group: ideal_clock1
  Path Type: max

  Point                                    Incr       Path
  ---------------------------------------------------------------
  clock ideal_clock1 (rise edge)           0.00       0.00
  clock network delay (ideal)              0.00       0.00
  input external delay                     2.00       2.00 f
  v0 (in)                                  0.00       2.00 f
  U95/Y (AND4X1_RVT)                       0.82       2.82 f
  U75/Y (AND2X1_RVT)                       0.24       3.06 f
  U107/Y (AND2X1_RVT)                      0.80       3.86 f
  U108/Y (AO22X1_RVT)                      0.06       3.92 f
  v13_D_6 (out)                            0.01       3.93 f
  data arrival time                                   3.93

  clock ideal_clock1 (rise edge)          10.00      10.00
  clock network delay (ideal)              0.00      10.00
  clock reconvergence pessimism            0.00      10.00
  clock uncertainty                       -0.05       9.95
  output external delay                   -2.00       7.95
  data required time                                  7.95
  ---------------------------------------------------------------
  data required time                                  7.95
  data arrival time                                  -3.93
  ---------------------------------------------------------------
  slack (MET)                                         4.02


1
