Information: Using automatic max wire load selection group 'predcaps'. (ENV-003)
Information: Using automatic min wire load selection group 'predcaps'. (ENV-003)
Warning: Some timing arcs have been disabled for breaking timing loops or because of constant propagation. Use the 'report_disable_timing' command to get the list of these disabled timing arcs. (PTE-003)
****************************************
Report : qor
Design : s9234
Version: L-2016.06-SP3-1
Date   : Wed Mar  1 18:52:10 2023
****************************************

  Timing Path Group 'ideal_clock1' (max_delay/setup)
  ---------------------------------------------
  Levels of Logic:                            4
  Critical Path Length:                    2.48
  Critical Path Slack:                    -2.53
  Total Negative Slack:                 -256.46
  No. of Violating Paths:                   187
  ---------------------------------------------

  Timing Path Group 'ideal_clock1' (min_delay/hold)
  ---------------------------------------------
  Levels of Logic:                            1
  Critical Path Length:                    0.58
  Critical Path Slack:                     0.13
  Total Negative Slack:                    0.00
  No. of Violating Paths:                     0
  ---------------------------------------------

  Cell Count
  ---------------------------------------------
  Hierarchical Cell Count:                  211
  Hierarchical Port Count:                  633
  Leaf Cell Count:                         1230
  ---------------------------------------------


  Area
  ---------------------------------------------
  Net Interconnect area:                 606.17
  Total cell area:                      3595.66
  Design Area:                          4201.83
  Area Cost:                           -4201.83
  ---------------------------------------------


  Design Rule Violations
  ---------------------------------------------
  Total No. of Pins in Design:             4136
  Total DRC Cost:                          0.00
  ---------------------------------------------

1
