****************************************
Report : timing
	-path_type full
	-delay_type max
	-max_paths 1
	-sort_by slack
Design : s9234
Version: L-2016.06-SP3-1
Date   : Wed Mar  1 18:52:10 2023
****************************************


  Startpoint: g41 (input port clocked by ideal_clock1)
  Endpoint: g6372 (output port clocked by ideal_clock1)
  Path Group: ideal_clock1
  Path Type: max

  Point                                    Incr       Path
  ---------------------------------------------------------------
  clock ideal_clock1 (rise edge)           0.00       0.00
  clock network delay (ideal)              0.00       0.00
  input external delay                     2.00       2.00 r
  g41 (in)                                 0.00       2.00 r
  U1271/Y (INVX0_RVT)                      0.07       2.07 f
  U1270/Y (INVX0_RVT)                      0.08       2.16 r
  U941/Y (NBUFFX2_RVT)                     0.10       2.26 r
  U1242/Y (NAND4X1_RVT)                    0.21       2.47 f
  g6372 (out)                              0.01       2.48 f
  data arrival time                                   2.48

  clock ideal_clock1 (rise edge)           2.00       2.00
  clock network delay (ideal)              0.00       2.00
  clock reconvergence pessimism            0.00       2.00
  clock uncertainty                       -0.05       1.95
  output external delay                   -2.00      -0.05
  data required time                                 -0.05
  ---------------------------------------------------------------
  data required time                                 -0.05
  data arrival time                                  -2.48
  ---------------------------------------------------------------
  slack (VIOLATED)                                   -2.53


1
