****************************************
Report : timing
	-path_type full
	-delay_type max
	-input_pins
	-nets
	-max_paths 1
	-transition_time
	-capacitance
	-sort_by slack
Design : s9234
Version: L-2016.06-SP3-1
Date   : Wed Mar  1 18:52:10 2023
****************************************


  Startpoint: DFF_169/q_reg
               (rising edge-triggered flip-flop clocked by ideal_clock1)
  Endpoint: DFF_27/q_reg
               (rising edge-triggered flip-flop clocked by ideal_clock1)
  Path Group: ideal_clock1
  Path Type: max

  Point                       Fanout    Cap      Trans       Incr       Path
  -----------------------------------------------------------------------------
  clock ideal_clock1 (rise edge)                  0.10       0.00       0.00
  clock network delay (ideal)                                0.40       0.40
  DFF_169/q_reg/CLK (DFFX1_RVT)                   0.10       0.00       0.40 r
  DFF_169/q_reg/Q (DFFX1_RVT)                     0.03       0.17       0.57 f
  DFF_169/q (net)                1     0.70 
  U981/A (INVX1_RVT)                              0.03       0.02       0.59 f
  U981/Y (INVX1_RVT)                              0.03       0.03       0.62 r
  n811 (net)                     3     2.11 
  U1037/A (INVX1_RVT)                             0.03       0.19       0.81 r
  U1037/Y (INVX1_RVT)                             0.04       0.04       0.85 f
  n813 (net)                     6     3.88 
  U1355/A (INVX0_RVT)                             0.04       0.84       1.69 f
  U1355/Y (INVX0_RVT)                             0.05       0.05       1.74 r
  n1397 (net)                    6     2.84 
  U1310/A4 (NAND4X1_RVT)                          0.05       0.61       2.36 r
  U1310/Y (NAND4X1_RVT)                           0.03       0.12       2.48 f
  n857 (net)                     2     1.01 
  U1356/A3 (AO21X1_RVT)                           0.03       0.06       2.53 f
  U1356/Y (AO21X1_RVT)                            0.03       0.05       2.58 f
  n850 (net)                     2     1.09 
  U1279/A (INVX0_RVT)                             0.03       0.06       2.64 f
  U1279/Y (INVX0_RVT)                             0.03       0.03       2.67 r
  n865 (net)                     3     1.39 
  U1117/A2 (AND4X1_RVT)                           0.03       0.12       2.80 r
  U1117/Y (AND4X1_RVT)                            0.04       0.09       2.88 r
  n759 (net)                     2     0.94 
  U1358/A3 (NAND3X0_RVT)                          0.04       0.05       2.93 r
  U1358/Y (NAND3X0_RVT)                           0.08       0.07       3.01 f
  n948 (net)                     3     1.54 
  U1028/A (INVX0_RVT)                             0.08       0.14       3.14 f
  U1028/Y (INVX0_RVT)                             0.07       0.07       3.21 r
  n971 (net)                     7     3.22 
  U1487/A4 (AOI222X1_RVT)                         0.07       0.87       4.08 r
  U1487/Y (AOI222X1_RVT)                          0.03       0.14       4.22 f
  n980 (net)                     1     0.50 
  U1491/A2 (NAND4X0_RVT)                          0.03       0.01       4.23 f
  U1491/Y (NAND4X0_RVT)                           0.04       0.04       4.27 r
  g6481 (net)                    1     0.51 
  DFF_27/q_reg/D (DFFX1_RVT)                      0.04       0.01       4.28 r
  data arrival time                                                     4.28

  clock ideal_clock1 (rise edge)                  0.10       2.00       2.00
  clock network delay (ideal)                                0.40       2.40
  clock reconvergence pessimism                              0.00       2.40
  clock uncertainty                                         -0.05       2.35
  DFF_27/q_reg/CLK (DFFX1_RVT)                                          2.35 r
  library setup time                                        -0.05       2.30
  data required time                                                    2.30
  -----------------------------------------------------------------------------
  data required time                                                    2.30
  data arrival time                                                    -4.28
  -----------------------------------------------------------------------------
  slack (VIOLATED)                                                     -1.98


1
