Information: Propagating switching activity (low effort zero delay simulation). (PWR-6)
Warning: Design has unannotated primary inputs. (PWR-414)
Warning: Design has unannotated sequential cell outputs. (PWR-415)
 
****************************************
Report : power
        -analysis_effort low
Design : FIFO
Version: Q-2019.12
Date   : Wed Mar  8 10:28:08 2023
****************************************


Library(s) Used:

    saed32rvt_ss0p95v25c (File: /mnt/class_data/ecec574-w2019/PDKs/SAED32nm/lib/stdcell_rvt/db_ccs/saed32rvt_ss0p95v25c.db)

Information: The cells in your design are not characterized for internal power. (PWR-229)

Operating Conditions: ss0p95v25c   Library: saed32rvt_ss0p95v25c
Wire Load Model Mode: enclosed

Design        Wire Load Model            Library
------------------------------------------------
FIFO                   ForQA             saed32rvt_ss0p95v25c


Global Operating Voltage = 0.95 
Power-specific unit information :
    Voltage Units = 1V
    Capacitance Units = 1.000000ff
    Time Units = 1ns
    Dynamic Power Units = 1uW    (derived from V,C,T units)
    Leakage Power Units = 1pW


  Cell Internal Power  =   0.0000 uW    (0%)
  Net Switching Power  =   2.7680 uW  (100%)
                         ---------
Total Dynamic Power    =   2.7680 uW  (100%)

Cell Leakage Power     =  74.4345 uW


                 Internal         Switching           Leakage            Total
Power Group      Power            Power               Power              Power   (   %    )  Attrs
--------------------------------------------------------------------------------------------------
io_pad             0.0000            0.0000            0.0000            0.0000  (   0.00%)
memory             0.0000            0.0000            0.0000            0.0000  (   0.00%)
black_box          0.0000            0.0000            0.0000            0.0000  (   0.00%)
clock_network      0.0000            0.0000            0.0000            0.0000  (   0.00%)
register           0.0000            0.2540        3.4621e+07           34.8746  (  45.17%)
sequential         0.0000            0.0000            0.0000            0.0000  (   0.00%)
combinational      0.0000            2.5141        3.9814e+07           42.3279  (  54.83%)
--------------------------------------------------------------------------------------------------
Total              0.0000 uW         2.7680 uW     7.4434e+07 pW        77.2025 uW
1
