 
****************************************
Report : timing
        -path full
        -delay min
        -max_paths 50
Design : FIFO
Version: Q-2019.12
Date   : Wed Feb  8 17:31:40 2023
****************************************

 * Some/all delay information is back-annotated.

Operating Conditions: ss0p95v25c   Library: saed32rvt_ss0p95v25c
	Parasitic source    : LPE
	Parasitic mode      : RealRC
	Extraction mode     : MIN_MAX
	Extraction derating : 125/125/125

Information: Percent of Arnoldi-based delays = 15.51%

Information: Percent of CCS-based delays =  3.10%

  Startpoint: FClrN (input port clocked by ideal_clock1)
  Endpoint: F_FirstN_reg
            (rising edge-triggered flip-flop clocked by ideal_clock1)
  Path Group: ideal_clock1
  Path Type: min

  Point                                    Incr       Path
  -----------------------------------------------------------
  clock ideal_clock1 (rise edge)           0.00       0.00
  clock network delay (ideal)              0.00       0.00
  input external delay                     0.10       0.10 r
  FClrN (in)                               0.00 @     0.10 r
  U294/Y (NAND2X0_RVT)                     0.03 @     0.13 f
  F_FirstN_reg/D (DFFASX1_RVT)             0.00 &     0.13 f
  data arrival time                                   0.13

  clock ideal_clock1 (rise edge)           0.00       0.00
  clock network delay (propagated)         0.00       0.00
  clock uncertainty                        0.10       0.10
  F_FirstN_reg/CLK (DFFASX1_RVT)           0.00       0.10 r
  library hold time                       -0.02       0.09
  data required time                                  0.09
  -----------------------------------------------------------
  data required time                                  0.09
  data arrival time                                  -0.13
  -----------------------------------------------------------
  slack (MET)                                         0.04


  Startpoint: FOutN (input port clocked by ideal_clock1)
  Endpoint: F_FullN_reg
            (rising edge-triggered flip-flop clocked by ideal_clock1)
  Path Group: ideal_clock1
  Path Type: min

  Point                                    Incr       Path
  -----------------------------------------------------------
  clock ideal_clock1 (rise edge)           0.00       0.00
  clock network delay (ideal)              0.00       0.00
  input external delay                     0.10       0.10 f
  FOutN (in)                               0.00 @     0.10 f
  U292/Y (NAND3X0_RVT)                     0.02 @     0.12 r
  F_FullN_reg/D (DFFASX1_RVT)              0.00 &     0.12 r
  data arrival time                                   0.12

  clock ideal_clock1 (rise edge)           0.00       0.00
  clock network delay (propagated)         0.00       0.00
  clock uncertainty                        0.10       0.10
  F_FullN_reg/CLK (DFFASX1_RVT)            0.00       0.10 r
  library hold time                       -0.03       0.07
  data required time                                  0.07
  -----------------------------------------------------------
  data required time                                  0.07
  data arrival time                                  -0.12
  -----------------------------------------------------------
  slack (MET)                                         0.05


  Startpoint: FClrN (input port clocked by ideal_clock1)
  Endpoint: F_EmptyN_reg
            (rising edge-triggered flip-flop clocked by ideal_clock1)
  Path Group: ideal_clock1
  Path Type: min

  Point                                    Incr       Path
  -----------------------------------------------------------
  clock ideal_clock1 (rise edge)           0.00       0.00
  clock network delay (ideal)              0.00       0.00
  input external delay                     0.10       0.10 f
  FClrN (in)                               0.00 @     0.10 f
  U289/Y (AO22X1_RVT)                      0.05 @     0.15 f
  F_EmptyN_reg/D (DFFARX1_RVT)             0.00 &     0.15 f
  data arrival time                                   0.15

  clock ideal_clock1 (rise edge)           0.00       0.00
  clock network delay (propagated)         0.00       0.00
  clock uncertainty                        0.10       0.10
  F_EmptyN_reg/CLK (DFFARX1_RVT)           0.00       0.10 r
  library hold time                       -0.01       0.09
  data required time                                  0.09
  -----------------------------------------------------------
  data required time                                  0.09
  data arrival time                                  -0.15
  -----------------------------------------------------------
  slack (MET)                                         0.06


  Startpoint: Data_In[1] (input port clocked by ideal_clock1)
  Endpoint: memblk/FIFO_reg[2][1]
            (rising edge-triggered flip-flop clocked by ideal_clock1)
  Path Group: ideal_clock1
  Path Type: min

  Point                                    Incr       Path
  -----------------------------------------------------------
  clock ideal_clock1 (rise edge)           0.00       0.00
  clock network delay (ideal)              0.00       0.00
  input external delay                     0.10       0.10 f
  Data_In[1] (in)                          0.00 @     0.10 f
  memblk/data_in[1] (FIFO_MEM_BLK)         0.00       0.10 f
  memblk/U154/Y (AO22X1_RVT)               0.06 @     0.16 f
  memblk/FIFO_reg[2][1]/D (DFFX1_RVT)      0.00 &     0.16 f
  data arrival time                                   0.16

  clock ideal_clock1 (rise edge)           0.00       0.00
  clock network delay (propagated)         0.01       0.01
  clock uncertainty                        0.10       0.11
  memblk/FIFO_reg[2][1]/CLK (DFFX1_RVT)
                                           0.00       0.11 r
  library hold time                       -0.01       0.10
  data required time                                  0.10
  -----------------------------------------------------------
  data required time                                  0.10
  data arrival time                                  -0.16
  -----------------------------------------------------------
  slack (MET)                                         0.06


  Startpoint: Data_In[30]
              (input port clocked by ideal_clock1)
  Endpoint: memblk/FIFO_reg[3][30]
            (rising edge-triggered flip-flop clocked by ideal_clock1)
  Path Group: ideal_clock1
  Path Type: min

  Point                                                   Incr       Path
  --------------------------------------------------------------------------
  clock ideal_clock1 (rise edge)                          0.00       0.00
  clock network delay (ideal)                             0.00       0.00
  input external delay                                    0.10       0.10 f
  Data_In[30] (in)                                        0.00 @     0.10 f
  memblk/data_in[30] (FIFO_MEM_BLK)                       0.00       0.10 f
  memblk/U57/Y (AO22X1_RVT)                               0.06 @     0.16 f
  memblk/FIFO_reg[3][30]/D (DFFX1_RVT)                    0.00 &     0.16 f
  data arrival time                                                  0.16

  clock ideal_clock1 (rise edge)                          0.00       0.00
  clock network delay (propagated)                        0.01       0.01
  clock uncertainty                                       0.10       0.11
  memblk/FIFO_reg[3][30]/CLK (DFFX1_RVT)                  0.00       0.11 r
  library hold time                                      -0.01       0.10
  data required time                                                 0.10
  --------------------------------------------------------------------------
  data required time                                                 0.10
  data arrival time                                                 -0.16
  --------------------------------------------------------------------------
  slack (MET)                                                        0.06


  Startpoint: Data_In[31]
              (input port clocked by ideal_clock1)
  Endpoint: memblk/FIFO_reg[3][31]
            (rising edge-triggered flip-flop clocked by ideal_clock1)
  Path Group: ideal_clock1
  Path Type: min

  Point                                                   Incr       Path
  --------------------------------------------------------------------------
  clock ideal_clock1 (rise edge)                          0.00       0.00
  clock network delay (ideal)                             0.00       0.00
  input external delay                                    0.10       0.10 f
  Data_In[31] (in)                                        0.00 @     0.10 f
  memblk/data_in[31] (FIFO_MEM_BLK)                       0.00       0.10 f
  memblk/U58/Y (AO22X1_RVT)                               0.06 @     0.16 f
  memblk/FIFO_reg[3][31]/D (DFFX1_RVT)                    0.00 &     0.16 f
  data arrival time                                                  0.16

  clock ideal_clock1 (rise edge)                          0.00       0.00
  clock network delay (propagated)                        0.01       0.01
  clock uncertainty                                       0.10       0.11
  memblk/FIFO_reg[3][31]/CLK (DFFX1_RVT)                  0.00       0.11 r
  library hold time                                      -0.01       0.10
  data required time                                                 0.10
  --------------------------------------------------------------------------
  data required time                                                 0.10
  data arrival time                                                 -0.16
  --------------------------------------------------------------------------
  slack (MET)                                                        0.06


  Startpoint: Data_In[1] (input port clocked by ideal_clock1)
  Endpoint: memblk/FIFO_reg[3][1]
            (rising edge-triggered flip-flop clocked by ideal_clock1)
  Path Group: ideal_clock1
  Path Type: min

  Point                                    Incr       Path
  -----------------------------------------------------------
  clock ideal_clock1 (rise edge)           0.00       0.00
  clock network delay (ideal)              0.00       0.00
  input external delay                     0.10       0.10 f
  Data_In[1] (in)                          0.00 @     0.10 f
  memblk/data_in[1] (FIFO_MEM_BLK)         0.00       0.10 f
  memblk/U36/Y (AO22X1_RVT)                0.06 @     0.16 f
  memblk/FIFO_reg[3][1]/D (DFFX1_RVT)      0.00 &     0.16 f
  data arrival time                                   0.16

  clock ideal_clock1 (rise edge)           0.00       0.00
  clock network delay (propagated)         0.01       0.01
  clock uncertainty                        0.10       0.11
  memblk/FIFO_reg[3][1]/CLK (DFFX1_RVT)
                                           0.00       0.11 r
  library hold time                       -0.01       0.10
  data required time                                  0.10
  -----------------------------------------------------------
  data required time                                  0.10
  data arrival time                                  -0.16
  -----------------------------------------------------------
  slack (MET)                                         0.06


  Startpoint: Data_In[29]
              (input port clocked by ideal_clock1)
  Endpoint: memblk/FIFO_reg[3][29]
            (rising edge-triggered flip-flop clocked by ideal_clock1)
  Path Group: ideal_clock1
  Path Type: min

  Point                                                   Incr       Path
  --------------------------------------------------------------------------
  clock ideal_clock1 (rise edge)                          0.00       0.00
  clock network delay (ideal)                             0.00       0.00
  input external delay                                    0.10       0.10 f
  Data_In[29] (in)                                        0.00 @     0.10 f
  memblk/data_in[29] (FIFO_MEM_BLK)                       0.00       0.10 f
  memblk/U56/Y (AO22X1_RVT)                               0.06 @     0.16 f
  memblk/FIFO_reg[3][29]/D (DFFX1_RVT)                    0.00 &     0.16 f
  data arrival time                                                  0.16

  clock ideal_clock1 (rise edge)                          0.00       0.00
  clock network delay (propagated)                        0.01       0.01
  clock uncertainty                                       0.10       0.11
  memblk/FIFO_reg[3][29]/CLK (DFFX1_RVT)                  0.00       0.11 r
  library hold time                                      -0.01       0.10
  data required time                                                 0.10
  --------------------------------------------------------------------------
  data required time                                                 0.10
  data arrival time                                                 -0.16
  --------------------------------------------------------------------------
  slack (MET)                                                        0.06


  Startpoint: Data_In[26]
              (input port clocked by ideal_clock1)
  Endpoint: memblk/FIFO_reg[3][26]
            (rising edge-triggered flip-flop clocked by ideal_clock1)
  Path Group: ideal_clock1
  Path Type: min

  Point                                                   Incr       Path
  --------------------------------------------------------------------------
  clock ideal_clock1 (rise edge)                          0.00       0.00
  clock network delay (ideal)                             0.00       0.00
  input external delay                                    0.10       0.10 f
  Data_In[26] (in)                                        0.00 @     0.10 f
  memblk/data_in[26] (FIFO_MEM_BLK)                       0.00       0.10 f
  memblk/U150/Y (AO22X1_RVT)                              0.06 @     0.16 f
  memblk/FIFO_reg[3][26]/D (DFFX1_RVT)                    0.00 &     0.16 f
  data arrival time                                                  0.16

  clock ideal_clock1 (rise edge)                          0.00       0.00
  clock network delay (propagated)                        0.01       0.01
  clock uncertainty                                       0.10       0.11
  memblk/FIFO_reg[3][26]/CLK (DFFX1_RVT)                  0.00       0.11 r
  library hold time                                      -0.01       0.10
  data required time                                                 0.10
  --------------------------------------------------------------------------
  data required time                                                 0.10
  data arrival time                                                 -0.16
  --------------------------------------------------------------------------
  slack (MET)                                                        0.06


  Startpoint: Data_In[2] (input port clocked by ideal_clock1)
  Endpoint: memblk/FIFO_reg[2][2]
            (rising edge-triggered flip-flop clocked by ideal_clock1)
  Path Group: ideal_clock1
  Path Type: min

  Point                                    Incr       Path
  -----------------------------------------------------------
  clock ideal_clock1 (rise edge)           0.00       0.00
  clock network delay (ideal)              0.00       0.00
  input external delay                     0.10       0.10 f
  Data_In[2] (in)                          0.00 @     0.10 f
  memblk/data_in[2] (FIFO_MEM_BLK)         0.00       0.10 f
  memblk/U155/Y (AO22X1_RVT)               0.06 @     0.16 f
  memblk/FIFO_reg[2][2]/D (DFFX1_RVT)      0.00 &     0.16 f
  data arrival time                                   0.16

  clock ideal_clock1 (rise edge)           0.00       0.00
  clock network delay (propagated)         0.01       0.01
  clock uncertainty                        0.10       0.11
  memblk/FIFO_reg[2][2]/CLK (DFFX1_RVT)
                                           0.00       0.11 r
  library hold time                       -0.01       0.10
  data required time                                  0.10
  -----------------------------------------------------------
  data required time                                  0.10
  data arrival time                                  -0.16
  -----------------------------------------------------------
  slack (MET)                                         0.06


  Startpoint: Data_In[7] (input port clocked by ideal_clock1)
  Endpoint: memblk/FIFO_reg[2][7]
            (rising edge-triggered flip-flop clocked by ideal_clock1)
  Path Group: ideal_clock1
  Path Type: min

  Point                                    Incr       Path
  -----------------------------------------------------------
  clock ideal_clock1 (rise edge)           0.00       0.00
  clock network delay (ideal)              0.00       0.00
  input external delay                     0.10       0.10 f
  Data_In[7] (in)                          0.00 @     0.10 f
  memblk/data_in[7] (FIFO_MEM_BLK)         0.00       0.10 f
  memblk/U160/Y (AO22X1_RVT)               0.06 @     0.16 f
  memblk/FIFO_reg[2][7]/D (DFFX1_RVT)      0.00 &     0.16 f
  data arrival time                                   0.16

  clock ideal_clock1 (rise edge)           0.00       0.00
  clock network delay (propagated)         0.01       0.01
  clock uncertainty                        0.10       0.11
  memblk/FIFO_reg[2][7]/CLK (DFFX1_RVT)
                                           0.00       0.11 r
  library hold time                       -0.01       0.10
  data required time                                  0.10
  -----------------------------------------------------------
  data required time                                  0.10
  data arrival time                                  -0.16
  -----------------------------------------------------------
  slack (MET)                                         0.06


  Startpoint: Data_In[5] (input port clocked by ideal_clock1)
  Endpoint: memblk/FIFO_reg[2][5]
            (rising edge-triggered flip-flop clocked by ideal_clock1)
  Path Group: ideal_clock1
  Path Type: min

  Point                                    Incr       Path
  -----------------------------------------------------------
  clock ideal_clock1 (rise edge)           0.00       0.00
  clock network delay (ideal)              0.00       0.00
  input external delay                     0.10       0.10 f
  Data_In[5] (in)                          0.00 @     0.10 f
  memblk/data_in[5] (FIFO_MEM_BLK)         0.00       0.10 f
  memblk/U158/Y (AO22X1_RVT)               0.06 @     0.16 f
  memblk/FIFO_reg[2][5]/D (DFFX1_RVT)      0.00 &     0.16 f
  data arrival time                                   0.16

  clock ideal_clock1 (rise edge)           0.00       0.00
  clock network delay (propagated)         0.01       0.01
  clock uncertainty                        0.10       0.11
  memblk/FIFO_reg[2][5]/CLK (DFFX1_RVT)
                                           0.00       0.11 r
  library hold time                       -0.01       0.10
  data required time                                  0.10
  -----------------------------------------------------------
  data required time                                  0.10
  data arrival time                                  -0.16
  -----------------------------------------------------------
  slack (MET)                                         0.06


  Startpoint: Data_In[8] (input port clocked by ideal_clock1)
  Endpoint: memblk/FIFO_reg[2][8]
            (rising edge-triggered flip-flop clocked by ideal_clock1)
  Path Group: ideal_clock1
  Path Type: min

  Point                                    Incr       Path
  -----------------------------------------------------------
  clock ideal_clock1 (rise edge)           0.00       0.00
  clock network delay (ideal)              0.00       0.00
  input external delay                     0.10       0.10 f
  Data_In[8] (in)                          0.00 @     0.10 f
  memblk/data_in[8] (FIFO_MEM_BLK)         0.00       0.10 f
  memblk/U59/Y (AO22X1_RVT)                0.06 @     0.16 f
  memblk/FIFO_reg[2][8]/D (DFFX1_RVT)      0.00 &     0.16 f
  data arrival time                                   0.16

  clock ideal_clock1 (rise edge)           0.00       0.00
  clock network delay (propagated)         0.01       0.01
  clock uncertainty                        0.10       0.11
  memblk/FIFO_reg[2][8]/CLK (DFFX1_RVT)
                                           0.00       0.11 r
  library hold time                       -0.01       0.10
  data required time                                  0.10
  -----------------------------------------------------------
  data required time                                  0.10
  data arrival time                                  -0.16
  -----------------------------------------------------------
  slack (MET)                                         0.06


  Startpoint: Data_In[5] (input port clocked by ideal_clock1)
  Endpoint: memblk/FIFO_reg[0][5]
            (rising edge-triggered flip-flop clocked by ideal_clock1)
  Path Group: ideal_clock1
  Path Type: min

  Point                                    Incr       Path
  -----------------------------------------------------------
  clock ideal_clock1 (rise edge)           0.00       0.00
  clock network delay (ideal)              0.00       0.00
  input external delay                     0.10       0.10 f
  Data_In[5] (in)                          0.00 @     0.10 f
  memblk/data_in[5] (FIFO_MEM_BLK)         0.00       0.10 f
  memblk/U174/Y (AO22X1_RVT)               0.06 @     0.16 f
  memblk/FIFO_reg[0][5]/D (DFFX1_RVT)      0.00 &     0.16 f
  data arrival time                                   0.16

  clock ideal_clock1 (rise edge)           0.00       0.00
  clock network delay (propagated)         0.01       0.01
  clock uncertainty                        0.10       0.11
  memblk/FIFO_reg[0][5]/CLK (DFFX1_RVT)
                                           0.00       0.11 r
  library hold time                       -0.01       0.10
  data required time                                  0.10
  -----------------------------------------------------------
  data required time                                  0.10
  data arrival time                                  -0.16
  -----------------------------------------------------------
  slack (MET)                                         0.06


  Startpoint: Data_In[2] (input port clocked by ideal_clock1)
  Endpoint: memblk/FIFO_reg[0][2]
            (rising edge-triggered flip-flop clocked by ideal_clock1)
  Path Group: ideal_clock1
  Path Type: min

  Point                                    Incr       Path
  -----------------------------------------------------------
  clock ideal_clock1 (rise edge)           0.00       0.00
  clock network delay (ideal)              0.00       0.00
  input external delay                     0.10       0.10 f
  Data_In[2] (in)                          0.00 @     0.10 f
  memblk/data_in[2] (FIFO_MEM_BLK)         0.00       0.10 f
  memblk/U171/Y (AO22X1_RVT)               0.06 @     0.16 f
  memblk/FIFO_reg[0][2]/D (DFFX1_RVT)      0.00 &     0.16 f
  data arrival time                                   0.16

  clock ideal_clock1 (rise edge)           0.00       0.00
  clock network delay (propagated)         0.01       0.01
  clock uncertainty                        0.10       0.11
  memblk/FIFO_reg[0][2]/CLK (DFFX1_RVT)
                                           0.00       0.11 r
  library hold time                       -0.01       0.10
  data required time                                  0.10
  -----------------------------------------------------------
  data required time                                  0.10
  data arrival time                                  -0.16
  -----------------------------------------------------------
  slack (MET)                                         0.06


  Startpoint: Data_In[30]
              (input port clocked by ideal_clock1)
  Endpoint: memblk/FIFO_reg[1][30]
            (rising edge-triggered flip-flop clocked by ideal_clock1)
  Path Group: ideal_clock1
  Path Type: min

  Point                                                   Incr       Path
  --------------------------------------------------------------------------
  clock ideal_clock1 (rise edge)                          0.00       0.00
  clock network delay (ideal)                             0.00       0.00
  input external delay                                    0.10       0.10 f
  Data_In[30] (in)                                        0.00 @     0.10 f
  memblk/data_in[30] (FIFO_MEM_BLK)                       0.00       0.10 f
  memblk/U110/Y (AO22X1_RVT)                              0.06 @     0.16 f
  memblk/FIFO_reg[1][30]/D (DFFX1_RVT)                    0.00 &     0.16 f
  data arrival time                                                  0.16

  clock ideal_clock1 (rise edge)                          0.00       0.00
  clock network delay (propagated)                        0.01       0.01
  clock uncertainty                                       0.10       0.11
  memblk/FIFO_reg[1][30]/CLK (DFFX1_RVT)                  0.00       0.11 r
  library hold time                                      -0.01       0.10
  data required time                                                 0.10
  --------------------------------------------------------------------------
  data required time                                                 0.10
  data arrival time                                                 -0.16
  --------------------------------------------------------------------------
  slack (MET)                                                        0.06


  Startpoint: Data_In[25]
              (input port clocked by ideal_clock1)
  Endpoint: memblk/FIFO_reg[2][25]
            (rising edge-triggered flip-flop clocked by ideal_clock1)
  Path Group: ideal_clock1
  Path Type: min

  Point                                                   Incr       Path
  --------------------------------------------------------------------------
  clock ideal_clock1 (rise edge)                          0.00       0.00
  clock network delay (ideal)                             0.00       0.00
  input external delay                                    0.10       0.10 f
  Data_In[25] (in)                                        0.00 @     0.10 f
  memblk/data_in[25] (FIFO_MEM_BLK)                       0.00       0.10 f
  memblk/U76/Y (AO22X1_RVT)                               0.06 @     0.16 f
  memblk/FIFO_reg[2][25]/D (DFFX1_RVT)                    0.00 &     0.16 f
  data arrival time                                                  0.16

  clock ideal_clock1 (rise edge)                          0.00       0.00
  clock network delay (propagated)                        0.01       0.01
  clock uncertainty                                       0.10       0.11
  memblk/FIFO_reg[2][25]/CLK (DFFX1_RVT)                  0.00       0.11 r
  library hold time                                      -0.01       0.10
  data required time                                                 0.10
  --------------------------------------------------------------------------
  data required time                                                 0.10
  data arrival time                                                 -0.16
  --------------------------------------------------------------------------
  slack (MET)                                                        0.06


  Startpoint: Data_In[4] (input port clocked by ideal_clock1)
  Endpoint: memblk/FIFO_reg[2][4]
            (rising edge-triggered flip-flop clocked by ideal_clock1)
  Path Group: ideal_clock1
  Path Type: min

  Point                                    Incr       Path
  -----------------------------------------------------------
  clock ideal_clock1 (rise edge)           0.00       0.00
  clock network delay (ideal)              0.00       0.00
  input external delay                     0.10       0.10 f
  Data_In[4] (in)                          0.00 @     0.10 f
  memblk/data_in[4] (FIFO_MEM_BLK)         0.00       0.10 f
  memblk/U157/Y (AO22X1_RVT)               0.06 @     0.16 f
  memblk/FIFO_reg[2][4]/D (DFFX1_RVT)      0.00 &     0.16 f
  data arrival time                                   0.16

  clock ideal_clock1 (rise edge)           0.00       0.00
  clock network delay (propagated)         0.01       0.01
  clock uncertainty                        0.10       0.11
  memblk/FIFO_reg[2][4]/CLK (DFFX1_RVT)
                                           0.00       0.11 r
  library hold time                       -0.01       0.10
  data required time                                  0.10
  -----------------------------------------------------------
  data required time                                  0.10
  data arrival time                                  -0.16
  -----------------------------------------------------------
  slack (MET)                                         0.06


  Startpoint: Data_In[20]
              (input port clocked by ideal_clock1)
  Endpoint: memblk/FIFO_reg[3][20]
            (rising edge-triggered flip-flop clocked by ideal_clock1)
  Path Group: ideal_clock1
  Path Type: min

  Point                                                   Incr       Path
  --------------------------------------------------------------------------
  clock ideal_clock1 (rise edge)                          0.00       0.00
  clock network delay (ideal)                             0.00       0.00
  input external delay                                    0.10       0.10 f
  Data_In[20] (in)                                        0.00 @     0.10 f
  memblk/data_in[20] (FIFO_MEM_BLK)                       0.00       0.10 f
  memblk/U55/Y (AO22X1_RVT)                               0.06 @     0.16 f
  memblk/FIFO_reg[3][20]/D (DFFX1_RVT)                    0.00 &     0.16 f
  data arrival time                                                  0.16

  clock ideal_clock1 (rise edge)                          0.00       0.00
  clock network delay (propagated)                        0.01       0.01
  clock uncertainty                                       0.10       0.11
  memblk/FIFO_reg[3][20]/CLK (DFFX1_RVT)                  0.00       0.11 r
  library hold time                                      -0.01       0.10
  data required time                                                 0.10
  --------------------------------------------------------------------------
  data required time                                                 0.10
  data arrival time                                                 -0.16
  --------------------------------------------------------------------------
  slack (MET)                                                        0.06


  Startpoint: Data_In[26]
              (input port clocked by ideal_clock1)
  Endpoint: memblk/FIFO_reg[0][26]
            (rising edge-triggered flip-flop clocked by ideal_clock1)
  Path Group: ideal_clock1
  Path Type: min

  Point                                                   Incr       Path
  --------------------------------------------------------------------------
  clock ideal_clock1 (rise edge)                          0.00       0.00
  clock network delay (ideal)                             0.00       0.00
  input external delay                                    0.10       0.10 f
  Data_In[26] (in)                                        0.00 @     0.10 f
  memblk/data_in[26] (FIFO_MEM_BLK)                       0.00       0.10 f
  memblk/U130/Y (AO22X1_RVT)                              0.06 @     0.16 f
  memblk/FIFO_reg[0][26]/D (DFFX1_RVT)                    0.00 &     0.16 f
  data arrival time                                                  0.16

  clock ideal_clock1 (rise edge)                          0.00       0.00
  clock network delay (propagated)                        0.01       0.01
  clock uncertainty                                       0.10       0.11
  memblk/FIFO_reg[0][26]/CLK (DFFX1_RVT)                  0.00       0.11 r
  library hold time                                      -0.01       0.10
  data required time                                                 0.10
  --------------------------------------------------------------------------
  data required time                                                 0.10
  data arrival time                                                 -0.16
  --------------------------------------------------------------------------
  slack (MET)                                                        0.06


  Startpoint: Data_In[5] (input port clocked by ideal_clock1)
  Endpoint: memblk/FIFO_reg[1][5]
            (rising edge-triggered flip-flop clocked by ideal_clock1)
  Path Group: ideal_clock1
  Path Type: min

  Point                                    Incr       Path
  -----------------------------------------------------------
  clock ideal_clock1 (rise edge)           0.00       0.00
  clock network delay (ideal)              0.00       0.00
  input external delay                     0.10       0.10 f
  Data_In[5] (in)                          0.00 @     0.10 f
  memblk/data_in[5] (FIFO_MEM_BLK)         0.00       0.10 f
  memblk/U166/Y (AO22X1_RVT)               0.06 @     0.16 f
  memblk/FIFO_reg[1][5]/D (DFFX1_RVT)      0.00 &     0.16 f
  data arrival time                                   0.16

  clock ideal_clock1 (rise edge)           0.00       0.00
  clock network delay (propagated)         0.01       0.01
  clock uncertainty                        0.10       0.11
  memblk/FIFO_reg[1][5]/CLK (DFFX1_RVT)
                                           0.00       0.11 r
  library hold time                       -0.01       0.10
  data required time                                  0.10
  -----------------------------------------------------------
  data required time                                  0.10
  data arrival time                                  -0.16
  -----------------------------------------------------------
  slack (MET)                                         0.06


  Startpoint: Data_In[27]
              (input port clocked by ideal_clock1)
  Endpoint: memblk/FIFO_reg[2][27]
            (rising edge-triggered flip-flop clocked by ideal_clock1)
  Path Group: ideal_clock1
  Path Type: min

  Point                                                   Incr       Path
  --------------------------------------------------------------------------
  clock ideal_clock1 (rise edge)                          0.00       0.00
  clock network delay (ideal)                             0.00       0.00
  input external delay                                    0.10       0.10 f
  Data_In[27] (in)                                        0.00 @     0.10 f
  memblk/data_in[27] (FIFO_MEM_BLK)                       0.00       0.10 f
  memblk/U78/Y (AO22X1_RVT)                               0.06 @     0.16 f
  memblk/FIFO_reg[2][27]/D (DFFX1_RVT)                    0.00 &     0.16 f
  data arrival time                                                  0.16

  clock ideal_clock1 (rise edge)                          0.00       0.00
  clock network delay (propagated)                        0.01       0.01
  clock uncertainty                                       0.10       0.11
  memblk/FIFO_reg[2][27]/CLK (DFFX1_RVT)                  0.00       0.11 r
  library hold time                                      -0.01       0.10
  data required time                                                 0.10
  --------------------------------------------------------------------------
  data required time                                                 0.10
  data arrival time                                                 -0.16
  --------------------------------------------------------------------------
  slack (MET)                                                        0.06


  Startpoint: Data_In[28]
              (input port clocked by ideal_clock1)
  Endpoint: memblk/FIFO_reg[3][28]
            (rising edge-triggered flip-flop clocked by ideal_clock1)
  Path Group: ideal_clock1
  Path Type: min

  Point                                                   Incr       Path
  --------------------------------------------------------------------------
  clock ideal_clock1 (rise edge)                          0.00       0.00
  clock network delay (ideal)                             0.00       0.00
  input external delay                                    0.10       0.10 f
  Data_In[28] (in)                                        0.00 @     0.10 f
  memblk/data_in[28] (FIFO_MEM_BLK)                       0.00       0.10 f
  memblk/U152/Y (AO22X1_RVT)                              0.06 @     0.16 f
  memblk/FIFO_reg[3][28]/D (DFFX1_RVT)                    0.00 &     0.16 f
  data arrival time                                                  0.16

  clock ideal_clock1 (rise edge)                          0.00       0.00
  clock network delay (propagated)                        0.01       0.01
  clock uncertainty                                       0.10       0.11
  memblk/FIFO_reg[3][28]/CLK (DFFX1_RVT)                  0.00       0.11 r
  library hold time                                      -0.01       0.10
  data required time                                                 0.10
  --------------------------------------------------------------------------
  data required time                                                 0.10
  data arrival time                                                 -0.16
  --------------------------------------------------------------------------
  slack (MET)                                                        0.06


  Startpoint: Data_In[25]
              (input port clocked by ideal_clock1)
  Endpoint: memblk/FIFO_reg[3][25]
            (rising edge-triggered flip-flop clocked by ideal_clock1)
  Path Group: ideal_clock1
  Path Type: min

  Point                                                   Incr       Path
  --------------------------------------------------------------------------
  clock ideal_clock1 (rise edge)                          0.00       0.00
  clock network delay (ideal)                             0.00       0.00
  input external delay                                    0.10       0.10 f
  Data_In[25] (in)                                        0.00 @     0.10 f
  memblk/data_in[25] (FIFO_MEM_BLK)                       0.00       0.10 f
  memblk/U149/Y (AO22X1_RVT)                              0.06 @     0.16 f
  memblk/FIFO_reg[3][25]/D (DFFX1_RVT)                    0.00 &     0.16 f
  data arrival time                                                  0.16

  clock ideal_clock1 (rise edge)                          0.00       0.00
  clock network delay (propagated)                        0.01       0.01
  clock uncertainty                                       0.10       0.11
  memblk/FIFO_reg[3][25]/CLK (DFFX1_RVT)                  0.00       0.11 r
  library hold time                                      -0.01       0.10
  data required time                                                 0.10
  --------------------------------------------------------------------------
  data required time                                                 0.10
  data arrival time                                                 -0.16
  --------------------------------------------------------------------------
  slack (MET)                                                        0.06


  Startpoint: Data_In[26]
              (input port clocked by ideal_clock1)
  Endpoint: memblk/FIFO_reg[1][26]
            (rising edge-triggered flip-flop clocked by ideal_clock1)
  Path Group: ideal_clock1
  Path Type: min

  Point                                                   Incr       Path
  --------------------------------------------------------------------------
  clock ideal_clock1 (rise edge)                          0.00       0.00
  clock network delay (ideal)                             0.00       0.00
  input external delay                                    0.10       0.10 f
  Data_In[26] (in)                                        0.00 @     0.10 f
  memblk/data_in[26] (FIFO_MEM_BLK)                       0.00       0.10 f
  memblk/U106/Y (AO22X1_RVT)                              0.06 @     0.16 f
  memblk/FIFO_reg[1][26]/D (DFFX1_RVT)                    0.00 &     0.16 f
  data arrival time                                                  0.16

  clock ideal_clock1 (rise edge)                          0.00       0.00
  clock network delay (propagated)                        0.01       0.01
  clock uncertainty                                       0.10       0.11
  memblk/FIFO_reg[1][26]/CLK (DFFX1_RVT)                  0.00       0.11 r
  library hold time                                      -0.01       0.10
  data required time                                                 0.10
  --------------------------------------------------------------------------
  data required time                                                 0.10
  data arrival time                                                 -0.16
  --------------------------------------------------------------------------
  slack (MET)                                                        0.06


  Startpoint: Data_In[3] (input port clocked by ideal_clock1)
  Endpoint: memblk/FIFO_reg[2][3]
            (rising edge-triggered flip-flop clocked by ideal_clock1)
  Path Group: ideal_clock1
  Path Type: min

  Point                                    Incr       Path
  -----------------------------------------------------------
  clock ideal_clock1 (rise edge)           0.00       0.00
  clock network delay (ideal)              0.00       0.00
  input external delay                     0.10       0.10 f
  Data_In[3] (in)                          0.00 @     0.10 f
  memblk/data_in[3] (FIFO_MEM_BLK)         0.00       0.10 f
  memblk/U156/Y (AO22X1_RVT)               0.06 @     0.16 f
  memblk/FIFO_reg[2][3]/D (DFFX1_RVT)      0.00 &     0.16 f
  data arrival time                                   0.16

  clock ideal_clock1 (rise edge)           0.00       0.00
  clock network delay (propagated)         0.01       0.01
  clock uncertainty                        0.10       0.11
  memblk/FIFO_reg[2][3]/CLK (DFFX1_RVT)
                                           0.00       0.11 r
  library hold time                       -0.01       0.10
  data required time                                  0.10
  -----------------------------------------------------------
  data required time                                  0.10
  data arrival time                                  -0.16
  -----------------------------------------------------------
  slack (MET)                                         0.06


  Startpoint: Data_In[2] (input port clocked by ideal_clock1)
  Endpoint: memblk/FIFO_reg[3][2]
            (rising edge-triggered flip-flop clocked by ideal_clock1)
  Path Group: ideal_clock1
  Path Type: min

  Point                                    Incr       Path
  -----------------------------------------------------------
  clock ideal_clock1 (rise edge)           0.00       0.00
  clock network delay (ideal)              0.00       0.00
  input external delay                     0.10       0.10 f
  Data_In[2] (in)                          0.00 @     0.10 f
  memblk/data_in[2] (FIFO_MEM_BLK)         0.00       0.10 f
  memblk/U37/Y (AO22X1_RVT)                0.06 @     0.16 f
  memblk/FIFO_reg[3][2]/D (DFFX1_RVT)      0.00 &     0.16 f
  data arrival time                                   0.16

  clock ideal_clock1 (rise edge)           0.00       0.00
  clock network delay (propagated)         0.01       0.01
  clock uncertainty                        0.10       0.11
  memblk/FIFO_reg[3][2]/CLK (DFFX1_RVT)
                                           0.00       0.11 r
  library hold time                       -0.01       0.10
  data required time                                  0.10
  -----------------------------------------------------------
  data required time                                  0.10
  data arrival time                                  -0.16
  -----------------------------------------------------------
  slack (MET)                                         0.06


  Startpoint: Data_In[21]
              (input port clocked by ideal_clock1)
  Endpoint: memblk/FIFO_reg[0][21]
            (rising edge-triggered flip-flop clocked by ideal_clock1)
  Path Group: ideal_clock1
  Path Type: min

  Point                                                   Incr       Path
  --------------------------------------------------------------------------
  clock ideal_clock1 (rise edge)                          0.00       0.00
  clock network delay (ideal)                             0.00       0.00
  input external delay                                    0.10       0.10 f
  Data_In[21] (in)                                        0.00 @     0.10 f
  memblk/data_in[21] (FIFO_MEM_BLK)                       0.00       0.10 f
  memblk/U125/Y (AO22X1_RVT)                              0.06 @     0.16 f
  memblk/FIFO_reg[0][21]/D (DFFX1_RVT)                    0.00 &     0.16 f
  data arrival time                                                  0.16

  clock ideal_clock1 (rise edge)                          0.00       0.00
  clock network delay (propagated)                        0.01       0.01
  clock uncertainty                                       0.10       0.11
  memblk/FIFO_reg[0][21]/CLK (DFFX1_RVT)                  0.00       0.11 r
  library hold time                                      -0.01       0.10
  data required time                                                 0.10
  --------------------------------------------------------------------------
  data required time                                                 0.10
  data arrival time                                                 -0.16
  --------------------------------------------------------------------------
  slack (MET)                                                        0.06


  Startpoint: Data_In[20]
              (input port clocked by ideal_clock1)
  Endpoint: memblk/FIFO_reg[0][20]
            (rising edge-triggered flip-flop clocked by ideal_clock1)
  Path Group: ideal_clock1
  Path Type: min

  Point                                                   Incr       Path
  --------------------------------------------------------------------------
  clock ideal_clock1 (rise edge)                          0.00       0.00
  clock network delay (ideal)                             0.00       0.00
  input external delay                                    0.10       0.10 f
  Data_In[20] (in)                                        0.00 @     0.10 f
  memblk/data_in[20] (FIFO_MEM_BLK)                       0.00       0.10 f
  memblk/U124/Y (AO22X1_RVT)                              0.06 @     0.16 f
  memblk/FIFO_reg[0][20]/D (DFFX1_RVT)                    0.00 &     0.16 f
  data arrival time                                                  0.16

  clock ideal_clock1 (rise edge)                          0.00       0.00
  clock network delay (propagated)                        0.01       0.01
  clock uncertainty                                       0.10       0.11
  memblk/FIFO_reg[0][20]/CLK (DFFX1_RVT)                  0.00       0.11 r
  library hold time                                      -0.01       0.10
  data required time                                                 0.10
  --------------------------------------------------------------------------
  data required time                                                 0.10
  data arrival time                                                 -0.16
  --------------------------------------------------------------------------
  slack (MET)                                                        0.06


  Startpoint: Data_In[4] (input port clocked by ideal_clock1)
  Endpoint: memblk/FIFO_reg[3][4]
            (rising edge-triggered flip-flop clocked by ideal_clock1)
  Path Group: ideal_clock1
  Path Type: min

  Point                                    Incr       Path
  -----------------------------------------------------------
  clock ideal_clock1 (rise edge)           0.00       0.00
  clock network delay (ideal)              0.00       0.00
  input external delay                     0.10       0.10 f
  Data_In[4] (in)                          0.00 @     0.10 f
  memblk/data_in[4] (FIFO_MEM_BLK)         0.00       0.10 f
  memblk/U39/Y (AO22X1_RVT)                0.06 @     0.16 f
  memblk/FIFO_reg[3][4]/D (DFFX1_RVT)      0.00 &     0.16 f
  data arrival time                                   0.16

  clock ideal_clock1 (rise edge)           0.00       0.00
  clock network delay (propagated)         0.01       0.01
  clock uncertainty                        0.10       0.11
  memblk/FIFO_reg[3][4]/CLK (DFFX1_RVT)
                                           0.00       0.11 r
  library hold time                       -0.01       0.10
  data required time                                  0.10
  -----------------------------------------------------------
  data required time                                  0.10
  data arrival time                                  -0.16
  -----------------------------------------------------------
  slack (MET)                                         0.06


  Startpoint: Data_In[9] (input port clocked by ideal_clock1)
  Endpoint: memblk/FIFO_reg[3][9]
            (rising edge-triggered flip-flop clocked by ideal_clock1)
  Path Group: ideal_clock1
  Path Type: min

  Point                                    Incr       Path
  -----------------------------------------------------------
  clock ideal_clock1 (rise edge)           0.00       0.00
  clock network delay (ideal)              0.00       0.00
  input external delay                     0.10       0.10 f
  Data_In[9] (in)                          0.00 @     0.10 f
  memblk/data_in[9] (FIFO_MEM_BLK)         0.00       0.10 f
  memblk/U44/Y (AO22X1_RVT)                0.06 @     0.16 f
  memblk/FIFO_reg[3][9]/D (DFFX1_RVT)      0.00 &     0.16 f
  data arrival time                                   0.16

  clock ideal_clock1 (rise edge)           0.00       0.00
  clock network delay (propagated)         0.01       0.01
  clock uncertainty                        0.10       0.11
  memblk/FIFO_reg[3][9]/CLK (DFFX1_RVT)
                                           0.00       0.11 r
  library hold time                       -0.01       0.10
  data required time                                  0.10
  -----------------------------------------------------------
  data required time                                  0.10
  data arrival time                                  -0.16
  -----------------------------------------------------------
  slack (MET)                                         0.06


  Startpoint: Data_In[25]
              (input port clocked by ideal_clock1)
  Endpoint: memblk/FIFO_reg[1][25]
            (rising edge-triggered flip-flop clocked by ideal_clock1)
  Path Group: ideal_clock1
  Path Type: min

  Point                                                   Incr       Path
  --------------------------------------------------------------------------
  clock ideal_clock1 (rise edge)                          0.00       0.00
  clock network delay (ideal)                             0.00       0.00
  input external delay                                    0.10       0.10 f
  Data_In[25] (in)                                        0.00 @     0.10 f
  memblk/data_in[25] (FIFO_MEM_BLK)                       0.00       0.10 f
  memblk/U105/Y (AO22X1_RVT)                              0.06 @     0.16 f
  memblk/FIFO_reg[1][25]/D (DFFX1_RVT)                    0.00 &     0.16 f
  data arrival time                                                  0.16

  clock ideal_clock1 (rise edge)                          0.00       0.00
  clock network delay (propagated)                        0.01       0.01
  clock uncertainty                                       0.10       0.11
  memblk/FIFO_reg[1][25]/CLK (DFFX1_RVT)                  0.00       0.11 r
  library hold time                                      -0.01       0.10
  data required time                                                 0.10
  --------------------------------------------------------------------------
  data required time                                                 0.10
  data arrival time                                                 -0.16
  --------------------------------------------------------------------------
  slack (MET)                                                        0.06


  Startpoint: Data_In[0] (input port clocked by ideal_clock1)
  Endpoint: memblk/FIFO_reg[1][0]
            (rising edge-triggered flip-flop clocked by ideal_clock1)
  Path Group: ideal_clock1
  Path Type: min

  Point                                    Incr       Path
  -----------------------------------------------------------
  clock ideal_clock1 (rise edge)           0.00       0.00
  clock network delay (ideal)              0.00       0.00
  input external delay                     0.10       0.10 f
  Data_In[0] (in)                          0.00 @     0.10 f
  memblk/data_in[0] (FIFO_MEM_BLK)         0.00       0.10 f
  memblk/U161/Y (AO22X1_RVT)               0.06 @     0.16 f
  memblk/FIFO_reg[1][0]/D (DFFX1_RVT)      0.00 &     0.16 f
  data arrival time                                   0.16

  clock ideal_clock1 (rise edge)           0.00       0.00
  clock network delay (propagated)         0.01       0.01
  clock uncertainty                        0.10       0.11
  memblk/FIFO_reg[1][0]/CLK (DFFX1_RVT)
                                           0.00       0.11 r
  library hold time                       -0.01       0.10
  data required time                                  0.10
  -----------------------------------------------------------
  data required time                                  0.10
  data arrival time                                  -0.16
  -----------------------------------------------------------
  slack (MET)                                         0.06


  Startpoint: Data_In[6] (input port clocked by ideal_clock1)
  Endpoint: memblk/FIFO_reg[1][6]
            (rising edge-triggered flip-flop clocked by ideal_clock1)
  Path Group: ideal_clock1
  Path Type: min

  Point                                    Incr       Path
  -----------------------------------------------------------
  clock ideal_clock1 (rise edge)           0.00       0.00
  clock network delay (ideal)              0.00       0.00
  input external delay                     0.10       0.10 f
  Data_In[6] (in)                          0.00 @     0.10 f
  memblk/data_in[6] (FIFO_MEM_BLK)         0.00       0.10 f
  memblk/U167/Y (AO22X1_RVT)               0.06 @     0.16 f
  memblk/FIFO_reg[1][6]/D (DFFX1_RVT)      0.00 &     0.16 f
  data arrival time                                   0.16

  clock ideal_clock1 (rise edge)           0.00       0.00
  clock network delay (propagated)         0.01       0.01
  clock uncertainty                        0.10       0.11
  memblk/FIFO_reg[1][6]/CLK (DFFX1_RVT)
                                           0.00       0.11 r
  library hold time                       -0.01       0.10
  data required time                                  0.10
  -----------------------------------------------------------
  data required time                                  0.10
  data arrival time                                  -0.16
  -----------------------------------------------------------
  slack (MET)                                         0.07


  Startpoint: Data_In[22]
              (input port clocked by ideal_clock1)
  Endpoint: memblk/FIFO_reg[3][22]
            (rising edge-triggered flip-flop clocked by ideal_clock1)
  Path Group: ideal_clock1
  Path Type: min

  Point                                                   Incr       Path
  --------------------------------------------------------------------------
  clock ideal_clock1 (rise edge)                          0.00       0.00
  clock network delay (ideal)                             0.00       0.00
  input external delay                                    0.10       0.10 f
  Data_In[22] (in)                                        0.00 @     0.10 f
  memblk/data_in[22] (FIFO_MEM_BLK)                       0.00       0.10 f
  memblk/U146/Y (AO22X1_RVT)                              0.06 @     0.16 f
  memblk/FIFO_reg[3][22]/D (DFFX1_RVT)                    0.00 &     0.16 f
  data arrival time                                                  0.16

  clock ideal_clock1 (rise edge)                          0.00       0.00
  clock network delay (propagated)                        0.01       0.01
  clock uncertainty                                       0.10       0.11
  memblk/FIFO_reg[3][22]/CLK (DFFX1_RVT)                  0.00       0.11 r
  library hold time                                      -0.01       0.10
  data required time                                                 0.10
  --------------------------------------------------------------------------
  data required time                                                 0.10
  data arrival time                                                 -0.16
  --------------------------------------------------------------------------
  slack (MET)                                                        0.07


  Startpoint: Data_In[23]
              (input port clocked by ideal_clock1)
  Endpoint: memblk/FIFO_reg[3][23]
            (rising edge-triggered flip-flop clocked by ideal_clock1)
  Path Group: ideal_clock1
  Path Type: min

  Point                                                   Incr       Path
  --------------------------------------------------------------------------
  clock ideal_clock1 (rise edge)                          0.00       0.00
  clock network delay (ideal)                             0.00       0.00
  input external delay                                    0.10       0.10 f
  Data_In[23] (in)                                        0.00 @     0.10 f
  memblk/data_in[23] (FIFO_MEM_BLK)                       0.00       0.10 f
  memblk/U147/Y (AO22X1_RVT)                              0.06 @     0.16 f
  memblk/FIFO_reg[3][23]/D (DFFX1_RVT)                    0.00 &     0.16 f
  data arrival time                                                  0.16

  clock ideal_clock1 (rise edge)                          0.00       0.00
  clock network delay (propagated)                        0.01       0.01
  clock uncertainty                                       0.10       0.11
  memblk/FIFO_reg[3][23]/CLK (DFFX1_RVT)                  0.00       0.11 r
  library hold time                                      -0.01       0.10
  data required time                                                 0.10
  --------------------------------------------------------------------------
  data required time                                                 0.10
  data arrival time                                                 -0.16
  --------------------------------------------------------------------------
  slack (MET)                                                        0.07


  Startpoint: Data_In[0] (input port clocked by ideal_clock1)
  Endpoint: memblk/FIFO_reg[0][0]
            (rising edge-triggered flip-flop clocked by ideal_clock1)
  Path Group: ideal_clock1
  Path Type: min

  Point                                    Incr       Path
  -----------------------------------------------------------
  clock ideal_clock1 (rise edge)           0.00       0.00
  clock network delay (ideal)              0.00       0.00
  input external delay                     0.10       0.10 f
  Data_In[0] (in)                          0.00 @     0.10 f
  memblk/data_in[0] (FIFO_MEM_BLK)         0.00       0.10 f
  memblk/U169/Y (AO22X1_RVT)               0.06 @     0.16 f
  memblk/FIFO_reg[0][0]/D (DFFX1_RVT)      0.00 &     0.16 f
  data arrival time                                   0.16

  clock ideal_clock1 (rise edge)           0.00       0.00
  clock network delay (propagated)         0.01       0.01
  clock uncertainty                        0.10       0.11
  memblk/FIFO_reg[0][0]/CLK (DFFX1_RVT)
                                           0.00       0.11 r
  library hold time                       -0.01       0.10
  data required time                                  0.10
  -----------------------------------------------------------
  data required time                                  0.10
  data arrival time                                  -0.16
  -----------------------------------------------------------
  slack (MET)                                         0.07


  Startpoint: Data_In[21]
              (input port clocked by ideal_clock1)
  Endpoint: memblk/FIFO_reg[2][21]
            (rising edge-triggered flip-flop clocked by ideal_clock1)
  Path Group: ideal_clock1
  Path Type: min

  Point                                                   Incr       Path
  --------------------------------------------------------------------------
  clock ideal_clock1 (rise edge)                          0.00       0.00
  clock network delay (ideal)                             0.00       0.00
  input external delay                                    0.10       0.10 f
  Data_In[21] (in)                                        0.00 @     0.10 f
  memblk/data_in[21] (FIFO_MEM_BLK)                       0.00       0.10 f
  memblk/U72/Y (AO22X1_RVT)                               0.06 @     0.16 f
  memblk/FIFO_reg[2][21]/D (DFFX1_RVT)                    0.00 &     0.16 f
  data arrival time                                                  0.16

  clock ideal_clock1 (rise edge)                          0.00       0.00
  clock network delay (propagated)                        0.01       0.01
  clock uncertainty                                       0.10       0.11
  memblk/FIFO_reg[2][21]/CLK (DFFX1_RVT)                  0.00       0.11 r
  library hold time                                      -0.01       0.10
  data required time                                                 0.10
  --------------------------------------------------------------------------
  data required time                                                 0.10
  data arrival time                                                 -0.16
  --------------------------------------------------------------------------
  slack (MET)                                                        0.07


  Startpoint: Data_In[9] (input port clocked by ideal_clock1)
  Endpoint: memblk/FIFO_reg[2][9]
            (rising edge-triggered flip-flop clocked by ideal_clock1)
  Path Group: ideal_clock1
  Path Type: min

  Point                                    Incr       Path
  -----------------------------------------------------------
  clock ideal_clock1 (rise edge)           0.00       0.00
  clock network delay (ideal)              0.00       0.00
  input external delay                     0.10       0.10 f
  Data_In[9] (in)                          0.00 @     0.10 f
  memblk/data_in[9] (FIFO_MEM_BLK)         0.00       0.10 f
  memblk/U60/Y (AO22X1_RVT)                0.06 @     0.16 f
  memblk/FIFO_reg[2][9]/D (DFFX1_RVT)      0.00 &     0.16 f
  data arrival time                                   0.16

  clock ideal_clock1 (rise edge)           0.00       0.00
  clock network delay (propagated)         0.01       0.01
  clock uncertainty                        0.10       0.11
  memblk/FIFO_reg[2][9]/CLK (DFFX1_RVT)
                                           0.00       0.11 r
  library hold time                       -0.01       0.10
  data required time                                  0.10
  -----------------------------------------------------------
  data required time                                  0.10
  data arrival time                                  -0.16
  -----------------------------------------------------------
  slack (MET)                                         0.07


  Startpoint: Data_In[1] (input port clocked by ideal_clock1)
  Endpoint: memblk/FIFO_reg[1][1]
            (rising edge-triggered flip-flop clocked by ideal_clock1)
  Path Group: ideal_clock1
  Path Type: min

  Point                                    Incr       Path
  -----------------------------------------------------------
  clock ideal_clock1 (rise edge)           0.00       0.00
  clock network delay (ideal)              0.00       0.00
  input external delay                     0.10       0.10 f
  Data_In[1] (in)                          0.00 @     0.10 f
  memblk/data_in[1] (FIFO_MEM_BLK)         0.00       0.10 f
  memblk/U162/Y (AO22X1_RVT)               0.06 @     0.16 f
  memblk/FIFO_reg[1][1]/D (DFFX1_RVT)      0.00 &     0.16 f
  data arrival time                                   0.16

  clock ideal_clock1 (rise edge)           0.00       0.00
  clock network delay (propagated)         0.01       0.01
  clock uncertainty                        0.10       0.11
  memblk/FIFO_reg[1][1]/CLK (DFFX1_RVT)
                                           0.00       0.11 r
  library hold time                       -0.01       0.10
  data required time                                  0.10
  -----------------------------------------------------------
  data required time                                  0.10
  data arrival time                                  -0.16
  -----------------------------------------------------------
  slack (MET)                                         0.07


  Startpoint: Data_In[1] (input port clocked by ideal_clock1)
  Endpoint: memblk/FIFO_reg[0][1]
            (rising edge-triggered flip-flop clocked by ideal_clock1)
  Path Group: ideal_clock1
  Path Type: min

  Point                                    Incr       Path
  -----------------------------------------------------------
  clock ideal_clock1 (rise edge)           0.00       0.00
  clock network delay (ideal)              0.00       0.00
  input external delay                     0.10       0.10 f
  Data_In[1] (in)                          0.00 @     0.10 f
  memblk/data_in[1] (FIFO_MEM_BLK)         0.00       0.10 f
  memblk/U170/Y (AO22X1_RVT)               0.06 @     0.16 f
  memblk/FIFO_reg[0][1]/D (DFFX1_RVT)      0.00 &     0.16 f
  data arrival time                                   0.16

  clock ideal_clock1 (rise edge)           0.00       0.00
  clock network delay (propagated)         0.01       0.01
  clock uncertainty                        0.10       0.11
  memblk/FIFO_reg[0][1]/CLK (DFFX1_RVT)
                                           0.00       0.11 r
  library hold time                       -0.01       0.10
  data required time                                  0.10
  -----------------------------------------------------------
  data required time                                  0.10
  data arrival time                                  -0.16
  -----------------------------------------------------------
  slack (MET)                                         0.07


  Startpoint: Data_In[8] (input port clocked by ideal_clock1)
  Endpoint: memblk/FIFO_reg[3][8]
            (rising edge-triggered flip-flop clocked by ideal_clock1)
  Path Group: ideal_clock1
  Path Type: min

  Point                                    Incr       Path
  -----------------------------------------------------------
  clock ideal_clock1 (rise edge)           0.00       0.00
  clock network delay (ideal)              0.00       0.00
  input external delay                     0.10       0.10 f
  Data_In[8] (in)                          0.00 @     0.10 f
  memblk/data_in[8] (FIFO_MEM_BLK)         0.00       0.10 f
  memblk/U43/Y (AO22X1_RVT)                0.06 @     0.16 f
  memblk/FIFO_reg[3][8]/D (DFFX1_RVT)      0.00 &     0.16 f
  data arrival time                                   0.16

  clock ideal_clock1 (rise edge)           0.00       0.00
  clock network delay (propagated)         0.01       0.01
  clock uncertainty                        0.10       0.11
  memblk/FIFO_reg[3][8]/CLK (DFFX1_RVT)
                                           0.00       0.11 r
  library hold time                       -0.01       0.10
  data required time                                  0.10
  -----------------------------------------------------------
  data required time                                  0.10
  data arrival time                                  -0.16
  -----------------------------------------------------------
  slack (MET)                                         0.07


  Startpoint: Data_In[15]
              (input port clocked by ideal_clock1)
  Endpoint: memblk/FIFO_reg[3][15]
            (rising edge-triggered flip-flop clocked by ideal_clock1)
  Path Group: ideal_clock1
  Path Type: min

  Point                                                   Incr       Path
  --------------------------------------------------------------------------
  clock ideal_clock1 (rise edge)                          0.00       0.00
  clock network delay (ideal)                             0.00       0.00
  input external delay                                    0.10       0.10 f
  Data_In[15] (in)                                        0.00 @     0.10 f
  memblk/data_in[15] (FIFO_MEM_BLK)                       0.00       0.10 f
  memblk/U50/Y (AO22X1_RVT)                               0.06 @     0.16 f
  memblk/FIFO_reg[3][15]/D (DFFX1_RVT)                    0.00 &     0.16 f
  data arrival time                                                  0.16

  clock ideal_clock1 (rise edge)                          0.00       0.00
  clock network delay (propagated)                        0.01       0.01
  clock uncertainty                                       0.10       0.11
  memblk/FIFO_reg[3][15]/CLK (DFFX1_RVT)                  0.00       0.11 r
  library hold time                                      -0.01       0.09
  data required time                                                 0.09
  --------------------------------------------------------------------------
  data required time                                                 0.09
  data arrival time                                                 -0.16
  --------------------------------------------------------------------------
  slack (MET)                                                        0.07


  Startpoint: Data_In[28]
              (input port clocked by ideal_clock1)
  Endpoint: memblk/FIFO_reg[2][28]
            (rising edge-triggered flip-flop clocked by ideal_clock1)
  Path Group: ideal_clock1
  Path Type: min

  Point                                                   Incr       Path
  --------------------------------------------------------------------------
  clock ideal_clock1 (rise edge)                          0.00       0.00
  clock network delay (ideal)                             0.00       0.00
  input external delay                                    0.10       0.10 f
  Data_In[28] (in)                                        0.00 @     0.10 f
  memblk/data_in[28] (FIFO_MEM_BLK)                       0.00       0.10 f
  memblk/U79/Y (AO22X1_RVT)                               0.06 @     0.16 f
  memblk/FIFO_reg[2][28]/D (DFFX1_RVT)                    0.00 &     0.16 f
  data arrival time                                                  0.16

  clock ideal_clock1 (rise edge)                          0.00       0.00
  clock network delay (propagated)                        0.01       0.01
  clock uncertainty                                       0.10       0.11
  memblk/FIFO_reg[2][28]/CLK (DFFX1_RVT)                  0.00       0.11 r
  library hold time                                      -0.01       0.10
  data required time                                                 0.10
  --------------------------------------------------------------------------
  data required time                                                 0.10
  data arrival time                                                 -0.16
  --------------------------------------------------------------------------
  slack (MET)                                                        0.07


  Startpoint: Data_In[6] (input port clocked by ideal_clock1)
  Endpoint: memblk/FIFO_reg[2][6]
            (rising edge-triggered flip-flop clocked by ideal_clock1)
  Path Group: ideal_clock1
  Path Type: min

  Point                                    Incr       Path
  -----------------------------------------------------------
  clock ideal_clock1 (rise edge)           0.00       0.00
  clock network delay (ideal)              0.00       0.00
  input external delay                     0.10       0.10 f
  Data_In[6] (in)                          0.00 @     0.10 f
  memblk/data_in[6] (FIFO_MEM_BLK)         0.00       0.10 f
  memblk/U159/Y (AO22X1_RVT)               0.06 @     0.16 f
  memblk/FIFO_reg[2][6]/D (DFFX1_RVT)      0.00 &     0.16 f
  data arrival time                                   0.16

  clock ideal_clock1 (rise edge)           0.00       0.00
  clock network delay (propagated)         0.01       0.01
  clock uncertainty                        0.10       0.11
  memblk/FIFO_reg[2][6]/CLK (DFFX1_RVT)
                                           0.00       0.11 r
  library hold time                       -0.01       0.10
  data required time                                  0.10
  -----------------------------------------------------------
  data required time                                  0.10
  data arrival time                                  -0.16
  -----------------------------------------------------------
  slack (MET)                                         0.07


  Startpoint: Data_In[27]
              (input port clocked by ideal_clock1)
  Endpoint: memblk/FIFO_reg[3][27]
            (rising edge-triggered flip-flop clocked by ideal_clock1)
  Path Group: ideal_clock1
  Path Type: min

  Point                                                   Incr       Path
  --------------------------------------------------------------------------
  clock ideal_clock1 (rise edge)                          0.00       0.00
  clock network delay (ideal)                             0.00       0.00
  input external delay                                    0.10       0.10 f
  Data_In[27] (in)                                        0.00 @     0.10 f
  memblk/data_in[27] (FIFO_MEM_BLK)                       0.00       0.10 f
  memblk/U151/Y (AO22X1_RVT)                              0.06 @     0.16 f
  memblk/FIFO_reg[3][27]/D (DFFX1_RVT)                    0.00 &     0.16 f
  data arrival time                                                  0.16

  clock ideal_clock1 (rise edge)                          0.00       0.00
  clock network delay (propagated)                        0.01       0.01
  clock uncertainty                                       0.10       0.11
  memblk/FIFO_reg[3][27]/CLK (DFFX1_RVT)                  0.00       0.11 r
  library hold time                                      -0.01       0.10
  data required time                                                 0.10
  --------------------------------------------------------------------------
  data required time                                                 0.10
  data arrival time                                                 -0.16
  --------------------------------------------------------------------------
  slack (MET)                                                        0.07


  Startpoint: Data_In[5] (input port clocked by ideal_clock1)
  Endpoint: memblk/FIFO_reg[3][5]
            (rising edge-triggered flip-flop clocked by ideal_clock1)
  Path Group: ideal_clock1
  Path Type: min

  Point                                    Incr       Path
  -----------------------------------------------------------
  clock ideal_clock1 (rise edge)           0.00       0.00
  clock network delay (ideal)              0.00       0.00
  input external delay                     0.10       0.10 f
  Data_In[5] (in)                          0.00 @     0.10 f
  memblk/data_in[5] (FIFO_MEM_BLK)         0.00       0.10 f
  memblk/U40/Y (AO22X1_RVT)                0.06 @     0.16 f
  memblk/FIFO_reg[3][5]/D (DFFX1_RVT)      0.00 &     0.16 f
  data arrival time                                   0.16

  clock ideal_clock1 (rise edge)           0.00       0.00
  clock network delay (propagated)         0.01       0.01
  clock uncertainty                        0.10       0.11
  memblk/FIFO_reg[3][5]/CLK (DFFX1_RVT)
                                           0.00       0.11 r
  library hold time                       -0.01       0.10
  data required time                                  0.10
  -----------------------------------------------------------
  data required time                                  0.10
  data arrival time                                  -0.16
  -----------------------------------------------------------
  slack (MET)                                         0.07


  Startpoint: Data_In[30]
              (input port clocked by ideal_clock1)
  Endpoint: memblk/FIFO_reg[2][30]
            (rising edge-triggered flip-flop clocked by ideal_clock1)
  Path Group: ideal_clock1
  Path Type: min

  Point                                                   Incr       Path
  --------------------------------------------------------------------------
  clock ideal_clock1 (rise edge)                          0.00       0.00
  clock network delay (ideal)                             0.00       0.00
  input external delay                                    0.10       0.10 f
  Data_In[30] (in)                                        0.00 @     0.10 f
  memblk/data_in[30] (FIFO_MEM_BLK)                       0.00       0.10 f
  memblk/U81/Y (AO22X1_RVT)                               0.06 @     0.16 f
  memblk/FIFO_reg[2][30]/D (DFFX1_RVT)                    0.00 &     0.16 f
  data arrival time                                                  0.16

  clock ideal_clock1 (rise edge)                          0.00       0.00
  clock network delay (propagated)                        0.01       0.01
  clock uncertainty                                       0.10       0.11
  memblk/FIFO_reg[2][30]/CLK (DFFX1_RVT)                  0.00       0.11 r
  library hold time                                      -0.01       0.10
  data required time                                                 0.10
  --------------------------------------------------------------------------
  data required time                                                 0.10
  data arrival time                                                 -0.16
  --------------------------------------------------------------------------
  slack (MET)                                                        0.07


  Startpoint: Data_In[21]
              (input port clocked by ideal_clock1)
  Endpoint: memblk/FIFO_reg[1][21]
            (rising edge-triggered flip-flop clocked by ideal_clock1)
  Path Group: ideal_clock1
  Path Type: min

  Point                                                   Incr       Path
  --------------------------------------------------------------------------
  clock ideal_clock1 (rise edge)                          0.00       0.00
  clock network delay (ideal)                             0.00       0.00
  input external delay                                    0.10       0.10 f
  Data_In[21] (in)                                        0.00 @     0.10 f
  memblk/data_in[21] (FIFO_MEM_BLK)                       0.00       0.10 f
  memblk/U101/Y (AO22X1_RVT)                              0.06 @     0.16 f
  memblk/FIFO_reg[1][21]/D (DFFX1_RVT)                    0.00 &     0.16 f
  data arrival time                                                  0.16

  clock ideal_clock1 (rise edge)                          0.00       0.00
  clock network delay (propagated)                        0.01       0.01
  clock uncertainty                                       0.10       0.11
  memblk/FIFO_reg[1][21]/CLK (DFFX1_RVT)                  0.00       0.11 r
  library hold time                                      -0.01       0.10
  data required time                                                 0.10
  --------------------------------------------------------------------------
  data required time                                                 0.10
  data arrival time                                                 -0.16
  --------------------------------------------------------------------------
  slack (MET)                                                        0.07


  Startpoint: Data_In[6] (input port clocked by ideal_clock1)
  Endpoint: memblk/FIFO_reg[3][6]
            (rising edge-triggered flip-flop clocked by ideal_clock1)
  Path Group: ideal_clock1
  Path Type: min

  Point                                    Incr       Path
  -----------------------------------------------------------
  clock ideal_clock1 (rise edge)           0.00       0.00
  clock network delay (ideal)              0.00       0.00
  input external delay                     0.10       0.10 f
  Data_In[6] (in)                          0.00 @     0.10 f
  memblk/data_in[6] (FIFO_MEM_BLK)         0.00       0.10 f
  memblk/U41/Y (AO22X1_RVT)                0.06 @     0.16 f
  memblk/FIFO_reg[3][6]/D (DFFX1_RVT)      0.00 &     0.16 f
  data arrival time                                   0.16

  clock ideal_clock1 (rise edge)           0.00       0.00
  clock network delay (propagated)         0.01       0.01
  clock uncertainty                        0.10       0.11
  memblk/FIFO_reg[3][6]/CLK (DFFX1_RVT)
                                           0.00       0.11 r
  library hold time                       -0.01       0.10
  data required time                                  0.10
  -----------------------------------------------------------
  data required time                                  0.10
  data arrival time                                  -0.16
  -----------------------------------------------------------
  slack (MET)                                         0.07


1
