 
****************************************
Report : area
Design : FIFO
Version: M-2016.12-SP1
Date   : Wed Feb  1 11:48:03 2023
****************************************

Information: Updating design information... (UID-85)
Library(s) Used:

    saed32rvt_ss0p95v25c (File: /mnt/class_data/ecec574-w2019/PDKs/SAED32nm/lib/stdcell_rvt/db_ccs/saed32rvt_ss0p95v25c.db)

Number of ports:                          460
Number of nets:                          2049
Number of cells:                         1580
Number of combinational cells:           1346
Number of sequential cells:               229
Number of macros/black boxes:               0
Number of buf/inv:                        607
Number of references:                      31

Combinational area:               3103.606569
Buf/Inv area:                     1105.018142
Noncombinational area:            1564.510504
Macro/Black Box area:                0.000000
Net Interconnect area:             716.578121

Total cell area:                  4668.117073
Total area:                       5384.695194
1
