 
****************************************
Report : area
Design : s386
Version: M-2016.12-SP1
Date   : Wed Mar  1 10:41:25 2023
****************************************

Information: Updating design information... (UID-85)
Library(s) Used:

    saed32rvt_ss0p95v25c (File: /mnt/class_data/ecec574-w2019/PDKs/SAED32nm/lib/stdcell_rvt/db_ccs/saed32rvt_ss0p95v25c.db)

Number of ports:                           35
Number of nets:                           147
Number of cells:                          127
Number of combinational cells:            115
Number of sequential cells:                 6
Number of macros/black boxes:               0
Number of buf/inv:                         46
Number of references:                      30

Combinational area:                218.817986
Buf/Inv area:                       70.652034
Noncombinational area:              39.646465
Macro/Black Box area:                0.000000
Net Interconnect area:              44.382441

Total cell area:                   258.464451
Total area:                        302.846892
1
