****************************************
Report : timing
	-path_type full
	-delay_type max
	-max_paths 1
	-sort_by slack
Design : s1238
Version: L-2016.06-SP3-1
Date   : Wed Mar  1 18:51:54 2023
****************************************


  Startpoint: G6 (input port clocked by ideal_clock1)
  Endpoint: G530 (output port clocked by ideal_clock1)
  Path Group: ideal_clock1
  Path Type: max

  Point                                    Incr       Path
  ---------------------------------------------------------------
  clock ideal_clock1 (rise edge)           0.00       0.00
  clock network delay (ideal)              0.00       0.00
  input external delay                     2.00       2.00 r
  G6 (in)                                  0.00       2.00 r
  U662/Y (INVX0_RVT)                       0.07       2.07 f
  U469/Y (INVX0_RVT)                       0.09       2.16 r
  U452/Y (INVX0_RVT)                       0.17       2.33 f
  U409/Y (NAND3X0_RVT)                     0.18       2.51 r
  U813/Y (AND2X1_RVT)                      0.30       2.81 r
  U816/Y (AO22X1_RVT)                      0.07       2.89 r
  U556/Y (NAND3X0_RVT)                     0.12       3.00 f
  U818/Y (NAND2X0_RVT)                     0.18       3.19 r
  U392/Y (OAI22X1_RVT)                     0.13       3.32 f
  G530 (out)                               0.01       3.32 f
  data arrival time                                   3.32

  clock ideal_clock1 (rise edge)           2.00       2.00
  clock network delay (ideal)              0.00       2.00
  clock reconvergence pessimism            0.00       2.00
  clock uncertainty                       -0.05       1.95
  output external delay                   -2.00      -0.05
  data required time                                 -0.05
  ---------------------------------------------------------------
  data required time                                 -0.05
  data arrival time                                  -3.32
  ---------------------------------------------------------------
  slack (VIOLATED)                                   -3.37


1
