 
****************************************
Report : area
Design : s386
Version: M-2016.12-SP1
Date   : Mon Mar  6 16:00:42 2023
****************************************

Information: Updating design information... (UID-85)
Library(s) Used:

    saed32rvt_ss0p95v25c (File: /mnt/class_data/ecec574-w2019/PDKs/SAED32nm/lib/stdcell_rvt/db_ccs/saed32rvt_ss0p95v25c.db)

Number of ports:                           17
Number of nets:                            78
Number of cells:                           64
Number of combinational cells:             58
Number of sequential cells:                 6
Number of macros/black boxes:               0
Number of buf/inv:                          7
Number of references:                      20

Combinational area:                126.309569
Buf/Inv area:                        8.895040
Noncombinational area:              39.646465
Macro/Black Box area:                0.000000
Net Interconnect area:              19.265132

Total cell area:                   165.956034
Total area:                        185.221166
1
