 
****************************************
Report : power
        -analysis_effort low
Design : s386
Version: M-2016.12-SP1
Date   : Mon Mar  6 16:00:42 2023
****************************************


Library(s) Used:

    saed32rvt_ss0p95v25c (File: /mnt/class_data/ecec574-w2019/PDKs/SAED32nm/lib/stdcell_rvt/db_ccs/saed32rvt_ss0p95v25c.db)


Operating Conditions: ss0p95v25c   Library: saed32rvt_ss0p95v25c
Wire Load Model Mode: enclosed

Design        Wire Load Model            Library
------------------------------------------------
s386                   ForQA             saed32rvt_ss0p95v25c


Global Operating Voltage = 0.95 
Power-specific unit information :
    Voltage Units = 1V
    Capacitance Units = 1.000000ff
    Time Units = 1ns
    Dynamic Power Units = 1uW    (derived from V,C,T units)
    Leakage Power Units = 1pW


  Cell Internal Power  =   0.0000 uW    (0%)
  Net Switching Power  = 442.9518 nW  (100%)
                         ---------
Total Dynamic Power    = 442.9518 nW  (100%)

Cell Leakage Power     =   5.2310 uW


                 Internal         Switching           Leakage            Total
Power Group      Power            Power               Power              Power   (   %    )  Attrs
--------------------------------------------------------------------------------------------------
io_pad             0.0000            0.0000            0.0000            0.0000  (   0.00%)
memory             0.0000            0.0000            0.0000            0.0000  (   0.00%)
black_box          0.0000            0.0000            0.0000            0.0000  (   0.00%)
clock_network      0.0000            0.0000            0.0000            0.0000  (   0.00%)
register           0.0000            0.1995        8.4494e+05            1.0444  (  18.41%)
sequential         0.0000            0.0000            0.0000            0.0000  (   0.00%)
combinational      0.0000            0.2435        4.3860e+06            4.6295  (  81.59%)
--------------------------------------------------------------------------------------------------
Total              0.0000 uW         0.4430 uW     5.2310e+06 pW         5.6739 uW
1
