 
****************************************
Report : cell
Design : s386
Version: M-2016.12-SP1
Date   : Mon Mar  6 16:00:42 2023
****************************************

Attributes:
    b - black box (unknown)
    h - hierarchical
    n - noncombinational
    r - removable
    u - contains unmapped logic

Cell                      Reference       Library             Area  Attributes
--------------------------------------------------------------------------------
DFF_0/q_reg               DFFX1_RVT       saed32rvt_ss0p95v25c
                                                          6.607744  n
DFF_1/q_reg               DFFX1_RVT       saed32rvt_ss0p95v25c
                                                          6.607744  n
DFF_2/q_reg               DFFX1_RVT       saed32rvt_ss0p95v25c
                                                          6.607744  n
DFF_3/q_reg               DFFX1_RVT       saed32rvt_ss0p95v25c
                                                          6.607744  n
DFF_4/q_reg               DFFX1_RVT       saed32rvt_ss0p95v25c
                                                          6.607744  n
DFF_5/q_reg               DFFX1_RVT       saed32rvt_ss0p95v25c
                                                          6.607744  n
U68                       OAI21X1_RVT     saed32rvt_ss0p95v25c
                                                          3.049728  
U69                       OR2X1_RVT       saed32rvt_ss0p95v25c
                                                          2.033152  
U70                       INVX0_RVT       saed32rvt_ss0p95v25c
                                                          1.270720  
U71                       AO22X1_RVT      saed32rvt_ss0p95v25c
                                                          2.541440  
U72                       OA221X1_RVT     saed32rvt_ss0p95v25c
                                                          3.049728  
U73                       INVX0_RVT       saed32rvt_ss0p95v25c
                                                          1.270720  
U74                       INVX0_RVT       saed32rvt_ss0p95v25c
                                                          1.270720  
U75                       AND2X1_RVT      saed32rvt_ss0p95v25c
                                                          2.033152  
U76                       AND3X1_RVT      saed32rvt_ss0p95v25c
                                                          2.287296  
U77                       NAND2X0_RVT     saed32rvt_ss0p95v25c
                                                          1.524864  
U78                       INVX0_RVT       saed32rvt_ss0p95v25c
                                                          1.270720  
U79                       INVX0_RVT       saed32rvt_ss0p95v25c
                                                          1.270720  
U80                       INVX0_RVT       saed32rvt_ss0p95v25c
                                                          1.270720  
U81                       INVX0_RVT       saed32rvt_ss0p95v25c
                                                          1.270720  
U82                       NAND3X0_RVT     saed32rvt_ss0p95v25c
                                                          1.779008  
U83                       AND2X1_RVT      saed32rvt_ss0p95v25c
                                                          2.033152  
U84                       NAND4X0_RVT     saed32rvt_ss0p95v25c
                                                          2.033152  
U85                       AND3X1_RVT      saed32rvt_ss0p95v25c
                                                          2.287296  
U86                       AND2X1_RVT      saed32rvt_ss0p95v25c
                                                          2.033152  
U87                       NAND4X0_RVT     saed32rvt_ss0p95v25c
                                                          2.033152  
U88                       NAND3X0_RVT     saed32rvt_ss0p95v25c
                                                          1.779008  
U89                       NOR3X0_RVT      saed32rvt_ss0p95v25c
                                                          2.795584  
U90                       NOR2X0_RVT      saed32rvt_ss0p95v25c
                                                          2.541440  
U91                       AO21X1_RVT      saed32rvt_ss0p95v25c
                                                          2.541440  
U92                       AND4X1_RVT      saed32rvt_ss0p95v25c
                                                          2.541440  
U93                       NOR4X1_RVT      saed32rvt_ss0p95v25c
                                                          3.049728  
U94                       AND2X1_RVT      saed32rvt_ss0p95v25c
                                                          2.033152  
U95                       AND4X1_RVT      saed32rvt_ss0p95v25c
                                                          2.541440  
U96                       OA221X1_RVT     saed32rvt_ss0p95v25c
                                                          3.049728  
U97                       NAND2X0_RVT     saed32rvt_ss0p95v25c
                                                          1.524864  
U98                       OA221X1_RVT     saed32rvt_ss0p95v25c
                                                          3.049728  
U99                       NAND4X0_RVT     saed32rvt_ss0p95v25c
                                                          2.033152  
U100                      AO22X1_RVT      saed32rvt_ss0p95v25c
                                                          2.541440  
U101                      NAND3X0_RVT     saed32rvt_ss0p95v25c
                                                          1.779008  
U102                      NAND2X0_RVT     saed32rvt_ss0p95v25c
                                                          1.524864  
U103                      NAND3X0_RVT     saed32rvt_ss0p95v25c
                                                          1.779008  
U104                      NAND3X0_RVT     saed32rvt_ss0p95v25c
                                                          1.779008  
U105                      AO22X1_RVT      saed32rvt_ss0p95v25c
                                                          2.541440  
U106                      AO222X1_RVT     saed32rvt_ss0p95v25c
                                                          3.303872  
U107                      AND2X1_RVT      saed32rvt_ss0p95v25c
                                                          2.033152  
U108                      AO22X1_RVT      saed32rvt_ss0p95v25c
                                                          2.541440  
U109                      AO21X1_RVT      saed32rvt_ss0p95v25c
                                                          2.541440  
U110                      AOI221X1_RVT    saed32rvt_ss0p95v25c
                                                          3.558016  
U111                      AO22X1_RVT      saed32rvt_ss0p95v25c
                                                          2.541440  
U112                      AO22X1_RVT      saed32rvt_ss0p95v25c
                                                          2.541440  
U113                      NAND2X0_RVT     saed32rvt_ss0p95v25c
                                                          1.524864  
U114                      OR2X1_RVT       saed32rvt_ss0p95v25c
                                                          2.033152  
U115                      AO21X1_RVT      saed32rvt_ss0p95v25c
                                                          2.541440  
U116                      AND2X1_RVT      saed32rvt_ss0p95v25c
                                                          2.033152  
U117                      OR2X1_RVT       saed32rvt_ss0p95v25c
                                                          2.033152  
U118                      AO21X1_RVT      saed32rvt_ss0p95v25c
                                                          2.541440  
U119                      NAND3X0_RVT     saed32rvt_ss0p95v25c
                                                          1.779008  
U120                      AO221X1_RVT     saed32rvt_ss0p95v25c
                                                          3.049728  
U121                      NAND3X0_RVT     saed32rvt_ss0p95v25c
                                                          1.779008  
U122                      OA22X1_RVT      saed32rvt_ss0p95v25c
                                                          2.541440  
U123                      NAND2X0_RVT     saed32rvt_ss0p95v25c
                                                          1.524864  
U124                      AO221X1_RVT     saed32rvt_ss0p95v25c
                                                          3.049728  
U125                      NAND3X0_RVT     saed32rvt_ss0p95v25c
                                                          1.779008  
--------------------------------------------------------------------------------
Total 64 cells                                            165.956034
1
