 
****************************************
Report : area
Design : s35932
Version: M-2016.12-SP1
Date   : Wed Mar  1 10:41:07 2023
****************************************

Information: Updating design information... (UID-85)
Warning: Design 's35932' contains 1 high-fanout nets. A fanout number of 1000 will be used for delay calculations involving these nets. (TIM-134)
Library(s) Used:

    saed32rvt_ss0p95v25c (File: /mnt/class_data/ecec574-w2019/PDKs/SAED32nm/lib/stdcell_rvt/db_ccs/saed32rvt_ss0p95v25c.db)

Number of ports:                         5542
Number of nets:                         10950
Number of cells:                         7458
Number of combinational cells:           4002
Number of sequential cells:              1728
Number of macros/black boxes:               0
Number of buf/inv:                       1019
Number of references:                    1753

Combinational area:              11252.225710
Buf/Inv area:                     1587.383462
Noncombinational area:           11418.182007
Macro/Black Box area:                0.000000
Net Interconnect area:            4699.004791

Total cell area:                 22670.407717
Total area:                      27369.412508
1
