Warning: There are infeasible paths detected in your design that were ignored during optimization. Please run 'report_timing -attributes' and/or 'create_qor_snapshot/query_qor_snapshot -infeasible_paths' to identify these paths.  (OPT-1721)
 
****************************************
Report : timing
        -path full
        -delay max
        -max_paths 1
Design : s35932
Version: M-2016.12-SP1
Date   : Wed Mar  1 10:41:08 2023
****************************************

 # A fanout number of 1000 was used for high fanout net computations.

Operating Conditions: ss0p95v25c   Library: saed32rvt_ss0p95v25c
Wire Load Model Mode: enclosed

  Startpoint: TM1 (input port clocked by ideal_clock1)
  Endpoint: DATA_9_26 (output port clocked by ideal_clock1)
  Path Group: ideal_clock1
  Path Type: max

  Des/Clust/Port     Wire Load Model       Library
  ------------------------------------------------
  s35932             35000                 saed32rvt_ss0p95v25c

  Point                                    Incr       Path
  -----------------------------------------------------------
  clock ideal_clock1 (rise edge)           0.00       0.00
  clock network delay (ideal)              0.00       0.00
  input external delay                     2.00       2.00 f
  TM1 (in)                                 0.00       2.00 f
  U5688/Y (INVX0_RVT)                      0.07       2.07 r
  U3313/Y (NBUFFX2_RVT)                    0.10       2.16 r
  U5084/Y (NBUFFX2_RVT)                    0.10       2.26 r
  U3409/Y (INVX0_RVT)                      0.08       2.34 f
  U3406/Y (NBUFFX2_RVT)                    0.18       2.52 f
  U3529/Y (XOR3X2_RVT)                     0.25       2.77 f
  DATA_9_26 (out)                          0.01       2.77 f
  data arrival time                                   2.77

  clock ideal_clock1 (rise edge)           2.00       2.00
  clock network delay (ideal)              0.00       2.00
  clock uncertainty                       -0.05       1.95
  output external delay                   -2.00      -0.05
  data required time                                 -0.05
  -----------------------------------------------------------
  data required time                                 -0.05
  data arrival time                                  -2.77
  -----------------------------------------------------------
  slack (VIOLATED)                                   -2.82


1
