 
****************************************
Report : area
Design : s1238
Version: M-2016.12-SP1
Date   : Mon Mar  6 15:57:10 2023
****************************************

Information: Updating design information... (UID-85)
Library(s) Used:

    saed32rvt_ss0p95v25c (File: /mnt/class_data/ecec574-w2019/PDKs/SAED32nm/lib/stdcell_rvt/db_ccs/saed32rvt_ss0p95v25c.db)

Number of ports:                           31
Number of nets:                           388
Number of cells:                          371
Number of combinational cells:            350
Number of sequential cells:                21
Number of macros/black boxes:               0
Number of buf/inv:                         72
Number of references:                      36

Combinational area:                707.791047
Buf/Inv area:                      108.265347
Noncombinational area:             119.447684
Macro/Black Box area:                0.000000
Net Interconnect area:             180.268671

Total cell area:                   827.238731
Total area:                       1007.507402
1
