 
****************************************
Report : power
        -analysis_effort low
Design : s1238
Version: M-2016.12-SP1
Date   : Mon Mar  6 15:57:10 2023
****************************************


Library(s) Used:

    saed32rvt_ss0p95v25c (File: /mnt/class_data/ecec574-w2019/PDKs/SAED32nm/lib/stdcell_rvt/db_ccs/saed32rvt_ss0p95v25c.db)


Operating Conditions: ss0p95v25c   Library: saed32rvt_ss0p95v25c
Wire Load Model Mode: enclosed

Design        Wire Load Model            Library
------------------------------------------------
s1238                  8000              saed32rvt_ss0p95v25c


Global Operating Voltage = 0.95 
Power-specific unit information :
    Voltage Units = 1V
    Capacitance Units = 1.000000ff
    Time Units = 1ns
    Dynamic Power Units = 1uW    (derived from V,C,T units)
    Leakage Power Units = 1pW


  Cell Internal Power  =   0.0000 uW    (0%)
  Net Switching Power  =   1.4939 uW  (100%)
                         ---------
Total Dynamic Power    =   1.4939 uW  (100%)

Cell Leakage Power     =  27.9986 uW


                 Internal         Switching           Leakage            Total
Power Group      Power            Power               Power              Power   (   %    )  Attrs
--------------------------------------------------------------------------------------------------
io_pad             0.0000            0.0000            0.0000            0.0000  (   0.00%)
memory             0.0000            0.0000            0.0000            0.0000  (   0.00%)
black_box          0.0000            0.0000            0.0000            0.0000  (   0.00%)
clock_network      0.0000            0.0000            0.0000            0.0000  (   0.00%)
register           0.0000        7.5241e-02        2.5705e+06            2.6457  (   8.97%)
sequential         0.0000            0.0000            0.0000            0.0000  (   0.00%)
combinational      0.0000            1.4186        2.5428e+07           26.8468  (  91.03%)
--------------------------------------------------------------------------------------------------
Total              0.0000 uW         1.4939 uW     2.7999e+07 pW        29.4925 uW
1
