 
****************************************
Report : timing
        -path full
        -delay max
        -max_paths 1
Design : s1238
Version: M-2016.12-SP1
Date   : Mon Mar  6 15:57:10 2023
****************************************

Operating Conditions: ss0p95v25c   Library: saed32rvt_ss0p95v25c
Wire Load Model Mode: enclosed

  Startpoint: G11 (input port clocked by ideal_clock1)
  Endpoint: G551 (output port clocked by ideal_clock1)
  Path Group: ideal_clock1
  Path Type: max

  Des/Clust/Port     Wire Load Model       Library
  ------------------------------------------------
  s1238              8000                  saed32rvt_ss0p95v25c

  Point                                    Incr       Path
  -----------------------------------------------------------
  clock ideal_clock1 (rise edge)           0.00       0.00
  clock network delay (ideal)              0.00       0.00
  input external delay                     2.00       2.00 r
  G11 (in)                                 0.00       2.00 r
  U411/Y (NBUFFX2_RVT)                     0.20       2.20 r
  U489/Y (AND2X1_RVT)                      4.37       6.57 r
  U445/Y (AND2X1_RVT)                      0.06       6.63 r
  U488/Y (NAND2X0_RVT)                     0.04       6.67 f
  U513/Y (AND2X1_RVT)                      0.07       6.74 f
  U487/Y (AND3X1_RVT)                      0.12       6.86 f
  U558/Y (NAND2X0_RVT)                     0.12       6.99 r
  U324/Y (INVX1_RVT)                       0.50       7.49 f
  U469/Y (NBUFFX2_RVT)                     0.11       7.60 f
  U470/Y (NBUFFX2_RVT)                     0.10       7.70 f
  U621/Y (NAND3X0_RVT)                     0.17       7.87 r
  U623/Y (NAND4X0_RVT)                     0.07       7.94 f
  G551 (out)                               0.01       7.95 f
  data arrival time                                   7.95

  clock ideal_clock1 (rise edge)          10.00      10.00
  clock network delay (ideal)              0.00      10.00
  clock uncertainty                       -0.05       9.95
  output external delay                   -2.00       7.95
  data required time                                  7.95
  -----------------------------------------------------------
  data required time                                  7.95
  data arrival time                                  -7.95
  -----------------------------------------------------------
  slack (MET)                                         0.00


1
