 
****************************************
Report : area
Design : s1238
Version: M-2016.12-SP1
Date   : Wed Mar  1 10:35:14 2023
****************************************

Information: Updating design information... (UID-85)
Library(s) Used:

    saed32rvt_ss0p95v25c (File: /mnt/class_data/ecec574-w2019/PDKs/SAED32nm/lib/stdcell_rvt/db_ccs/saed32rvt_ss0p95v25c.db)

Number of ports:                           85
Number of nets:                           724
Number of cells:                          673
Number of combinational cells:            637
Number of sequential cells:                18
Number of macros/black boxes:               0
Number of buf/inv:                        295
Number of references:                      63

Combinational area:               1236.664718
Buf/Inv area:                      472.707854
Noncombinational area:             118.939396
Macro/Black Box area:                0.000000
Net Interconnect area:             223.832873

Total cell area:                  1355.604114
Total area:                       1579.436987
1
